<?xml version="1.0" encoding="UTF-8"?>
<coverage generated="1769457148777" clover="3.2.0">
  <project timestamp="1769457148777" name="All files">
    <metrics statements="14531" coveredstatements="3180" conditionals="7736" coveredconditionals="285" methods="2035" coveredmethods="130" elements="24302" coveredelements="3595" complexity="0" loc="14531" ncloc="14531" packages="5" files="31" classes="31"/>
    <package name="src">
      <metrics statements="1906" coveredstatements="217" conditionals="860" coveredconditionals="71" methods="407" coveredmethods="23"/>
      <file name="error.ts" path="/Users/goncalomargalho/clawd/eufy-security-client/src/error.ts">
        <metrics statements="88" coveredstatements="33" conditionals="21" coveredconditionals="2" methods="21" coveredmethods="3"/>
        <line num="18" count="3" type="stmt"/>
        <line num="22" count="13" type="stmt"/>
        <line num="24" count="13" type="stmt"/>
        <line num="25" count="13" type="stmt"/>
        <line num="27" count="13" type="stmt"/>
        <line num="37" count="3" type="stmt"/>
        <line num="38" count="3" type="cond" truecount="1" falsecount="0"/>
        <line num="39" count="1" type="stmt"/>
        <line num="40" count="1" type="stmt"/>
        <line num="41" count="1" type="stmt"/>
        <line num="43" count="0" type="stmt"/>
        <line num="46" count="1" type="stmt"/>
        <line num="49" count="3" type="stmt"/>
        <line num="51" count="0" type="stmt"/>
        <line num="52" count="0" type="stmt"/>
        <line num="53" count="0" type="stmt"/>
        <line num="57" count="3" type="stmt"/>
        <line num="59" count="0" type="stmt"/>
        <line num="60" count="0" type="stmt"/>
        <line num="61" count="0" type="stmt"/>
        <line num="65" count="3" type="stmt"/>
        <line num="67" count="0" type="stmt"/>
        <line num="68" count="0" type="stmt"/>
        <line num="69" count="0" type="stmt"/>
        <line num="73" count="3" type="stmt"/>
        <line num="75" count="0" type="stmt"/>
        <line num="76" count="0" type="stmt"/>
        <line num="77" count="0" type="stmt"/>
        <line num="81" count="3" type="stmt"/>
        <line num="83" count="0" type="stmt"/>
        <line num="84" count="0" type="stmt"/>
        <line num="85" count="0" type="stmt"/>
        <line num="89" count="3" type="stmt"/>
        <line num="91" count="0" type="stmt"/>
        <line num="92" count="0" type="stmt"/>
        <line num="93" count="0" type="stmt"/>
        <line num="97" count="3" type="stmt"/>
        <line num="99" count="0" type="stmt"/>
        <line num="100" count="0" type="stmt"/>
        <line num="101" count="0" type="stmt"/>
        <line num="105" count="3" type="stmt"/>
        <line num="107" count="7" type="stmt"/>
        <line num="108" count="7" type="stmt"/>
        <line num="109" count="7" type="stmt"/>
        <line num="113" count="3" type="stmt"/>
        <line num="115" count="0" type="stmt"/>
        <line num="116" count="0" type="stmt"/>
        <line num="117" count="0" type="stmt"/>
        <line num="121" count="3" type="stmt"/>
        <line num="123" count="0" type="stmt"/>
        <line num="124" count="0" type="stmt"/>
        <line num="125" count="0" type="stmt"/>
        <line num="129" count="3" type="stmt"/>
        <line num="131" count="0" type="stmt"/>
        <line num="132" count="0" type="stmt"/>
        <line num="133" count="0" type="stmt"/>
        <line num="137" count="3" type="stmt"/>
        <line num="139" count="0" type="stmt"/>
        <line num="140" count="0" type="stmt"/>
        <line num="141" count="0" type="stmt"/>
        <line num="145" count="3" type="stmt"/>
        <line num="147" count="0" type="stmt"/>
        <line num="148" count="0" type="stmt"/>
        <line num="149" count="0" type="stmt"/>
        <line num="153" count="3" type="stmt"/>
        <line num="155" count="0" type="stmt"/>
        <line num="156" count="0" type="stmt"/>
        <line num="157" count="0" type="stmt"/>
        <line num="161" count="3" type="stmt"/>
        <line num="163" count="0" type="stmt"/>
        <line num="164" count="0" type="stmt"/>
        <line num="165" count="0" type="stmt"/>
        <line num="169" count="3" type="stmt"/>
        <line num="171" count="0" type="stmt"/>
        <line num="172" count="0" type="stmt"/>
        <line num="173" count="0" type="stmt"/>
        <line num="177" count="3" type="stmt"/>
        <line num="179" count="0" type="stmt"/>
        <line num="180" count="0" type="stmt"/>
        <line num="181" count="0" type="stmt"/>
        <line num="185" count="3" type="stmt"/>
        <line num="187" count="0" type="stmt"/>
        <line num="188" count="0" type="stmt"/>
        <line num="189" count="0" type="stmt"/>
        <line num="193" count="3" type="stmt"/>
        <line num="195" count="0" type="stmt"/>
        <line num="196" count="0" type="stmt"/>
        <line num="197" count="0" type="stmt"/>
      </file>
      <file name="eufysecurity.ts" path="/Users/goncalomargalho/clawd/eufy-security-client/src/eufysecurity.ts">
        <metrics statements="1604" coveredstatements="22" conditionals="715" coveredconditionals="0" methods="355" coveredmethods="0"/>
        <line num="1" count="1" type="stmt"/>
        <line num="2" count="1" type="stmt"/>
        <line num="3" count="1" type="stmt"/>
        <line num="5" count="1" type="stmt"/>
        <line num="8" count="1" type="stmt"/>
        <line num="22" count="1" type="stmt"/>
        <line num="24" count="1" type="stmt"/>
        <line num="38" count="1" type="stmt"/>
        <line num="40" count="1" type="stmt"/>
        <line num="61" count="1" type="stmt"/>
        <line num="83" count="1" type="stmt"/>
        <line num="94" count="1" type="stmt"/>
        <line num="106" count="1" type="stmt"/>
        <line num="107" count="1" type="stmt"/>
        <line num="108" count="1" type="stmt"/>
        <line num="109" count="1" type="stmt"/>
        <line num="111" count="1" type="stmt"/>
        <line num="112" count="1" type="stmt"/>
        <line num="113" count="1" type="stmt"/>
        <line num="122" count="1" type="stmt"/>
        <line num="123" count="1" type="stmt"/>
        <line num="125" count="1" type="stmt"/>
        <line num="130" count="0" type="stmt"/>
        <line num="131" count="0" type="stmt"/>
        <line num="132" count="0" type="stmt"/>
        <line num="134" count="0" type="stmt"/>
        <line num="136" count="0" type="stmt"/>
        <line num="137" count="0" type="stmt"/>
        <line num="141" count="0" type="stmt"/>
        <line num="142" count="0" type="stmt"/>
        <line num="144" count="0" type="stmt"/>
        <line num="154" count="0" type="stmt"/>
        <line num="155" count="0" type="stmt"/>
        <line num="160" count="0" type="stmt"/>
        <line num="163" count="0" type="stmt"/>
        <line num="165" count="0" type="stmt"/>
        <line num="166" count="0" type="stmt"/>
        <line num="167" count="0" type="stmt"/>
        <line num="170" count="0" type="stmt"/>
        <line num="172" count="0" type="stmt"/>
        <line num="173" count="0" type="stmt"/>
        <line num="177" count="0" type="stmt"/>
        <line num="178" count="0" type="stmt"/>
        <line num="179" count="0" type="stmt"/>
        <line num="183" count="0" type="cond" truecount="0" falsecount="1"/>
        <line num="184" count="0" type="cond" truecount="0" falsecount="1"/>
        <line num="189" count="0" type="stmt"/>
        <line num="190" count="0" type="cond" truecount="0" falsecount="3"/>
        <line num="191" count="0" type="stmt"/>
        <line num="192" count="0" type="cond" truecount="0" falsecount="1"/>
        <line num="201" count="0" type="stmt"/>
        <line num="207" count="0" type="cond" truecount="0" falsecount="2"/>
        <line num="208" count="0" type="stmt"/>
        <line num="210" count="0" type="stmt"/>
        <line num="212" count="0" type="cond" truecount="0" falsecount="1"/>
        <line num="213" count="0" type="stmt"/>
        <line num="215" count="0" type="cond" truecount="0" falsecount="1"/>
        <line num="216" count="0" type="stmt"/>
        <line num="218" count="0" type="cond" truecount="0" falsecount="2"/>
        <line num="219" count="0" type="stmt"/>
        <line num="220" count="0" type="cond" truecount="0" falsecount="1"/>
        <line num="221" count="0" type="stmt"/>
        <line num="223" count="0" type="cond" truecount="0" falsecount="1"/>
        <line num="224" count="0" type="stmt"/>
        <line num="226" count="0" type="cond" truecount="0" falsecount="1"/>
        <line num="227" count="0" type="stmt"/>
        <line num="229" count="0" type="cond" truecount="0" falsecount="1"/>
        <line num="230" count="0" type="stmt"/>
        <line num="232" count="0" type="cond" truecount="0" falsecount="1"/>
        <line num="233" count="0" type="stmt"/>
        <line num="237" count="0" type="cond" truecount="0" falsecount="2"/>
        <line num="238" count="0" type="stmt"/>
        <line num="239" count="0" type="cond" truecount="0" falsecount="1"/>
        <line num="240" count="0" type="stmt"/>
        <line num="243" count="0" type="cond" truecount="0" falsecount="2"/>
        <line num="244" count="0" type="stmt"/>
        <line num="246" count="0" type="stmt"/>
        <line num="249" count="0" type="stmt"/>
        <line num="250" count="0" type="cond" truecount="0" falsecount="3"/>
        <line num="251" count="0" type="stmt"/>
        <line num="252" count="0" type="stmt"/>
        <line num="255" count="0" type="stmt"/>
        <line num="256" count="0" type="stmt"/>
        <line num="259" count="0" type="stmt"/>
        <line num="260" count="0" type="stmt"/>
        <line num="261" count="0" type="cond" truecount="0" falsecount="1"/>
        <line num="262" count="0" type="stmt"/>
        <line num="264" count="0" type="cond" truecount="0" falsecount="4"/>
        <line num="267" count="0" type="stmt"/>
        <line num="272" count="0" type="cond" truecount="0" falsecount="1"/>
        <line num="273" count="0" type="stmt"/>
        <line num="274" count="0" type="stmt"/>
        <line num="278" count="0" type="stmt"/>
        <line num="279" count="0" type="stmt"/>
        <line num="282" count="0" type="cond" truecount="0" falsecount="3"/>
        <line num="283" count="0" type="cond" truecount="0" falsecount="2"/>
        <line num="284" count="0" type="stmt"/>
        <line num="286" count="0" type="stmt"/>
        <line num="287" count="0" type="stmt"/>
        <line num="288" count="0" type="stmt"/>
        <line num="292" count="0" type="cond" truecount="0" falsecount="4"/>
        <line num="293" count="0" type="stmt"/>
        <line num="294" count="0" type="cond" truecount="0" falsecount="1"/>
        <line num="295" count="0" type="stmt"/>
        <line num="296" count="0" type="stmt"/>
        <line num="297" count="0" type="stmt"/>
        <line num="298" count="0" type="stmt"/>
        <line num="301" count="0" type="stmt"/>
        <line num="302" count="0" type="stmt"/>
        <line num="303" count="0" type="stmt"/>
        <line num="305" count="0" type="cond" truecount="0" falsecount="1"/>
        <line num="310" count="0" type="stmt"/>
        <line num="311" count="0" type="stmt"/>
        <line num="312" count="0" type="stmt"/>
        <line num="313" count="0" type="stmt"/>
        <line num="315" count="0" type="cond" truecount="0" falsecount="1"/>
        <line num="322" count="0" type="stmt"/>
        <line num="325" count="0" type="stmt"/>
        <line num="326" count="0" type="stmt"/>
        <line num="327" count="0" type="stmt"/>
        <line num="330" count="0" type="stmt"/>
        <line num="336" count="0" type="stmt"/>
        <line num="337" count="0" type="stmt"/>
        <line num="339" count="0" type="stmt"/>
        <line num="340" count="0" type="stmt"/>
        <line num="341" count="0" type="stmt"/>
        <line num="342" count="0" type="stmt"/>
        <line num="343" count="0" type="stmt"/>
        <line num="344" count="0" type="stmt"/>
        <line num="345" count="0" type="stmt"/>
        <line num="346" count="0" type="stmt"/>
        <line num="347" count="0" type="stmt"/>
        <line num="349" count="0" type="cond" truecount="0" falsecount="1"/>
        <line num="354" count="0" type="stmt"/>
        <line num="359" count="0" type="stmt"/>
        <line num="360" count="0" type="stmt"/>
        <line num="362" count="0" type="cond" truecount="0" falsecount="3"/>
        <line num="363" count="0" type="stmt"/>
        <line num="364" count="0" type="stmt"/>
        <line num="366" count="0" type="stmt"/>
        <line num="367" count="0" type="cond" truecount="0" falsecount="3"/>
        <line num="368" count="0" type="stmt"/>
        <line num="369" count="0" type="stmt"/>
        <line num="371" count="0" type="stmt"/>
        <line num="373" count="0" type="stmt"/>
        <line num="374" count="0" type="stmt"/>
        <line num="375" count="0" type="stmt"/>
        <line num="376" count="0" type="stmt"/>
        <line num="379" count="0" type="cond" truecount="0" falsecount="4"/>
        <line num="380" count="0" type="stmt"/>
        <line num="381" count="0" type="stmt"/>
        <line num="383" count="0" type="stmt"/>
        <line num="384" count="0" type="stmt"/>
        <line num="387" count="0" type="stmt"/>
        <line num="388" count="0" type="stmt"/>
        <line num="390" count="0" type="stmt"/>
        <line num="391" count="0" type="stmt"/>
        <line num="392" count="0" type="stmt"/>
        <line num="393" count="0" type="stmt"/>
        <line num="396" count="0" type="stmt"/>
        <line num="400" count="0" type="stmt"/>
        <line num="401" count="0" type="stmt"/>
        <line num="402" count="0" type="stmt"/>
        <line num="403" count="0" type="stmt"/>
        <line num="405" count="0" type="stmt"/>
        <line num="406" count="0" type="stmt"/>
        <line num="407" count="0" type="stmt"/>
        <line num="409" count="0" type="stmt"/>
        <line num="410" count="0" type="stmt"/>
        <line num="412" count="0" type="stmt"/>
        <line num="415" count="0" type="stmt"/>
        <line num="416" count="0" type="cond" truecount="0" falsecount="1"/>
        <line num="417" count="0" type="stmt"/>
        <line num="421" count="0" type="stmt"/>
        <line num="427" count="0" type="cond" truecount="0" falsecount="1"/>
        <line num="433" count="0" type="stmt"/>
        <line num="438" count="0" type="cond" truecount="0" falsecount="1"/>
        <line num="442" count="0" type="stmt"/>
        <line num="444" count="0" type="stmt"/>
        <line num="448" count="0" type="stmt"/>
        <line num="452" count="0" type="stmt"/>
        <line num="456" count="0" type="stmt"/>
        <line num="460" count="0" type="stmt"/>
        <line num="461" count="0" type="cond" truecount="0" falsecount="4"/>
        <line num="462" count="0" type="stmt"/>
        <line num="463" count="0" type="stmt"/>
        <line num="465" count="0" type="stmt"/>
        <line num="472" count="0" type="stmt"/>
        <line num="473" count="0" type="cond" truecount="0" falsecount="4"/>
        <line num="474" count="0" type="stmt"/>
        <line num="475" count="0" type="stmt"/>
        <line num="476" count="0" type="cond" truecount="0" falsecount="1"/>
        <line num="477" count="0" type="stmt"/>
        <line num="479" count="0" type="stmt"/>
        <line num="486" count="0" type="cond" truecount="0" falsecount="1"/>
        <line num="487" count="0" type="cond" truecount="0" falsecount="2"/>
        <line num="488" count="0" type="stmt"/>
        <line num="489" count="0" type="cond" truecount="0" falsecount="1"/>
        <line num="494" count="0" type="stmt"/>
        <line num="495" count="0" type="stmt"/>
        <line num="499" count="0" type="stmt"/>
        <line num="502" count="0" type="stmt"/>
        <line num="507" count="0" type="stmt"/>
        <line num="508" count="0" type="cond" truecount="0" falsecount="4"/>
        <line num="509" count="0" type="stmt"/>
        <line num="510" count="0" type="stmt"/>
        <line num="512" count="0" type="cond" truecount="0" falsecount="1"/>
        <line num="514" count="0" type="stmt"/>
        <line num="521" count="0" type="stmt"/>
        <line num="522" count="0" type="cond" truecount="0" falsecount="4"/>
        <line num="523" count="0" type="stmt"/>
        <line num="524" count="0" type="stmt"/>
        <line num="525" count="0" type="stmt"/>
        <line num="527" count="0" type="stmt"/>
        <line num="534" count="0" type="cond" truecount="0" falsecount="1"/>
        <line num="535" count="0" type="cond" truecount="0" falsecount="2"/>
        <line num="537" count="0" type="stmt"/>
        <line num="541" count="0" type="cond" truecount="0" falsecount="1"/>
        <line num="542" count="0" type="stmt"/>
        <line num="543" count="0" type="stmt"/>
        <line num="544" count="0" type="stmt"/>
        <line num="546" count="0" type="stmt"/>
        <line num="550" count="0" type="cond" truecount="0" falsecount="1"/>
        <line num="551" count="0" type="stmt"/>
        <line num="552" count="0" type="stmt"/>
        <line num="553" count="0" type="cond" truecount="0" falsecount="1"/>
        <line num="555" count="0" type="stmt"/>
        <line num="559" count="0" type="cond" truecount="0" falsecount="1"/>
        <line num="560" count="0" type="cond" truecount="0" falsecount="1"/>
        <line num="561" count="0" type="stmt"/>
        <line num="565" count="0" type="cond" truecount="0" falsecount="1"/>
        <line num="566" count="0" type="stmt"/>
        <line num="567" count="0" type="cond" truecount="0" falsecount="1"/>
        <line num="571" count="0" type="stmt"/>
        <line num="574" count="0" type="stmt"/>
        <line num="580" count="0" type="cond" truecount="0" falsecount="1"/>
        <line num="581" count="0" type="stmt"/>
        <line num="582" count="0" type="stmt"/>
        <line num="583" count="0" type="stmt"/>
        <line num="585" count="0" type="stmt"/>
        <line num="589" count="0" type="cond" truecount="0" falsecount="1"/>
        <line num="590" count="0" type="cond" truecount="0" falsecount="1"/>
        <line num="591" count="0" type="stmt"/>
        <line num="595" count="0" type="stmt"/>
        <line num="602" count="0" type="stmt"/>
        <line num="603" count="0" type="cond" truecount="0" falsecount="1"/>
        <line num="604" count="0" type="stmt"/>
        <line num="605" count="0" type="stmt"/>
        <line num="608" count="0" type="stmt"/>
        <line num="613" count="0" type="stmt"/>
        <line num="614" count="0" type="stmt"/>
        <line num="618" count="0" type="stmt"/>
        <line num="619" count="0" type="stmt"/>
        <line num="623" count="0" type="stmt"/>
        <line num="625" count="0" type="stmt"/>
        <line num="629" count="0" type="stmt"/>
        <line num="630" count="0" type="stmt"/>
        <line num="631" count="0" type="stmt"/>
        <line num="632" count="0" type="stmt"/>
        <line num="633" count="0" type="stmt"/>
        <line num="634" count="0" type="cond" truecount="0" falsecount="2"/>
        <line num="635" count="0" type="stmt"/>
        <line num="637" count="0" type="cond" truecount="0" falsecount="1"/>
        <line num="638" count="0" type="stmt"/>
        <line num="640" count="0" type="cond" truecount="0" falsecount="1"/>
        <line num="641" count="0" type="stmt"/>
        <line num="643" count="0" type="stmt"/>
        <line num="650" count="0" type="stmt"/>
        <line num="652" count="0" type="stmt"/>
        <line num="653" count="0" type="stmt"/>
        <line num="654" count="0" type="stmt"/>
        <line num="655" count="0" type="stmt"/>
        <line num="657" count="0" type="stmt"/>
        <line num="658" count="0" type="stmt"/>
        <line num="659" count="0" type="stmt"/>
        <line num="661" count="0" type="stmt"/>
        <line num="669" count="0" type="stmt"/>
        <line num="671" count="0" type="stmt"/>
        <line num="672" count="0" type="stmt"/>
        <line num="674" count="0" type="stmt"/>
        <line num="675" count="0" type="stmt"/>
        <line num="677" count="0" type="stmt"/>
        <line num="685" count="0" type="stmt"/>
        <line num="687" count="0" type="stmt"/>
        <line num="688" count="0" type="stmt"/>
        <line num="690" count="0" type="stmt"/>
        <line num="691" count="0" type="stmt"/>
        <line num="693" count="0" type="stmt"/>
        <line num="694" count="0" type="stmt"/>
        <line num="696" count="0" type="stmt"/>
        <line num="697" count="0" type="stmt"/>
        <line num="699" count="0" type="stmt"/>
        <line num="700" count="0" type="stmt"/>
        <line num="702" count="0" type="stmt"/>
        <line num="703" count="0" type="stmt"/>
        <line num="705" count="0" type="stmt"/>
        <line num="706" count="0" type="stmt"/>
        <line num="708" count="0" type="stmt"/>
        <line num="711" count="0" type="stmt"/>
        <line num="713" count="0" type="stmt"/>
        <line num="714" count="0" type="stmt"/>
        <line num="716" count="0" type="stmt"/>
        <line num="717" count="0" type="stmt"/>
        <line num="719" count="0" type="stmt"/>
        <line num="722" count="0" type="stmt"/>
        <line num="724" count="0" type="stmt"/>
        <line num="727" count="0" type="stmt"/>
        <line num="729" count="0" type="stmt"/>
        <line num="730" count="0" type="stmt"/>
        <line num="732" count="0" type="stmt"/>
        <line num="735" count="0" type="stmt"/>
        <line num="737" count="0" type="stmt"/>
        <line num="740" count="0" type="stmt"/>
        <line num="742" count="0" type="stmt"/>
        <line num="745" count="0" type="stmt"/>
        <line num="747" count="0" type="stmt"/>
        <line num="748" count="0" type="stmt"/>
        <line num="750" count="0" type="stmt"/>
        <line num="751" count="0" type="stmt"/>
        <line num="753" count="0" type="stmt"/>
        <line num="754" count="0" type="stmt"/>
        <line num="756" count="0" type="stmt"/>
        <line num="757" count="0" type="stmt"/>
        <line num="759" count="0" type="stmt"/>
        <line num="760" count="0" type="stmt"/>
        <line num="762" count="0" type="stmt"/>
        <line num="763" count="0" type="stmt"/>
        <line num="765" count="0" type="stmt"/>
        <line num="766" count="0" type="stmt"/>
        <line num="768" count="0" type="stmt"/>
        <line num="769" count="0" type="stmt"/>
        <line num="770" count="0" type="stmt"/>
        <line num="772" count="0" type="stmt"/>
        <line num="773" count="0" type="stmt"/>
        <line num="775" count="0" type="stmt"/>
        <line num="776" count="0" type="stmt"/>
        <line num="778" count="0" type="stmt"/>
        <line num="785" count="0" type="stmt"/>
        <line num="787" count="0" type="stmt"/>
        <line num="788" count="0" type="stmt"/>
        <line num="790" count="0" type="stmt"/>
        <line num="796" count="0" type="stmt"/>
        <line num="798" count="0" type="stmt"/>
        <line num="801" count="0" type="stmt"/>
        <line num="803" count="0" type="stmt"/>
        <line num="806" count="0" type="stmt"/>
        <line num="808" count="0" type="stmt"/>
        <line num="811" count="0" type="stmt"/>
        <line num="813" count="0" type="stmt"/>
        <line num="814" count="0" type="stmt"/>
        <line num="816" count="0" type="stmt"/>
        <line num="819" count="0" type="stmt"/>
        <line num="821" count="0" type="stmt"/>
        <line num="824" count="0" type="stmt"/>
        <line num="826" count="0" type="stmt"/>
        <line num="827" count="0" type="stmt"/>
        <line num="829" count="0" type="stmt"/>
        <line num="830" count="0" type="stmt"/>
        <line num="835" count="0" type="stmt"/>
        <line num="840" count="0" type="stmt"/>
        <line num="841" count="0" type="stmt"/>
        <line num="842" count="0" type="stmt"/>
        <line num="844" count="0" type="cond" truecount="0" falsecount="1"/>
        <line num="845" count="0" type="stmt"/>
        <line num="846" count="0" type="stmt"/>
        <line num="848" count="0" type="stmt"/>
        <line num="849" count="0" type="cond" truecount="0" falsecount="1"/>
        <line num="850" count="0" type="stmt"/>
        <line num="852" count="0" type="stmt"/>
        <line num="855" count="0" type="stmt"/>
        <line num="856" count="0" type="stmt"/>
        <line num="866" count="0" type="cond" truecount="0" falsecount="1"/>
        <line num="871" count="0" type="stmt"/>
        <line num="873" count="0" type="cond" truecount="0" falsecount="1"/>
        <line num="874" count="0" type="stmt"/>
        <line num="875" count="0" type="stmt"/>
        <line num="877" count="0" type="cond" truecount="0" falsecount="1"/>
        <line num="882" count="0" type="stmt"/>
        <line num="887" count="0" type="stmt"/>
        <line num="888" count="0" type="stmt"/>
        <line num="889" count="0" type="cond" truecount="0" falsecount="1"/>
        <line num="890" count="0" type="stmt"/>
        <line num="891" count="0" type="stmt"/>
        <line num="893" count="0" type="stmt"/>
        <line num="895" count="0" type="stmt"/>
        <line num="902" count="0" type="stmt"/>
        <line num="906" count="0" type="stmt"/>
        <line num="907" count="0" type="stmt"/>
        <line num="908" count="0" type="stmt"/>
        <line num="910" count="0" type="cond" truecount="0" falsecount="3"/>
        <line num="911" count="0" type="stmt"/>
        <line num="912" count="0" type="stmt"/>
        <line num="916" count="0" type="stmt"/>
        <line num="917" count="0" type="stmt"/>
        <line num="926" count="0" type="stmt"/>
        <line num="927" count="0" type="stmt"/>
        <line num="928" count="0" type="stmt"/>
        <line num="929" count="0" type="stmt"/>
        <line num="930" count="0" type="stmt"/>
        <line num="932" count="0" type="stmt"/>
        <line num="933" count="0" type="cond" truecount="0" falsecount="2"/>
        <line num="934" count="0" type="stmt"/>
        <line num="936" count="0" type="cond" truecount="0" falsecount="1"/>
        <line num="937" count="0" type="stmt"/>
        <line num="940" count="0" type="cond" truecount="0" falsecount="2"/>
        <line num="941" count="0" type="stmt"/>
        <line num="942" count="0" type="cond" truecount="0" falsecount="2"/>
        <line num="943" count="0" type="stmt"/>
        <line num="944" count="0" type="cond" truecount="0" falsecount="2"/>
        <line num="945" count="0" type="stmt"/>
        <line num="946" count="0" type="cond" truecount="0" falsecount="2"/>
        <line num="947" count="0" type="stmt"/>
        <line num="948" count="0" type="cond" truecount="0" falsecount="2"/>
        <line num="952" count="0" type="stmt"/>
        <line num="953" count="0" type="cond" truecount="0" falsecount="2"/>
        <line num="954" count="0" type="stmt"/>
        <line num="955" count="0" type="cond" truecount="0" falsecount="2"/>
        <line num="956" count="0" type="stmt"/>
        <line num="957" count="0" type="cond" truecount="0" falsecount="2"/>
        <line num="958" count="0" type="stmt"/>
        <line num="959" count="0" type="cond" truecount="0" falsecount="2"/>
        <line num="960" count="0" type="stmt"/>
        <line num="961" count="0" type="cond" truecount="0" falsecount="2"/>
        <line num="962" count="0" type="stmt"/>
        <line num="963" count="0" type="cond" truecount="0" falsecount="2"/>
        <line num="964" count="0" type="stmt"/>
        <line num="965" count="0" type="cond" truecount="0" falsecount="2"/>
        <line num="966" count="0" type="stmt"/>
        <line num="967" count="0" type="cond" truecount="0" falsecount="2"/>
        <line num="968" count="0" type="stmt"/>
        <line num="969" count="0" type="cond" truecount="0" falsecount="2"/>
        <line num="970" count="0" type="stmt"/>
        <line num="971" count="0" type="cond" truecount="0" falsecount="2"/>
        <line num="972" count="0" type="stmt"/>
        <line num="973" count="0" type="cond" truecount="0" falsecount="2"/>
        <line num="974" count="0" type="stmt"/>
        <line num="975" count="0" type="cond" truecount="0" falsecount="2"/>
        <line num="976" count="0" type="stmt"/>
        <line num="978" count="0" type="stmt"/>
        <line num="981" count="0" type="stmt"/>
        <line num="983" count="0" type="stmt"/>
        <line num="984" count="0" type="stmt"/>
        <line num="987" count="0" type="stmt"/>
        <line num="989" count="0" type="stmt"/>
        <line num="990" count="0" type="stmt"/>
        <line num="992" count="0" type="stmt"/>
        <line num="993" count="0" type="stmt"/>
        <line num="995" count="0" type="stmt"/>
        <line num="996" count="0" type="stmt"/>
        <line num="998" count="0" type="stmt"/>
        <line num="999" count="0" type="stmt"/>
        <line num="1001" count="0" type="stmt"/>
        <line num="1002" count="0" type="stmt"/>
        <line num="1004" count="0" type="stmt"/>
        <line num="1005" count="0" type="stmt"/>
        <line num="1007" count="0" type="stmt"/>
        <line num="1008" count="0" type="stmt"/>
        <line num="1010" count="0" type="stmt"/>
        <line num="1011" count="0" type="stmt"/>
        <line num="1012" count="0" type="stmt"/>
        <line num="1013" count="0" type="stmt"/>
        <line num="1014" count="0" type="stmt"/>
        <line num="1015" count="0" type="stmt"/>
        <line num="1017" count="0" type="stmt"/>
        <line num="1018" count="0" type="stmt"/>
        <line num="1020" count="0" type="stmt"/>
        <line num="1021" count="0" type="stmt"/>
        <line num="1023" count="0" type="stmt"/>
        <line num="1024" count="0" type="stmt"/>
        <line num="1026" count="0" type="stmt"/>
        <line num="1027" count="0" type="stmt"/>
        <line num="1029" count="0" type="stmt"/>
        <line num="1030" count="0" type="stmt"/>
        <line num="1032" count="0" type="stmt"/>
        <line num="1035" count="0" type="stmt"/>
        <line num="1037" count="0" type="stmt"/>
        <line num="1038" count="0" type="stmt"/>
        <line num="1040" count="0" type="stmt"/>
        <line num="1041" count="0" type="stmt"/>
        <line num="1043" count="0" type="stmt"/>
        <line num="1044" count="0" type="stmt"/>
        <line num="1046" count="0" type="stmt"/>
        <line num="1047" count="0" type="stmt"/>
        <line num="1048" count="0" type="stmt"/>
        <line num="1050" count="0" type="stmt"/>
        <line num="1051" count="0" type="stmt"/>
        <line num="1053" count="0" type="stmt"/>
        <line num="1054" count="0" type="stmt"/>
        <line num="1056" count="0" type="stmt"/>
        <line num="1057" count="0" type="stmt"/>
        <line num="1059" count="0" type="stmt"/>
        <line num="1060" count="0" type="stmt"/>
        <line num="1062" count="0" type="stmt"/>
        <line num="1063" count="0" type="stmt"/>
        <line num="1065" count="0" type="stmt"/>
        <line num="1066" count="0" type="stmt"/>
        <line num="1068" count="0" type="stmt"/>
        <line num="1069" count="0" type="stmt"/>
        <line num="1071" count="0" type="stmt"/>
        <line num="1072" count="0" type="stmt"/>
        <line num="1074" count="0" type="stmt"/>
        <line num="1075" count="0" type="stmt"/>
        <line num="1077" count="0" type="stmt"/>
        <line num="1078" count="0" type="stmt"/>
        <line num="1080" count="0" type="stmt"/>
        <line num="1081" count="0" type="stmt"/>
        <line num="1086" count="0" type="stmt"/>
        <line num="1091" count="0" type="stmt"/>
        <line num="1092" count="0" type="stmt"/>
        <line num="1093" count="0" type="stmt"/>
        <line num="1095" count="0" type="cond" truecount="0" falsecount="3"/>
        <line num="1096" count="0" type="stmt"/>
        <line num="1097" count="0" type="stmt"/>
        <line num="1100" count="0" type="stmt"/>
        <line num="1104" count="0" type="stmt"/>
        <line num="1105" count="0" type="stmt"/>
        <line num="1111" count="0" type="stmt"/>
        <line num="1112" count="0" type="stmt"/>
        <line num="1114" count="0" type="cond" truecount="0" falsecount="1"/>
        <line num="1115" count="0" type="stmt"/>
        <line num="1116" count="0" type="stmt"/>
        <line num="1118" count="0" type="stmt"/>
        <line num="1119" count="0" type="cond" truecount="0" falsecount="1"/>
        <line num="1120" count="0" type="stmt"/>
        <line num="1122" count="0" type="stmt"/>
        <line num="1125" count="0" type="stmt"/>
        <line num="1126" count="0" type="stmt"/>
        <line num="1133" count="0" type="cond" truecount="0" falsecount="1"/>
        <line num="1134" count="0" type="stmt"/>
        <line num="1135" count="0" type="stmt"/>
        <line num="1136" count="0" type="stmt"/>
        <line num="1139" count="0" type="stmt"/>
        <line num="1140" count="0" type="stmt"/>
        <line num="1141" count="0" type="stmt"/>
        <line num="1143" count="0" type="cond" truecount="0" falsecount="1"/>
        <line num="1144" count="0" type="cond" truecount="0" falsecount="2"/>
        <line num="1145" count="0" type="stmt"/>
        <line num="1147" count="0" type="stmt"/>
        <line num="1152" count="0" type="stmt"/>
        <line num="1158" count="0" type="stmt"/>
        <line num="1159" count="0" type="stmt"/>
        <line num="1162" count="0" type="cond" truecount="0" falsecount="1"/>
        <line num="1164" count="0" type="stmt"/>
        <line num="1165" count="0" type="stmt"/>
        <line num="1166" count="0" type="stmt"/>
        <line num="1169" count="0" type="stmt"/>
        <line num="1170" count="0" type="stmt"/>
        <line num="1171" count="0" type="stmt"/>
        <line num="1174" count="0" type="stmt"/>
        <line num="1176" count="0" type="stmt"/>
        <line num="1177" count="0" type="stmt"/>
        <line num="1179" count="0" type="stmt"/>
        <line num="1180" count="0" type="stmt"/>
        <line num="1183" count="0" type="stmt"/>
        <line num="1184" count="0" type="stmt"/>
        <line num="1187" count="0" type="cond" truecount="0" falsecount="1"/>
        <line num="1189" count="0" type="stmt"/>
        <line num="1193" count="0" type="stmt"/>
        <line num="1197" count="0" type="stmt"/>
        <line num="1201" count="0" type="cond" truecount="0" falsecount="1"/>
        <line num="1202" count="0" type="cond" truecount="0" falsecount="1"/>
        <line num="1204" count="0" type="stmt"/>
        <line num="1208" count="0" type="stmt"/>
        <line num="1211" count="0" type="cond" truecount="0" falsecount="1"/>
        <line num="1212" count="0" type="stmt"/>
        <line num="1213" count="0" type="stmt"/>
        <line num="1214" count="0" type="stmt"/>
        <line num="1215" count="0" type="cond" truecount="0" falsecount="1"/>
        <line num="1216" count="0" type="stmt"/>
        <line num="1219" count="0" type="cond" truecount="0" falsecount="1"/>
        <line num="1223" count="0" type="stmt"/>
        <line num="1224" count="0" type="stmt"/>
        <line num="1229" count="0" type="stmt"/>
        <line num="1233" count="0" type="stmt"/>
        <line num="1235" count="0" type="stmt"/>
        <line num="1238" count="0" type="stmt"/>
        <line num="1239" count="0" type="stmt"/>
        <line num="1248" count="0" type="cond" truecount="0" falsecount="1"/>
        <line num="1250" count="0" type="stmt"/>
        <line num="1251" count="0" type="stmt"/>
        <line num="1253" count="0" type="cond" truecount="0" falsecount="2"/>
        <line num="1254" count="0" type="stmt"/>
        <line num="1255" count="0" type="stmt"/>
        <line num="1257" count="0" type="stmt"/>
        <line num="1264" count="0" type="stmt"/>
        <line num="1265" count="0" type="stmt"/>
        <line num="1267" count="0" type="stmt"/>
        <line num="1268" count="0" type="stmt"/>
        <line num="1270" count="0" type="stmt"/>
        <line num="1272" count="0" type="stmt"/>
        <line num="1274" count="0" type="stmt"/>
        <line num="1275" count="0" type="cond" truecount="0" falsecount="2"/>
        <line num="1276" count="0" type="stmt"/>
        <line num="1283" count="0" type="stmt"/>
        <line num="1288" count="0" type="stmt"/>
        <line num="1292" count="0" type="stmt"/>
        <line num="1293" count="0" type="stmt"/>
        <line num="1295" count="0" type="cond" truecount="0" falsecount="1"/>
        <line num="1296" count="0" type="stmt"/>
        <line num="1300" count="0" type="stmt"/>
        <line num="1301" count="0" type="cond" truecount="0" falsecount="2"/>
        <line num="1302" count="0" type="stmt"/>
        <line num="1304" count="0" type="cond" truecount="0" falsecount="1"/>
        <line num="1305" count="0" type="stmt"/>
        <line num="1308" count="0" type="stmt"/>
        <line num="1311" count="0" type="stmt"/>
        <line num="1316" count="0" type="stmt"/>
        <line num="1323" count="0" type="stmt"/>
        <line num="1324" count="0" type="stmt"/>
        <line num="1326" count="0" type="cond" truecount="0" falsecount="1"/>
        <line num="1327" count="0" type="stmt"/>
        <line num="1331" count="0" type="cond" truecount="0" falsecount="4"/>
        <line num="1332" count="0" type="stmt"/>
        <line num="1334" count="0" type="stmt"/>
        <line num="1339" count="0" type="stmt"/>
        <line num="1340" count="0" type="cond" truecount="0" falsecount="1"/>
        <line num="1341" count="0" type="stmt"/>
        <line num="1342" count="0" type="stmt"/>
        <line num="1347" count="0" type="stmt"/>
        <line num="1348" count="0" type="cond" truecount="0" falsecount="1"/>
        <line num="1349" count="0" type="stmt"/>
        <line num="1350" count="0" type="stmt"/>
        <line num="1352" count="0" type="stmt"/>
        <line num="1353" count="0" type="cond" truecount="0" falsecount="2"/>
        <line num="1354" count="0" type="stmt"/>
        <line num="1356" count="0" type="stmt"/>
        <line num="1359" count="0" type="stmt"/>
        <line num="1360" count="0" type="stmt"/>
        <line num="1365" count="0" type="stmt"/>
        <line num="1366" count="0" type="stmt"/>
        <line num="1368" count="0" type="cond" truecount="0" falsecount="3"/>
        <line num="1369" count="0" type="stmt"/>
        <line num="1373" count="0" type="stmt"/>
        <line num="1374" count="0" type="stmt"/>
        <line num="1375" count="0" type="stmt"/>
        <line num="1380" count="0" type="stmt"/>
        <line num="1381" count="0" type="stmt"/>
        <line num="1385" count="0" type="stmt"/>
        <line num="1386" count="0" type="stmt"/>
        <line num="1390" count="0" type="stmt"/>
        <line num="1394" count="0" type="stmt"/>
        <line num="1398" count="0" type="stmt"/>
        <line num="1402" count="0" type="stmt"/>
        <line num="1406" count="0" type="stmt"/>
        <line num="1408" count="0" type="stmt"/>
        <line num="1409" count="0" type="stmt"/>
        <line num="1410" count="0" type="stmt"/>
        <line num="1411" count="0" type="stmt"/>
        <line num="1413" count="0" type="cond" truecount="0" falsecount="1"/>
        <line num="1414" count="0" type="stmt"/>
        <line num="1415" count="0" type="stmt"/>
        <line num="1416" count="0" type="stmt"/>
        <line num="1417" count="0" type="stmt"/>
        <line num="1418" count="0" type="stmt"/>
        <line num="1420" count="0" type="cond" truecount="0" falsecount="1"/>
        <line num="1421" count="0" type="stmt"/>
        <line num="1428" count="0" type="cond" truecount="0" falsecount="1"/>
        <line num="1429" count="0" type="stmt"/>
        <line num="1430" count="0" type="stmt"/>
        <line num="1431" count="0" type="stmt"/>
        <line num="1435" count="0" type="stmt"/>
        <line num="1437" count="0" type="cond" truecount="0" falsecount="1"/>
        <line num="1438" count="0" type="stmt"/>
        <line num="1439" count="0" type="stmt"/>
        <line num="1444" count="0" type="stmt"/>
        <line num="1445" count="0" type="stmt"/>
        <line num="1446" count="0" type="stmt"/>
        <line num="1447" count="0" type="stmt"/>
        <line num="1449" count="0" type="cond" truecount="0" falsecount="1"/>
        <line num="1450" count="0" type="stmt"/>
        <line num="1451" count="0" type="stmt"/>
        <line num="1452" count="0" type="stmt"/>
        <line num="1453" count="0" type="stmt"/>
        <line num="1454" count="0" type="stmt"/>
        <line num="1456" count="0" type="cond" truecount="0" falsecount="1"/>
        <line num="1457" count="0" type="stmt"/>
        <line num="1460" count="0" type="stmt"/>
        <line num="1464" count="0" type="cond" truecount="0" falsecount="1"/>
        <line num="1468" count="0" type="stmt"/>
        <line num="1470" count="0" type="stmt"/>
        <line num="1471" count="0" type="stmt"/>
        <line num="1472" count="0" type="stmt"/>
        <line num="1473" count="0" type="cond" truecount="0" falsecount="1"/>
        <line num="1477" count="0" type="cond" truecount="0" falsecount="1"/>
        <line num="1480" count="0" type="stmt"/>
        <line num="1481" count="0" type="stmt"/>
        <line num="1486" count="0" type="stmt"/>
        <line num="1487" count="0" type="cond" truecount="0" falsecount="1"/>
        <line num="1492" count="0" type="cond" truecount="0" falsecount="1"/>
        <line num="1495" count="0" type="stmt"/>
        <line num="1496" count="0" type="stmt"/>
        <line num="1501" count="0" type="stmt"/>
        <line num="1503" count="0" type="stmt"/>
        <line num="1504" count="0" type="stmt"/>
        <line num="1505" count="0" type="stmt"/>
        <line num="1507" count="0" type="stmt"/>
        <line num="1508" count="0" type="stmt"/>
        <line num="1517" count="0" type="stmt"/>
        <line num="1518" count="0" type="stmt"/>
        <line num="1523" count="0" type="stmt"/>
        <line num="1525" count="0" type="stmt"/>
        <line num="1526" count="0" type="stmt"/>
        <line num="1528" count="0" type="stmt"/>
        <line num="1529" count="0" type="stmt"/>
        <line num="1531" count="0" type="stmt"/>
        <line num="1532" count="0" type="stmt"/>
        <line num="1540" count="0" type="stmt"/>
        <line num="1541" count="0" type="stmt"/>
        <line num="1549" count="0" type="stmt"/>
        <line num="1550" count="0" type="stmt"/>
        <line num="1556" count="0" type="stmt"/>
        <line num="1557" count="0" type="stmt"/>
        <line num="1562" count="0" type="stmt"/>
        <line num="1563" count="0" type="stmt"/>
        <line num="1565" count="0" type="cond" truecount="0" falsecount="1"/>
        <line num="1566" count="0" type="stmt"/>
        <line num="1575" count="0" type="cond" truecount="0" falsecount="2"/>
        <line num="1576" count="0" type="stmt"/>
        <line num="1578" count="0" type="stmt"/>
        <line num="1583" count="0" type="stmt"/>
        <line num="1584" count="0" type="stmt"/>
        <line num="1586" count="0" type="cond" truecount="0" falsecount="1"/>
        <line num="1587" count="0" type="stmt"/>
        <line num="1591" count="0" type="cond" truecount="0" falsecount="4"/>
        <line num="1592" count="0" type="stmt"/>
        <line num="1594" count="0" type="stmt"/>
        <line num="1599" count="0" type="stmt"/>
        <line num="1603" count="0" type="stmt"/>
        <line num="1604" count="0" type="stmt"/>
        <line num="1605" count="0" type="stmt"/>
        <line num="1607" count="0" type="stmt"/>
        <line num="1609" count="0" type="cond" truecount="0" falsecount="184"/>
        <line num="1611" count="0" type="stmt"/>
        <line num="1612" count="0" type="stmt"/>
        <line num="1614" count="0" type="stmt"/>
        <line num="1615" count="0" type="stmt"/>
        <line num="1617" count="0" type="stmt"/>
        <line num="1618" count="0" type="stmt"/>
        <line num="1620" count="0" type="stmt"/>
        <line num="1621" count="0" type="stmt"/>
        <line num="1623" count="0" type="stmt"/>
        <line num="1624" count="0" type="stmt"/>
        <line num="1626" count="0" type="stmt"/>
        <line num="1627" count="0" type="stmt"/>
        <line num="1629" count="0" type="stmt"/>
        <line num="1630" count="0" type="stmt"/>
        <line num="1632" count="0" type="stmt"/>
        <line num="1633" count="0" type="stmt"/>
        <line num="1635" count="0" type="stmt"/>
        <line num="1636" count="0" type="stmt"/>
        <line num="1638" count="0" type="stmt"/>
        <line num="1639" count="0" type="stmt"/>
        <line num="1641" count="0" type="stmt"/>
        <line num="1642" count="0" type="stmt"/>
        <line num="1644" count="0" type="stmt"/>
        <line num="1645" count="0" type="stmt"/>
        <line num="1647" count="0" type="stmt"/>
        <line num="1648" count="0" type="stmt"/>
        <line num="1650" count="0" type="stmt"/>
        <line num="1651" count="0" type="stmt"/>
        <line num="1653" count="0" type="stmt"/>
        <line num="1654" count="0" type="stmt"/>
        <line num="1656" count="0" type="stmt"/>
        <line num="1657" count="0" type="stmt"/>
        <line num="1659" count="0" type="stmt"/>
        <line num="1660" count="0" type="stmt"/>
        <line num="1662" count="0" type="stmt"/>
        <line num="1663" count="0" type="stmt"/>
        <line num="1665" count="0" type="stmt"/>
        <line num="1666" count="0" type="stmt"/>
        <line num="1668" count="0" type="stmt"/>
        <line num="1669" count="0" type="stmt"/>
        <line num="1671" count="0" type="stmt"/>
        <line num="1672" count="0" type="stmt"/>
        <line num="1674" count="0" type="stmt"/>
        <line num="1675" count="0" type="stmt"/>
        <line num="1677" count="0" type="stmt"/>
        <line num="1678" count="0" type="stmt"/>
        <line num="1680" count="0" type="stmt"/>
        <line num="1681" count="0" type="stmt"/>
        <line num="1683" count="0" type="stmt"/>
        <line num="1684" count="0" type="stmt"/>
        <line num="1686" count="0" type="stmt"/>
        <line num="1687" count="0" type="stmt"/>
        <line num="1689" count="0" type="stmt"/>
        <line num="1690" count="0" type="stmt"/>
        <line num="1692" count="0" type="stmt"/>
        <line num="1693" count="0" type="stmt"/>
        <line num="1695" count="0" type="stmt"/>
        <line num="1696" count="0" type="stmt"/>
        <line num="1698" count="0" type="stmt"/>
        <line num="1699" count="0" type="stmt"/>
        <line num="1701" count="0" type="stmt"/>
        <line num="1702" count="0" type="stmt"/>
        <line num="1704" count="0" type="stmt"/>
        <line num="1705" count="0" type="stmt"/>
        <line num="1707" count="0" type="stmt"/>
        <line num="1708" count="0" type="stmt"/>
        <line num="1710" count="0" type="stmt"/>
        <line num="1711" count="0" type="stmt"/>
        <line num="1713" count="0" type="stmt"/>
        <line num="1714" count="0" type="stmt"/>
        <line num="1716" count="0" type="stmt"/>
        <line num="1717" count="0" type="stmt"/>
        <line num="1719" count="0" type="stmt"/>
        <line num="1720" count="0" type="stmt"/>
        <line num="1722" count="0" type="stmt"/>
        <line num="1723" count="0" type="stmt"/>
        <line num="1725" count="0" type="stmt"/>
        <line num="1726" count="0" type="stmt"/>
        <line num="1728" count="0" type="stmt"/>
        <line num="1729" count="0" type="stmt"/>
        <line num="1731" count="0" type="cond" truecount="0" falsecount="2"/>
        <line num="1732" count="0" type="stmt"/>
        <line num="1733" count="0" type="cond" truecount="0" falsecount="2"/>
        <line num="1734" count="0" type="stmt"/>
        <line num="1740" count="0" type="stmt"/>
        <line num="1742" count="0" type="stmt"/>
        <line num="1744" count="0" type="cond" truecount="0" falsecount="2"/>
        <line num="1745" count="0" type="stmt"/>
        <line num="1746" count="0" type="cond" truecount="0" falsecount="2"/>
        <line num="1747" count="0" type="stmt"/>
        <line num="1753" count="0" type="stmt"/>
        <line num="1755" count="0" type="stmt"/>
        <line num="1757" count="0" type="cond" truecount="0" falsecount="2"/>
        <line num="1758" count="0" type="stmt"/>
        <line num="1763" count="0" type="cond" truecount="0" falsecount="2"/>
        <line num="1764" count="0" type="stmt"/>
        <line num="1770" count="0" type="stmt"/>
        <line num="1772" count="0" type="stmt"/>
        <line num="1774" count="0" type="cond" truecount="0" falsecount="2"/>
        <line num="1775" count="0" type="stmt"/>
        <line num="1777" count="0" type="stmt"/>
        <line num="1779" count="0" type="stmt"/>
        <line num="1781" count="0" type="cond" truecount="0" falsecount="2"/>
        <line num="1782" count="0" type="stmt"/>
        <line num="1784" count="0" type="stmt"/>
        <line num="1786" count="0" type="stmt"/>
        <line num="1788" count="0" type="cond" truecount="0" falsecount="2"/>
        <line num="1789" count="0" type="stmt"/>
        <line num="1795" count="0" type="stmt"/>
        <line num="1799" count="0" type="stmt"/>
        <line num="1801" count="0" type="stmt"/>
        <line num="1802" count="0" type="stmt"/>
        <line num="1804" count="0" type="stmt"/>
        <line num="1805" count="0" type="stmt"/>
        <line num="1807" count="0" type="stmt"/>
        <line num="1808" count="0" type="stmt"/>
        <line num="1810" count="0" type="stmt"/>
        <line num="1811" count="0" type="stmt"/>
        <line num="1813" count="0" type="stmt"/>
        <line num="1814" count="0" type="stmt"/>
        <line num="1816" count="0" type="stmt"/>
        <line num="1817" count="0" type="stmt"/>
        <line num="1819" count="0" type="stmt"/>
        <line num="1820" count="0" type="stmt"/>
        <line num="1822" count="0" type="stmt"/>
        <line num="1823" count="0" type="stmt"/>
        <line num="1825" count="0" type="stmt"/>
        <line num="1826" count="0" type="stmt"/>
        <line num="1828" count="0" type="stmt"/>
        <line num="1829" count="0" type="stmt"/>
        <line num="1831" count="0" type="stmt"/>
        <line num="1832" count="0" type="stmt"/>
        <line num="1834" count="0" type="stmt"/>
        <line num="1835" count="0" type="stmt"/>
        <line num="1837" count="0" type="stmt"/>
        <line num="1838" count="0" type="stmt"/>
        <line num="1840" count="0" type="stmt"/>
        <line num="1841" count="0" type="stmt"/>
        <line num="1843" count="0" type="stmt"/>
        <line num="1844" count="0" type="stmt"/>
        <line num="1846" count="0" type="stmt"/>
        <line num="1847" count="0" type="stmt"/>
        <line num="1849" count="0" type="stmt"/>
        <line num="1850" count="0" type="stmt"/>
        <line num="1852" count="0" type="stmt"/>
        <line num="1853" count="0" type="stmt"/>
        <line num="1855" count="0" type="stmt"/>
        <line num="1856" count="0" type="stmt"/>
        <line num="1858" count="0" type="stmt"/>
        <line num="1859" count="0" type="stmt"/>
        <line num="1861" count="0" type="stmt"/>
        <line num="1862" count="0" type="stmt"/>
        <line num="1864" count="0" type="stmt"/>
        <line num="1865" count="0" type="stmt"/>
        <line num="1867" count="0" type="stmt"/>
        <line num="1868" count="0" type="stmt"/>
        <line num="1870" count="0" type="stmt"/>
        <line num="1871" count="0" type="stmt"/>
        <line num="1873" count="0" type="stmt"/>
        <line num="1874" count="0" type="stmt"/>
        <line num="1876" count="0" type="stmt"/>
        <line num="1877" count="0" type="stmt"/>
        <line num="1879" count="0" type="stmt"/>
        <line num="1880" count="0" type="stmt"/>
        <line num="1882" count="0" type="stmt"/>
        <line num="1883" count="0" type="stmt"/>
        <line num="1885" count="0" type="stmt"/>
        <line num="1886" count="0" type="stmt"/>
        <line num="1888" count="0" type="stmt"/>
        <line num="1889" count="0" type="stmt"/>
        <line num="1891" count="0" type="stmt"/>
        <line num="1892" count="0" type="stmt"/>
        <line num="1894" count="0" type="stmt"/>
        <line num="1895" count="0" type="stmt"/>
        <line num="1897" count="0" type="stmt"/>
        <line num="1898" count="0" type="stmt"/>
        <line num="1900" count="0" type="stmt"/>
        <line num="1901" count="0" type="stmt"/>
        <line num="1903" count="0" type="stmt"/>
        <line num="1904" count="0" type="stmt"/>
        <line num="1906" count="0" type="stmt"/>
        <line num="1907" count="0" type="stmt"/>
        <line num="1909" count="0" type="stmt"/>
        <line num="1910" count="0" type="stmt"/>
        <line num="1912" count="0" type="stmt"/>
        <line num="1913" count="0" type="stmt"/>
        <line num="1915" count="0" type="stmt"/>
        <line num="1916" count="0" type="stmt"/>
        <line num="1918" count="0" type="stmt"/>
        <line num="1919" count="0" type="stmt"/>
        <line num="1921" count="0" type="stmt"/>
        <line num="1922" count="0" type="stmt"/>
        <line num="1924" count="0" type="stmt"/>
        <line num="1925" count="0" type="stmt"/>
        <line num="1927" count="0" type="stmt"/>
        <line num="1928" count="0" type="stmt"/>
        <line num="1930" count="0" type="stmt"/>
        <line num="1931" count="0" type="stmt"/>
        <line num="1933" count="0" type="stmt"/>
        <line num="1934" count="0" type="stmt"/>
        <line num="1936" count="0" type="stmt"/>
        <line num="1937" count="0" type="stmt"/>
        <line num="1939" count="0" type="stmt"/>
        <line num="1940" count="0" type="stmt"/>
        <line num="1942" count="0" type="stmt"/>
        <line num="1943" count="0" type="stmt"/>
        <line num="1945" count="0" type="stmt"/>
        <line num="1946" count="0" type="stmt"/>
        <line num="1948" count="0" type="stmt"/>
        <line num="1949" count="0" type="stmt"/>
        <line num="1951" count="0" type="stmt"/>
        <line num="1952" count="0" type="stmt"/>
        <line num="1954" count="0" type="stmt"/>
        <line num="1955" count="0" type="stmt"/>
        <line num="1957" count="0" type="stmt"/>
        <line num="1958" count="0" type="stmt"/>
        <line num="1960" count="0" type="stmt"/>
        <line num="1961" count="0" type="stmt"/>
        <line num="1963" count="0" type="stmt"/>
        <line num="1964" count="0" type="stmt"/>
        <line num="1966" count="0" type="stmt"/>
        <line num="1967" count="0" type="stmt"/>
        <line num="1969" count="0" type="stmt"/>
        <line num="1970" count="0" type="stmt"/>
        <line num="1972" count="0" type="stmt"/>
        <line num="1973" count="0" type="stmt"/>
        <line num="1975" count="0" type="stmt"/>
        <line num="1976" count="0" type="stmt"/>
        <line num="1978" count="0" type="stmt"/>
        <line num="1979" count="0" type="stmt"/>
        <line num="1981" count="0" type="stmt"/>
        <line num="1982" count="0" type="stmt"/>
        <line num="1984" count="0" type="stmt"/>
        <line num="1985" count="0" type="stmt"/>
        <line num="1987" count="0" type="stmt"/>
        <line num="1988" count="0" type="stmt"/>
        <line num="1990" count="0" type="stmt"/>
        <line num="1991" count="0" type="stmt"/>
        <line num="1993" count="0" type="stmt"/>
        <line num="1994" count="0" type="stmt"/>
        <line num="1996" count="0" type="stmt"/>
        <line num="1997" count="0" type="stmt"/>
        <line num="1999" count="0" type="stmt"/>
        <line num="2000" count="0" type="stmt"/>
        <line num="2002" count="0" type="stmt"/>
        <line num="2003" count="0" type="stmt"/>
        <line num="2005" count="0" type="stmt"/>
        <line num="2006" count="0" type="stmt"/>
        <line num="2008" count="0" type="stmt"/>
        <line num="2009" count="0" type="stmt"/>
        <line num="2011" count="0" type="stmt"/>
        <line num="2012" count="0" type="stmt"/>
        <line num="2014" count="0" type="stmt"/>
        <line num="2015" count="0" type="stmt"/>
        <line num="2017" count="0" type="stmt"/>
        <line num="2018" count="0" type="stmt"/>
        <line num="2020" count="0" type="stmt"/>
        <line num="2021" count="0" type="stmt"/>
        <line num="2023" count="0" type="stmt"/>
        <line num="2024" count="0" type="stmt"/>
        <line num="2026" count="0" type="stmt"/>
        <line num="2027" count="0" type="stmt"/>
        <line num="2029" count="0" type="stmt"/>
        <line num="2030" count="0" type="stmt"/>
        <line num="2032" count="0" type="stmt"/>
        <line num="2033" count="0" type="stmt"/>
        <line num="2035" count="0" type="stmt"/>
        <line num="2036" count="0" type="stmt"/>
        <line num="2038" count="0" type="stmt"/>
        <line num="2039" count="0" type="stmt"/>
        <line num="2059" count="0" type="stmt"/>
        <line num="2060" count="0" type="stmt"/>
        <line num="2062" count="0" type="stmt"/>
        <line num="2063" count="0" type="stmt"/>
        <line num="2065" count="0" type="stmt"/>
        <line num="2066" count="0" type="stmt"/>
        <line num="2068" count="0" type="cond" truecount="0" falsecount="2"/>
        <line num="2069" count="0" type="stmt"/>
        <line num="2070" count="0" type="cond" truecount="0" falsecount="2"/>
        <line num="2071" count="0" type="stmt"/>
        <line num="2072" count="0" type="cond" truecount="0" falsecount="2"/>
        <line num="2073" count="0" type="stmt"/>
        <line num="2078" count="0" type="cond" truecount="0" falsecount="2"/>
        <line num="2079" count="0" type="stmt"/>
        <line num="2085" count="0" type="stmt"/>
        <line num="2087" count="0" type="stmt"/>
        <line num="2089" count="0" type="cond" truecount="0" falsecount="2"/>
        <line num="2090" count="0" type="stmt"/>
        <line num="2092" count="0" type="stmt"/>
        <line num="2094" count="0" type="stmt"/>
        <line num="2096" count="0" type="cond" truecount="0" falsecount="2"/>
        <line num="2097" count="0" type="stmt"/>
        <line num="2099" count="0" type="stmt"/>
        <line num="2101" count="0" type="stmt"/>
        <line num="2103" count="0" type="cond" truecount="0" falsecount="2"/>
        <line num="2104" count="0" type="stmt"/>
        <line num="2105" count="0" type="cond" truecount="0" falsecount="2"/>
        <line num="2106" count="0" type="stmt"/>
        <line num="2107" count="0" type="cond" truecount="0" falsecount="2"/>
        <line num="2108" count="0" type="stmt"/>
        <line num="2113" count="0" type="cond" truecount="0" falsecount="2"/>
        <line num="2114" count="0" type="stmt"/>
        <line num="2120" count="0" type="stmt"/>
        <line num="2122" count="0" type="stmt"/>
        <line num="2124" count="0" type="stmt"/>
        <line num="2125" count="0" type="stmt"/>
        <line num="2127" count="0" type="stmt"/>
        <line num="2128" count="0" type="stmt"/>
        <line num="2130" count="0" type="stmt"/>
        <line num="2131" count="0" type="stmt"/>
        <line num="2133" count="0" type="stmt"/>
        <line num="2134" count="0" type="stmt"/>
        <line num="2136" count="0" type="stmt"/>
        <line num="2137" count="0" type="stmt"/>
        <line num="2139" count="0" type="stmt"/>
        <line num="2140" count="0" type="stmt"/>
        <line num="2142" count="0" type="stmt"/>
        <line num="2143" count="0" type="stmt"/>
        <line num="2145" count="0" type="stmt"/>
        <line num="2146" count="0" type="stmt"/>
        <line num="2148" count="0" type="stmt"/>
        <line num="2149" count="0" type="stmt"/>
        <line num="2151" count="0" type="stmt"/>
        <line num="2152" count="0" type="stmt"/>
        <line num="2154" count="0" type="stmt"/>
        <line num="2155" count="0" type="stmt"/>
        <line num="2157" count="0" type="stmt"/>
        <line num="2158" count="0" type="stmt"/>
        <line num="2160" count="0" type="stmt"/>
        <line num="2161" count="0" type="stmt"/>
        <line num="2163" count="0" type="stmt"/>
        <line num="2164" count="0" type="stmt"/>
        <line num="2166" count="0" type="stmt"/>
        <line num="2167" count="0" type="stmt"/>
        <line num="2169" count="0" type="stmt"/>
        <line num="2170" count="0" type="stmt"/>
        <line num="2172" count="0" type="stmt"/>
        <line num="2173" count="0" type="stmt"/>
        <line num="2175" count="0" type="stmt"/>
        <line num="2176" count="0" type="stmt"/>
        <line num="2177" count="0" type="cond" truecount="0" falsecount="1"/>
        <line num="2178" count="0" type="stmt"/>
        <line num="2180" count="0" type="stmt"/>
        <line num="2183" count="0" type="stmt"/>
        <line num="2184" count="0" type="stmt"/>
        <line num="2185" count="0" type="cond" truecount="0" falsecount="1"/>
        <line num="2186" count="0" type="stmt"/>
        <line num="2188" count="0" type="stmt"/>
        <line num="2191" count="0" type="stmt"/>
        <line num="2192" count="0" type="stmt"/>
        <line num="2193" count="0" type="cond" truecount="0" falsecount="1"/>
        <line num="2194" count="0" type="stmt"/>
        <line num="2196" count="0" type="stmt"/>
        <line num="2199" count="0" type="stmt"/>
        <line num="2200" count="0" type="stmt"/>
        <line num="2202" count="0" type="stmt"/>
        <line num="2203" count="0" type="stmt"/>
        <line num="2205" count="0" type="stmt"/>
        <line num="2206" count="0" type="stmt"/>
        <line num="2208" count="0" type="stmt"/>
        <line num="2209" count="0" type="stmt"/>
        <line num="2211" count="0" type="stmt"/>
        <line num="2212" count="0" type="stmt"/>
        <line num="2214" count="0" type="stmt"/>
        <line num="2215" count="0" type="stmt"/>
        <line num="2217" count="0" type="stmt"/>
        <line num="2218" count="0" type="stmt"/>
        <line num="2220" count="0" type="stmt"/>
        <line num="2221" count="0" type="stmt"/>
        <line num="2223" count="0" type="stmt"/>
        <line num="2224" count="0" type="stmt"/>
        <line num="2226" count="0" type="stmt"/>
        <line num="2227" count="0" type="stmt"/>
        <line num="2229" count="0" type="stmt"/>
        <line num="2230" count="0" type="stmt"/>
        <line num="2232" count="0" type="stmt"/>
        <line num="2233" count="0" type="stmt"/>
        <line num="2235" count="0" type="cond" truecount="0" falsecount="1"/>
        <line num="2236" count="0" type="stmt"/>
        <line num="2239" count="0" type="stmt"/>
        <line num="2246" count="0" type="stmt"/>
        <line num="2247" count="0" type="stmt"/>
        <line num="2248" count="0" type="stmt"/>
        <line num="2250" count="0" type="cond" truecount="0" falsecount="19"/>
        <line num="2252" count="0" type="stmt"/>
        <line num="2253" count="0" type="stmt"/>
        <line num="2255" count="0" type="stmt"/>
        <line num="2256" count="0" type="stmt"/>
        <line num="2258" count="0" type="stmt"/>
        <line num="2259" count="0" type="stmt"/>
        <line num="2261" count="0" type="stmt"/>
        <line num="2262" count="0" type="stmt"/>
        <line num="2264" count="0" type="stmt"/>
        <line num="2265" count="0" type="stmt"/>
        <line num="2267" count="0" type="stmt"/>
        <line num="2268" count="0" type="stmt"/>
        <line num="2270" count="0" type="stmt"/>
        <line num="2271" count="0" type="stmt"/>
        <line num="2273" count="0" type="stmt"/>
        <line num="2274" count="0" type="stmt"/>
        <line num="2276" count="0" type="stmt"/>
        <line num="2277" count="0" type="stmt"/>
        <line num="2279" count="0" type="stmt"/>
        <line num="2280" count="0" type="stmt"/>
        <line num="2282" count="0" type="stmt"/>
        <line num="2283" count="0" type="stmt"/>
        <line num="2285" count="0" type="stmt"/>
        <line num="2286" count="0" type="stmt"/>
        <line num="2288" count="0" type="stmt"/>
        <line num="2289" count="0" type="stmt"/>
        <line num="2291" count="0" type="stmt"/>
        <line num="2292" count="0" type="stmt"/>
        <line num="2294" count="0" type="stmt"/>
        <line num="2295" count="0" type="stmt"/>
        <line num="2297" count="0" type="stmt"/>
        <line num="2298" count="0" type="stmt"/>
        <line num="2300" count="0" type="stmt"/>
        <line num="2301" count="0" type="stmt"/>
        <line num="2303" count="0" type="stmt"/>
        <line num="2304" count="0" type="stmt"/>
        <line num="2306" count="0" type="cond" truecount="0" falsecount="1"/>
        <line num="2307" count="0" type="stmt"/>
        <line num="2310" count="0" type="stmt"/>
        <line num="2323" count="0" type="stmt"/>
        <line num="2325" count="0" type="stmt"/>
        <line num="2328" count="0" type="stmt"/>
        <line num="2329" count="0" type="stmt"/>
        <line num="2339" count="0" type="stmt"/>
        <line num="2341" count="0" type="stmt"/>
        <line num="2344" count="0" type="stmt"/>
        <line num="2345" count="0" type="stmt"/>
        <line num="2354" count="0" type="stmt"/>
        <line num="2356" count="0" type="stmt"/>
        <line num="2359" count="0" type="stmt"/>
        <line num="2360" count="0" type="stmt"/>
        <line num="2370" count="0" type="stmt"/>
        <line num="2372" count="0" type="stmt"/>
        <line num="2375" count="0" type="stmt"/>
        <line num="2376" count="0" type="stmt"/>
        <line num="2385" count="0" type="stmt"/>
        <line num="2387" count="0" type="stmt"/>
        <line num="2390" count="0" type="stmt"/>
        <line num="2391" count="0" type="stmt"/>
        <line num="2406" count="0" type="stmt"/>
        <line num="2408" count="0" type="stmt"/>
        <line num="2411" count="0" type="stmt"/>
        <line num="2412" count="0" type="stmt"/>
        <line num="2422" count="0" type="stmt"/>
        <line num="2424" count="0" type="stmt"/>
        <line num="2427" count="0" type="stmt"/>
        <line num="2428" count="0" type="stmt"/>
        <line num="2437" count="0" type="stmt"/>
        <line num="2438" count="0" type="cond" truecount="0" falsecount="2"/>
        <line num="2439" count="0" type="cond" truecount="0" falsecount="3"/>
        <line num="2440" count="0" type="stmt"/>
        <line num="2441" count="0" type="stmt"/>
        <line num="2443" count="0" type="stmt"/>
        <line num="2444" count="0" type="stmt"/>
        <line num="2451" count="0" type="stmt"/>
        <line num="2453" count="0" type="cond" truecount="0" falsecount="2"/>
        <line num="2475" count="0" type="cond" truecount="0" falsecount="2"/>
        <line num="2476" count="0" type="stmt"/>
        <line num="2477" count="0" type="cond" truecount="0" falsecount="3"/>
        <line num="2478" count="0" type="stmt"/>
        <line num="2483" count="0" type="cond" truecount="0" falsecount="1"/>
        <line num="2484" count="0" type="stmt"/>
        <line num="2485" count="0" type="cond" truecount="0" falsecount="3"/>
        <line num="2486" count="0" type="stmt"/>
        <line num="2492" count="0" type="cond" truecount="0" falsecount="1"/>
        <line num="2498" count="0" type="cond" truecount="0" falsecount="4"/>
        <line num="2502" count="0" type="cond" truecount="0" falsecount="1"/>
        <line num="2503" count="0" type="stmt"/>
        <line num="2504" count="0" type="stmt"/>
        <line num="2506" count="0" type="stmt"/>
        <line num="2509" count="0" type="stmt"/>
        <line num="2512" count="0" type="stmt"/>
        <line num="2514" count="0" type="cond" truecount="0" falsecount="4"/>
        <line num="2515" count="0" type="stmt"/>
        <line num="2517" count="0" type="stmt"/>
        <line num="2519" count="0" type="stmt"/>
        <line num="2520" count="0" type="stmt"/>
        <line num="2521" count="0" type="stmt"/>
        <line num="2522" count="0" type="stmt"/>
        <line num="2523" count="0" type="cond" truecount="0" falsecount="1"/>
        <line num="2524" count="0" type="stmt"/>
        <line num="2526" count="0" type="cond" truecount="0" falsecount="1"/>
        <line num="2527" count="0" type="stmt"/>
        <line num="2529" count="0" type="cond" truecount="0" falsecount="1"/>
        <line num="2530" count="0" type="stmt"/>
        <line num="2532" count="0" type="stmt"/>
        <line num="2536" count="0" type="stmt"/>
        <line num="2537" count="0" type="stmt"/>
        <line num="2542" count="0" type="stmt"/>
        <line num="2543" count="0" type="cond" truecount="0" falsecount="2"/>
        <line num="2544" count="0" type="cond" truecount="0" falsecount="3"/>
        <line num="2545" count="0" type="stmt"/>
        <line num="2548" count="0" type="stmt"/>
        <line num="2555" count="0" type="cond" truecount="0" falsecount="1"/>
        <line num="2561" count="0" type="stmt"/>
        <line num="2564" count="0" type="cond" truecount="0" falsecount="3"/>
        <line num="2565" count="0" type="stmt"/>
        <line num="2566" count="0" type="stmt"/>
        <line num="2568" count="0" type="stmt"/>
        <line num="2569" count="0" type="stmt"/>
        <line num="2577" count="0" type="cond" truecount="0" falsecount="3"/>
        <line num="2578" count="0" type="stmt"/>
        <line num="2579" count="0" type="cond" truecount="0" falsecount="4"/>
        <line num="2581" count="0" type="stmt"/>
        <line num="2582" count="0" type="cond" truecount="0" falsecount="3"/>
        <line num="2584" count="0" type="stmt"/>
        <line num="2585" count="0" type="stmt"/>
        <line num="2587" count="0" type="stmt"/>
        <line num="2602" count="0" type="stmt"/>
        <line num="2604" count="0" type="stmt"/>
        <line num="2617" count="0" type="stmt"/>
        <line num="2620" count="0" type="stmt"/>
        <line num="2622" count="0" type="stmt"/>
        <line num="2623" count="0" type="cond" truecount="0" falsecount="2"/>
        <line num="2625" count="0" type="stmt"/>
        <line num="2628" count="0" type="cond" truecount="0" falsecount="2"/>
        <line num="2629" count="0" type="stmt"/>
        <line num="2631" count="0" type="stmt"/>
        <line num="2646" count="0" type="stmt"/>
        <line num="2648" count="0" type="stmt"/>
        <line num="2661" count="0" type="stmt"/>
        <line num="2664" count="0" type="stmt"/>
        <line num="2666" count="0" type="stmt"/>
        <line num="2667" count="0" type="cond" truecount="0" falsecount="2"/>
        <line num="2669" count="0" type="stmt"/>
        <line num="2670" count="0" type="stmt"/>
        <line num="2672" count="0" type="stmt"/>
        <line num="2684" count="0" type="stmt"/>
        <line num="2687" count="0" type="stmt"/>
        <line num="2689" count="0" type="stmt"/>
        <line num="2690" count="0" type="cond" truecount="0" falsecount="2"/>
        <line num="2692" count="0" type="stmt"/>
        <line num="2693" count="0" type="stmt"/>
        <line num="2695" count="0" type="stmt"/>
        <line num="2708" count="0" type="stmt"/>
        <line num="2711" count="0" type="stmt"/>
        <line num="2717" count="0" type="cond" truecount="0" falsecount="1"/>
        <line num="2718" count="0" type="stmt"/>
        <line num="2720" count="0" type="cond" truecount="0" falsecount="3"/>
        <line num="2721" count="0" type="cond" truecount="0" falsecount="2"/>
        <line num="2722" count="0" type="stmt"/>
        <line num="2723" count="0" type="cond" truecount="0" falsecount="1"/>
        <line num="2724" count="0" type="stmt"/>
        <line num="2729" count="0" type="stmt"/>
        <line num="2730" count="0" type="cond" truecount="0" falsecount="2"/>
        <line num="2731" count="0" type="cond" truecount="0" falsecount="3"/>
        <line num="2732" count="0" type="stmt"/>
        <line num="2735" count="0" type="stmt"/>
        <line num="2746" count="0" type="stmt"/>
        <line num="2748" count="0" type="stmt"/>
        <line num="2749" count="0" type="stmt"/>
        <line num="2752" count="0" type="stmt"/>
        <line num="2753" count="0" type="stmt"/>
        <line num="2763" count="0" type="stmt"/>
        <line num="2767" count="0" type="stmt"/>
        <line num="2771" count="0" type="cond" truecount="0" falsecount="3"/>
        <line num="2772" count="0" type="stmt"/>
        <line num="2777" count="0" type="stmt"/>
        <line num="2781" count="0" type="stmt"/>
        <line num="2785" count="0" type="stmt"/>
        <line num="2789" count="0" type="stmt"/>
        <line num="2793" count="0" type="stmt"/>
        <line num="2797" count="0" type="stmt"/>
        <line num="2798" count="0" type="cond" truecount="0" falsecount="3"/>
        <line num="2799" count="0" type="stmt"/>
        <line num="2801" count="0" type="cond" truecount="0" falsecount="2"/>
        <line num="2808" count="0" type="stmt"/>
        <line num="2810" count="0" type="stmt"/>
        <line num="2813" count="0" type="stmt"/>
        <line num="2814" count="0" type="stmt"/>
        <line num="2823" count="0" type="cond" truecount="0" falsecount="4"/>
        <line num="2824" count="0" type="stmt"/>
        <line num="2825" count="0" type="cond" truecount="0" falsecount="3"/>
        <line num="2826" count="0" type="cond" truecount="0" falsecount="1"/>
        <line num="2827" count="0" type="stmt"/>
        <line num="2829" count="0" type="cond" truecount="0" falsecount="1"/>
        <line num="2830" count="0" type="stmt"/>
        <line num="2834" count="0" type="stmt"/>
        <line num="2835" count="0" type="stmt"/>
        <line num="2847" count="0" type="stmt"/>
        <line num="2848" count="0" type="stmt"/>
        <line num="2860" count="0" type="stmt"/>
        <line num="2864" count="0" type="stmt"/>
        <line num="2868" count="0" type="stmt"/>
        <line num="2872" count="0" type="stmt"/>
        <line num="2876" count="0" type="stmt"/>
        <line num="2880" count="0" type="stmt"/>
        <line num="2884" count="0" type="stmt"/>
        <line num="2888" count="0" type="stmt"/>
        <line num="2892" count="0" type="stmt"/>
        <line num="2896" count="0" type="stmt"/>
        <line num="2900" count="0" type="stmt"/>
        <line num="2904" count="0" type="stmt"/>
        <line num="2908" count="0" type="stmt"/>
        <line num="2912" count="0" type="stmt"/>
        <line num="2916" count="0" type="stmt"/>
        <line num="2920" count="0" type="stmt"/>
        <line num="2924" count="0" type="stmt"/>
        <line num="2928" count="0" type="stmt"/>
        <line num="2932" count="0" type="stmt"/>
        <line num="2936" count="0" type="stmt"/>
        <line num="2940" count="0" type="stmt"/>
        <line num="2944" count="0" type="stmt"/>
        <line num="2948" count="0" type="stmt"/>
        <line num="2952" count="0" type="stmt"/>
        <line num="2956" count="0" type="stmt"/>
        <line num="2960" count="0" type="stmt"/>
        <line num="2961" count="0" type="cond" truecount="0" falsecount="1"/>
        <line num="2965" count="0" type="stmt"/>
        <line num="2967" count="0" type="stmt"/>
        <line num="2970" count="0" type="stmt"/>
        <line num="2971" count="0" type="stmt"/>
        <line num="2979" count="0" type="stmt"/>
        <line num="2980" count="0" type="stmt"/>
        <line num="2989" count="0" type="stmt"/>
        <line num="2991" count="0" type="cond" truecount="0" falsecount="1"/>
        <line num="2992" count="0" type="stmt"/>
        <line num="2993" count="0" type="stmt"/>
        <line num="2995" count="0" type="cond" truecount="0" falsecount="1"/>
        <line num="2996" count="0" type="stmt"/>
        <line num="2997" count="0" type="stmt"/>
        <line num="3001" count="0" type="stmt"/>
        <line num="3002" count="0" type="stmt"/>
        <line num="3013" count="0" type="stmt"/>
        <line num="3015" count="0" type="cond" truecount="0" falsecount="1"/>
        <line num="3016" count="0" type="stmt"/>
        <line num="3017" count="0" type="cond" truecount="0" falsecount="3"/>
        <line num="3018" count="0" type="stmt"/>
        <line num="3020" count="0" type="cond" truecount="0" falsecount="1"/>
        <line num="3021" count="0" type="stmt"/>
        <line num="3022" count="0" type="stmt"/>
        <line num="3026" count="0" type="stmt"/>
        <line num="3027" count="0" type="stmt"/>
        <line num="3039" count="0" type="stmt"/>
        <line num="3041" count="0" type="cond" truecount="0" falsecount="1"/>
        <line num="3042" count="0" type="stmt"/>
        <line num="3043" count="0" type="stmt"/>
        <line num="3047" count="0" type="stmt"/>
        <line num="3048" count="0" type="stmt"/>
        <line num="3058" count="0" type="stmt"/>
        <line num="3062" count="0" type="stmt"/>
        <line num="3064" count="0" type="cond" truecount="0" falsecount="1"/>
        <line num="3065" count="0" type="stmt"/>
        <line num="3066" count="0" type="cond" truecount="0" falsecount="2"/>
        <line num="3070" count="0" type="stmt"/>
        <line num="3071" count="0" type="stmt"/>
        <line num="3081" count="0" type="stmt"/>
        <line num="3082" count="0" type="stmt"/>
        <line num="3083" count="0" type="stmt"/>
        <line num="3087" count="0" type="stmt"/>
        <line num="3091" count="0" type="stmt"/>
        <line num="3093" count="0" type="stmt"/>
        <line num="3096" count="0" type="stmt"/>
        <line num="3097" count="0" type="stmt"/>
        <line num="3106" count="0" type="stmt"/>
        <line num="3108" count="0" type="stmt"/>
        <line num="3111" count="0" type="stmt"/>
        <line num="3112" count="0" type="stmt"/>
        <line num="3121" count="0" type="stmt"/>
        <line num="3123" count="0" type="stmt"/>
        <line num="3126" count="0" type="stmt"/>
        <line num="3127" count="0" type="stmt"/>
        <line num="3137" count="0" type="stmt"/>
        <line num="3138" count="0" type="stmt"/>
        <line num="3140" count="0" type="cond" truecount="0" falsecount="1"/>
        <line num="3141" count="0" type="stmt"/>
        <line num="3145" count="0" type="cond" truecount="0" falsecount="2"/>
        <line num="3146" count="0" type="cond" truecount="0" falsecount="2"/>
        <line num="3147" count="0" type="stmt"/>
        <line num="3149" count="0" type="stmt"/>
        <line num="3154" count="0" type="stmt"/>
        <line num="3161" count="0" type="stmt"/>
        <line num="3162" count="0" type="stmt"/>
        <line num="3164" count="0" type="cond" truecount="0" falsecount="1"/>
        <line num="3165" count="0" type="stmt"/>
        <line num="3169" count="0" type="cond" truecount="0" falsecount="2"/>
        <line num="3170" count="0" type="cond" truecount="0" falsecount="2"/>
        <line num="3171" count="0" type="stmt"/>
[...]
        <line num="760" count="0" type="stmt"/>
        <line num="765" count="0" type="stmt"/>
        <line num="766" count="0" type="stmt"/>
        <line num="772" count="0" type="stmt"/>
        <line num="773" count="0" type="stmt"/>
        <line num="776" count="0" type="stmt"/>
        <line num="777" count="0" type="stmt"/>
        <line num="782" count="0" type="stmt"/>
        <line num="784" count="0" type="stmt"/>
        <line num="785" count="0" type="stmt"/>
        <line num="786" count="0" type="stmt"/>
        <line num="787" count="0" type="stmt"/>
        <line num="788" count="0" type="stmt"/>
        <line num="790" count="0" type="cond" truecount="0" falsecount="2"/>
        <line num="791" count="0" type="cond" truecount="0" falsecount="4"/>
        <line num="792" count="0" type="stmt"/>
        <line num="794" count="0" type="cond" truecount="0" falsecount="4"/>
        <line num="795" count="0" type="stmt"/>
        <line num="797" count="0" type="cond" truecount="0" falsecount="1"/>
        <line num="802" count="0" type="stmt"/>
        <line num="804" count="0" type="cond" truecount="0" falsecount="1"/>
        <line num="809" count="0" type="stmt"/>
        <line num="811" count="0" type="stmt"/>
        <line num="812" count="0" type="cond" truecount="0" falsecount="1"/>
        <line num="813" count="0" type="stmt"/>
        <line num="814" count="0" type="cond" truecount="0" falsecount="2"/>
        <line num="816" count="0" type="stmt"/>
        <line num="817" count="0" type="stmt"/>
        <line num="822" count="0" type="stmt"/>
        <line num="823" count="0" type="stmt"/>
        <line num="826" count="0" type="stmt"/>
        <line num="827" count="0" type="stmt"/>
        <line num="832" count="0" type="stmt"/>
        <line num="833" count="0" type="stmt"/>
        <line num="834" count="0" type="cond" truecount="0" falsecount="2"/>
        <line num="835" count="0" type="cond" truecount="0" falsecount="2"/>
        <line num="836" count="0" type="stmt"/>
        <line num="838" count="0" type="cond" truecount="0" falsecount="2"/>
        <line num="842" count="0" type="cond" truecount="0" falsecount="1"/>
        <line num="843" count="0" type="stmt"/>
        <line num="844" count="0" type="cond" truecount="0" falsecount="1"/>
        <line num="845" count="0" type="stmt"/>
        <line num="846" count="0" type="stmt"/>
        <line num="847" count="0" type="stmt"/>
        <line num="851" count="0" type="stmt"/>
        <line num="852" count="0" type="stmt"/>
        <line num="853" count="0" type="stmt"/>
        <line num="854" count="0" type="stmt"/>
        <line num="855" count="0" type="stmt"/>
        <line num="859" count="0" type="stmt"/>
        <line num="860" count="0" type="stmt"/>
        <line num="861" count="0" type="stmt"/>
        <line num="862" count="0" type="stmt"/>
        <line num="863" count="0" type="stmt"/>
        <line num="864" count="0" type="stmt"/>
        <line num="865" count="0" type="stmt"/>
        <line num="867" count="0" type="stmt"/>
        <line num="868" count="0" type="stmt"/>
        <line num="869" count="0" type="stmt"/>
        <line num="872" count="0" type="stmt"/>
        <line num="876" count="0" type="stmt"/>
        <line num="877" count="0" type="stmt"/>
        <line num="879" count="0" type="stmt"/>
        <line num="880" count="0" type="stmt"/>
        <line num="881" count="0" type="stmt"/>
        <line num="885" count="0" type="cond" truecount="0" falsecount="2"/>
        <line num="887" count="0" type="cond" truecount="0" falsecount="1"/>
        <line num="889" count="0" type="cond" truecount="0" falsecount="3"/>
        <line num="891" count="0" type="stmt"/>
        <line num="895" count="0" type="stmt"/>
        <line num="899" count="0" type="stmt"/>
        <line num="903" count="0" type="stmt"/>
        <line num="907" count="0" type="stmt"/>
        <line num="911" count="0" type="cond" truecount="0" falsecount="2"/>
        <line num="919" count="0" type="stmt"/>
        <line num="920" count="0" type="stmt"/>
        <line num="921" count="0" type="stmt"/>
        <line num="922" count="0" type="stmt"/>
        <line num="927" count="0" type="stmt"/>
        <line num="929" count="0" type="cond" truecount="0" falsecount="4"/>
        <line num="930" count="0" type="stmt"/>
        <line num="931" count="0" type="stmt"/>
        <line num="932" count="0" type="stmt"/>
        <line num="933" count="0" type="stmt"/>
        <line num="938" count="0" type="stmt"/>
        <line num="941" count="0" type="stmt"/>
        <line num="942" count="0" type="stmt"/>
        <line num="943" count="0" type="stmt"/>
        <line num="944" count="0" type="stmt"/>
        <line num="949" count="0" type="stmt"/>
        <line num="953" count="0" type="cond" truecount="0" falsecount="2"/>
        <line num="954" count="0" type="stmt"/>
        <line num="955" count="0" type="stmt"/>
        <line num="959" count="0" type="stmt"/>
        <line num="961" count="0" type="stmt"/>
        <line num="963" count="0" type="stmt"/>
        <line num="964" count="0" type="stmt"/>
        <line num="969" count="0" type="cond" truecount="0" falsecount="1"/>
        <line num="970" count="0" type="stmt"/>
        <line num="972" count="0" type="stmt"/>
        <line num="974" count="0" type="stmt"/>
        <line num="979" count="0" type="cond" truecount="0" falsecount="1"/>
        <line num="981" count="0" type="stmt"/>
        <line num="982" count="0" type="stmt"/>
        <line num="983" count="0" type="stmt"/>
        <line num="984" count="0" type="stmt"/>
        <line num="985" count="0" type="stmt"/>
        <line num="987" count="0" type="stmt"/>
        <line num="988" count="0" type="stmt"/>
        <line num="989" count="0" type="stmt"/>
        <line num="990" count="0" type="stmt"/>
        <line num="992" count="0" type="stmt"/>
        <line num="993" count="0" type="stmt"/>
        <line num="995" count="0" type="stmt"/>
        <line num="996" count="0" type="stmt"/>
        <line num="997" count="0" type="stmt"/>
        <line num="998" count="0" type="stmt"/>
        <line num="1006" count="0" type="cond" truecount="0" falsecount="3"/>
        <line num="1007" count="0" type="stmt"/>
        <line num="1008" count="0" type="stmt"/>
        <line num="1009" count="0" type="stmt"/>
        <line num="1010" count="0" type="stmt"/>
        <line num="1016" count="0" type="cond" truecount="0" falsecount="2"/>
        <line num="1017" count="0" type="stmt"/>
        <line num="1019" count="0" type="stmt"/>
        <line num="1020" count="0" type="stmt"/>
        <line num="1021" count="0" type="stmt"/>
        <line num="1022" count="0" type="stmt"/>
        <line num="1023" count="0" type="stmt"/>
        <line num="1026" count="0" type="stmt"/>
        <line num="1027" count="0" type="stmt"/>
        <line num="1030" count="0" type="stmt"/>
        <line num="1034" count="0" type="stmt"/>
        <line num="1035" count="0" type="stmt"/>
        <line num="1036" count="0" type="stmt"/>
        <line num="1040" count="0" type="cond" truecount="0" falsecount="1"/>
        <line num="1041" count="0" type="stmt"/>
        <line num="1042" count="0" type="stmt"/>
        <line num="1047" count="0" type="cond" truecount="0" falsecount="1"/>
        <line num="1048" count="0" type="stmt"/>
        <line num="1049" count="0" type="stmt"/>
        <line num="1054" count="0" type="stmt"/>
        <line num="1055" count="0" type="stmt"/>
        <line num="1059" count="0" type="stmt"/>
      </file>
      <file name="types.ts" path="/Users/goncalomargalho/clawd/eufy-security-client/src/push/types.ts">
        <metrics statements="200" coveredstatements="200" conditionals="36" coveredconditionals="36" methods="18" coveredmethods="18"/>
        <line num="1" count="2" type="cond" truecount="2" falsecount="0"/>
        <line num="2" count="2" type="stmt"/>
        <line num="3" count="2" type="stmt"/>
        <line num="4" count="2" type="stmt"/>
        <line num="5" count="2" type="stmt"/>
        <line num="6" count="2" type="stmt"/>
        <line num="7" count="2" type="stmt"/>
        <line num="8" count="2" type="stmt"/>
        <line num="9" count="2" type="stmt"/>
        <line num="10" count="2" type="stmt"/>
        <line num="11" count="2" type="stmt"/>
        <line num="12" count="2" type="stmt"/>
        <line num="13" count="2" type="stmt"/>
        <line num="14" count="2" type="stmt"/>
        <line num="15" count="2" type="stmt"/>
        <line num="16" count="2" type="stmt"/>
        <line num="17" count="2" type="stmt"/>
        <line num="18" count="2" type="stmt"/>
        <line num="19" count="2" type="stmt"/>
        <line num="22" count="2" type="cond" truecount="2" falsecount="0"/>
        <line num="23" count="2" type="stmt"/>
        <line num="24" count="2" type="stmt"/>
        <line num="25" count="2" type="stmt"/>
        <line num="26" count="2" type="stmt"/>
        <line num="27" count="2" type="stmt"/>
        <line num="28" count="2" type="stmt"/>
        <line num="29" count="2" type="stmt"/>
        <line num="30" count="2" type="stmt"/>
        <line num="31" count="2" type="stmt"/>
        <line num="32" count="2" type="stmt"/>
        <line num="33" count="2" type="stmt"/>
        <line num="34" count="2" type="stmt"/>
        <line num="35" count="2" type="stmt"/>
        <line num="36" count="2" type="stmt"/>
        <line num="37" count="2" type="stmt"/>
        <line num="38" count="2" type="stmt"/>
        <line num="39" count="2" type="stmt"/>
        <line num="40" count="2" type="stmt"/>
        <line num="41" count="2" type="stmt"/>
        <line num="44" count="2" type="cond" truecount="2" falsecount="0"/>
        <line num="45" count="2" type="stmt"/>
        <line num="46" count="2" type="stmt"/>
        <line num="47" count="2" type="stmt"/>
        <line num="50" count="2" type="cond" truecount="2" falsecount="0"/>
        <line num="51" count="2" type="stmt"/>
        <line num="52" count="2" type="stmt"/>
        <line num="53" count="2" type="stmt"/>
        <line num="54" count="2" type="stmt"/>
        <line num="55" count="2" type="stmt"/>
        <line num="56" count="2" type="stmt"/>
        <line num="57" count="2" type="stmt"/>
        <line num="58" count="2" type="stmt"/>
        <line num="59" count="2" type="stmt"/>
        <line num="60" count="2" type="stmt"/>
        <line num="63" count="2" type="cond" truecount="2" falsecount="0"/>
        <line num="64" count="2" type="stmt"/>
        <line num="65" count="2" type="stmt"/>
        <line num="66" count="2" type="stmt"/>
        <line num="67" count="2" type="stmt"/>
        <line num="69" count="2" type="stmt"/>
        <line num="71" count="2" type="stmt"/>
        <line num="72" count="2" type="stmt"/>
        <line num="73" count="2" type="stmt"/>
        <line num="74" count="2" type="stmt"/>
        <line num="75" count="2" type="stmt"/>
        <line num="76" count="2" type="stmt"/>
        <line num="77" count="2" type="stmt"/>
        <line num="78" count="2" type="stmt"/>
        <line num="79" count="2" type="stmt"/>
        <line num="82" count="2" type="cond" truecount="2" falsecount="0"/>
        <line num="83" count="2" type="stmt"/>
        <line num="84" count="2" type="stmt"/>
        <line num="85" count="2" type="stmt"/>
        <line num="86" count="2" type="stmt"/>
        <line num="87" count="2" type="stmt"/>
        <line num="88" count="2" type="stmt"/>
        <line num="89" count="2" type="stmt"/>
        <line num="90" count="2" type="stmt"/>
        <line num="91" count="2" type="stmt"/>
        <line num="92" count="2" type="stmt"/>
        <line num="93" count="2" type="stmt"/>
        <line num="94" count="2" type="stmt"/>
        <line num="95" count="2" type="stmt"/>
        <line num="97" count="2" type="stmt"/>
        <line num="98" count="2" type="stmt"/>
        <line num="99" count="2" type="stmt"/>
        <line num="100" count="2" type="stmt"/>
        <line num="101" count="2" type="stmt"/>
        <line num="102" count="2" type="stmt"/>
        <line num="103" count="2" type="stmt"/>
        <line num="104" count="2" type="stmt"/>
        <line num="105" count="2" type="stmt"/>
        <line num="106" count="2" type="stmt"/>
        <line num="108" count="2" type="stmt"/>
        <line num="109" count="2" type="stmt"/>
        <line num="110" count="2" type="stmt"/>
        <line num="113" count="2" type="cond" truecount="2" falsecount="0"/>
        <line num="114" count="2" type="stmt"/>
        <line num="115" count="2" type="stmt"/>
        <line num="116" count="2" type="stmt"/>
        <line num="117" count="2" type="stmt"/>
        <line num="118" count="2" type="stmt"/>
        <line num="119" count="2" type="stmt"/>
        <line num="122" count="2" type="cond" truecount="2" falsecount="0"/>
        <line num="123" count="2" type="stmt"/>
        <line num="124" count="2" type="stmt"/>
        <line num="125" count="2" type="stmt"/>
        <line num="126" count="2" type="stmt"/>
        <line num="127" count="2" type="stmt"/>
        <line num="128" count="2" type="stmt"/>
        <line num="129" count="2" type="stmt"/>
        <line num="130" count="2" type="stmt"/>
        <line num="133" count="2" type="cond" truecount="2" falsecount="0"/>
        <line num="134" count="2" type="stmt"/>
        <line num="135" count="2" type="stmt"/>
        <line num="136" count="2" type="stmt"/>
        <line num="137" count="2" type="stmt"/>
        <line num="138" count="2" type="stmt"/>
        <line num="139" count="2" type="stmt"/>
        <line num="140" count="2" type="stmt"/>
        <line num="141" count="2" type="stmt"/>
        <line num="142" count="2" type="stmt"/>
        <line num="145" count="2" type="cond" truecount="2" falsecount="0"/>
        <line num="146" count="2" type="stmt"/>
        <line num="147" count="2" type="stmt"/>
        <line num="148" count="2" type="stmt"/>
        <line num="149" count="2" type="stmt"/>
        <line num="150" count="2" type="stmt"/>
        <line num="151" count="2" type="stmt"/>
        <line num="152" count="2" type="stmt"/>
        <line num="153" count="2" type="stmt"/>
        <line num="154" count="2" type="stmt"/>
        <line num="155" count="2" type="stmt"/>
        <line num="156" count="2" type="stmt"/>
        <line num="157" count="2" type="stmt"/>
        <line num="160" count="2" type="cond" truecount="2" falsecount="0"/>
        <line num="161" count="2" type="stmt"/>
        <line num="162" count="2" type="stmt"/>
        <line num="163" count="2" type="stmt"/>
        <line num="164" count="2" type="stmt"/>
        <line num="165" count="2" type="stmt"/>
        <line num="166" count="2" type="stmt"/>
        <line num="167" count="2" type="stmt"/>
        <line num="168" count="2" type="stmt"/>
        <line num="169" count="2" type="stmt"/>
        <line num="170" count="2" type="stmt"/>
        <line num="171" count="2" type="stmt"/>
        <line num="172" count="2" type="stmt"/>
        <line num="173" count="2" type="stmt"/>
        <line num="174" count="2" type="stmt"/>
        <line num="175" count="2" type="stmt"/>
        <line num="176" count="2" type="stmt"/>
        <line num="177" count="2" type="stmt"/>
        <line num="178" count="2" type="stmt"/>
        <line num="179" count="2" type="stmt"/>
        <line num="180" count="2" type="stmt"/>
        <line num="181" count="2" type="stmt"/>
        <line num="182" count="2" type="stmt"/>
        <line num="183" count="2" type="stmt"/>
        <line num="186" count="2" type="cond" truecount="2" falsecount="0"/>
        <line num="187" count="2" type="stmt"/>
        <line num="188" count="2" type="stmt"/>
        <line num="189" count="2" type="stmt"/>
        <line num="190" count="2" type="stmt"/>
        <line num="191" count="2" type="stmt"/>
        <line num="192" count="2" type="stmt"/>
        <line num="193" count="2" type="stmt"/>
        <line num="194" count="2" type="stmt"/>
        <line num="195" count="2" type="stmt"/>
        <line num="196" count="2" type="stmt"/>
        <line num="197" count="2" type="stmt"/>
        <line num="200" count="2" type="cond" truecount="2" falsecount="0"/>
        <line num="201" count="2" type="stmt"/>
        <line num="202" count="2" type="stmt"/>
        <line num="205" count="2" type="cond" truecount="2" falsecount="0"/>
        <line num="206" count="2" type="stmt"/>
        <line num="207" count="2" type="stmt"/>
        <line num="208" count="2" type="stmt"/>
        <line num="211" count="2" type="cond" truecount="2" falsecount="0"/>
        <line num="212" count="2" type="stmt"/>
        <line num="213" count="2" type="stmt"/>
        <line num="216" count="2" type="cond" truecount="2" falsecount="0"/>
        <line num="217" count="2" type="stmt"/>
        <line num="218" count="2" type="stmt"/>
        <line num="219" count="2" type="stmt"/>
        <line num="220" count="2" type="stmt"/>
        <line num="221" count="2" type="stmt"/>
        <line num="224" count="2" type="cond" truecount="2" falsecount="0"/>
        <line num="225" count="2" type="stmt"/>
        <line num="226" count="2" type="stmt"/>
        <line num="227" count="2" type="stmt"/>
        <line num="228" count="2" type="stmt"/>
        <line num="229" count="2" type="stmt"/>
        <line num="230" count="2" type="stmt"/>
        <line num="233" count="2" type="cond" truecount="2" falsecount="0"/>
        <line num="234" count="2" type="stmt"/>
        <line num="235" count="2" type="stmt"/>
        <line num="236" count="2" type="stmt"/>
        <line num="237" count="2" type="stmt"/>
        <line num="238" count="2" type="stmt"/>
      </file>
      <file name="utils.ts" path="/Users/goncalomargalho/clawd/eufy-security-client/src/push/utils.ts">
        <metrics statements="36" coveredstatements="11" conditionals="2" coveredconditionals="0" methods="6" coveredmethods="0"/>
        <line num="1" count="1" type="stmt"/>
        <line num="2" count="1" type="stmt"/>
        <line num="3" count="1" type="stmt"/>
        <line num="6" count="1" type="stmt"/>
        <line num="7" count="1" type="stmt"/>
        <line num="9" count="1" type="stmt"/>
        <line num="11" count="1" type="stmt"/>
        <line num="12" count="0" type="stmt"/>
        <line num="13" count="0" type="stmt"/>
        <line num="16" count="0" type="stmt"/>
        <line num="18" count="0" type="stmt"/>
        <line num="19" count="0" type="stmt"/>
        <line num="20" count="0" type="stmt"/>
        <line num="22" count="0" type="cond" truecount="0" falsecount="1"/>
        <line num="23" count="0" type="stmt"/>
        <line num="24" count="0" type="stmt"/>
        <line num="26" count="0" type="stmt"/>
        <line num="29" count="1" type="stmt"/>
        <line num="30" count="0" type="stmt"/>
        <line num="31" count="0" type="stmt"/>
        <line num="33" count="0" type="stmt"/>
        <line num="60" count="0" type="stmt"/>
        <line num="61" count="0" type="stmt"/>
        <line num="64" count="1" type="stmt"/>
        <line num="65" count="0" type="stmt"/>
        <line num="66" count="0" type="stmt"/>
        <line num="67" count="0" type="stmt"/>
        <line num="68" count="0" type="stmt"/>
        <line num="73" count="0" type="stmt"/>
        <line num="76" count="1" type="stmt"/>
        <line num="77" count="0" type="stmt"/>
        <line num="78" count="0" type="stmt"/>
        <line num="82" count="1" type="stmt"/>
        <line num="83" count="0" type="cond" truecount="0" falsecount="1"/>
        <line num="84" count="0" type="stmt"/>
        <line num="86" count="0" type="stmt"/>
      </file>
    </package>
  </project>
</coverage>
