TN:
SF:src/error.ts
FN:21,(anonymous_0)
FN:37,ensureError
FN:50,(anonymous_2)
FN:58,(anonymous_3)
FN:66,(anonymous_4)
FN:74,(anonymous_5)
FN:82,(anonymous_6)
FN:90,(anonymous_7)
FN:98,(anonymous_8)
FN:106,(anonymous_9)
FN:114,(anonymous_10)
FN:122,(anonymous_11)
FN:130,(anonymous_12)
FN:138,(anonymous_13)
FN:146,(anonymous_14)
FN:154,(anonymous_15)
FN:162,(anonymous_16)
FN:170,(anonymous_17)
FN:178,(anonymous_18)
FN:186,(anonymous_19)
FN:194,(anonymous_20)
FNF:21
FNH:3
FNDA:13,(anonymous_0)
FNDA:3,ensureError
FNDA:0,(anonymous_2)
FNDA:0,(anonymous_3)
FNDA:0,(anonymous_4)
FNDA:0,(anonymous_5)
FNDA:0,(anonymous_6)
FNDA:0,(anonymous_7)
FNDA:0,(anonymous_8)
FNDA:7,(anonymous_9)
FNDA:0,(anonymous_10)
FNDA:0,(anonymous_11)
FNDA:0,(anonymous_12)
FNDA:0,(anonymous_13)
FNDA:0,(anonymous_14)
FNDA:0,(anonymous_15)
FNDA:0,(anonymous_16)
FNDA:0,(anonymous_17)
FNDA:0,(anonymous_18)
FNDA:0,(anonymous_19)
FNDA:0,(anonymous_20)
DA:18,3
DA:22,13
DA:24,13
DA:25,13
DA:27,13
DA:37,3
DA:38,3
DA:39,1
DA:40,1
DA:41,1
DA:43,0
DA:46,1
DA:49,3
DA:51,0
DA:52,0
DA:53,0
DA:57,3
DA:59,0
DA:60,0
DA:61,0
DA:65,3
DA:67,0
DA:68,0
DA:69,0
DA:73,3
DA:75,0
DA:76,0
DA:77,0
DA:81,3
DA:83,0
DA:84,0
DA:85,0
DA:89,3
DA:91,0
DA:92,0
DA:93,0
DA:97,3
DA:99,0
DA:100,0
DA:101,0
DA:105,3
DA:107,7
DA:108,7
DA:109,7
DA:113,3
DA:115,0
DA:116,0
DA:117,0
DA:121,3
DA:123,0
DA:124,0
DA:125,0
DA:129,3
DA:131,0
DA:132,0
DA:133,0
DA:137,3
DA:139,0
DA:140,0
DA:141,0
DA:145,3
DA:147,0
DA:148,0
DA:149,0
DA:153,3
DA:155,0
DA:156,0
DA:157,0
DA:161,3
DA:163,0
DA:164,0
DA:165,0
DA:169,3
DA:171,0
DA:172,0
DA:173,0
DA:177,3
DA:179,0
DA:180,0
DA:181,0
DA:185,3
DA:187,0
DA:188,0
DA:189,0
DA:193,3
DA:195,0
DA:196,0
DA:197,0
LF:88
LH:33
BRDA:21,0,0,6
BRDA:38,1,0,2
BRDA:50,2,0,0
BRDA:58,3,0,0
BRDA:66,4,0,0
BRDA:74,5,0,0
BRDA:82,6,0,0
BRDA:90,7,0,0
BRDA:98,8,0,0
BRDA:106,9,0,0
BRDA:114,10,0,0
BRDA:122,11,0,0
BRDA:130,12,0,0
BRDA:138,13,0,0
BRDA:146,14,0,0
BRDA:154,15,0,0
BRDA:162,16,0,0
BRDA:170,17,0,0
BRDA:178,18,0,0
BRDA:186,19,0,0
BRDA:194,20,0,0
BRF:21
BRH:2
end_of_record
TN:
SF:src/eufysecurity.ts
FN:169,(anonymous_10)
FN:176,(anonymous_11)
FN:182,(anonymous_12)
FN:339,(anonymous_13)
FN:340,(anonymous_14)
FN:341,(anonymous_15)
FN:342,(anonymous_16)
FN:343,(anonymous_17)
FN:344,(anonymous_18)
FN:345,(anonymous_19)
FN:346,(anonymous_20)
FN:347,(anonymous_21)
FN:374,(anonymous_22)
FN:387,(anonymous_23)
FN:390,(anonymous_24)
FN:391,(anonymous_25)
FN:399,(anonymous_26)
FN:401,(anonymous_27)
FN:405,(anonymous_28)
FN:409,(anonymous_29)
FN:411,(anonymous_30)
FN:414,(anonymous_31)
FN:420,(anonymous_32)
FN:426,(anonymous_33)
FN:437,(anonymous_34)
FN:447,(anonymous_35)
FN:451,(anonymous_36)
FN:455,(anonymous_37)
FN:459,(anonymous_38)
FN:471,(anonymous_39)
FN:485,(anonymous_40)
FN:506,(anonymous_41)
FN:520,(anonymous_42)
FN:533,(anonymous_43)
FN:540,(anonymous_44)
FN:543,(anonymous_45)
FN:549,(anonymous_46)
FN:552,(anonymous_47)
FN:558,(anonymous_48)
FN:564,(anonymous_49)
FN:579,(anonymous_50)
FN:582,(anonymous_51)
FN:588,(anonymous_52)
FN:594,(anonymous_53)
FN:598,(anonymous_54)
FN:612,(anonymous_55)
FN:617,(anonymous_56)
FN:622,(anonymous_57)
FN:628,(anonymous_58)
FN:651,(anonymous_59)
FN:653,(anonymous_60)
FN:654,(anonymous_61)
FN:657,(anonymous_62)
FN:658,(anonymous_63)
FN:663,(anonymous_64)
FN:671,(anonymous_65)
FN:674,(anonymous_66)
FN:679,(anonymous_67)
FN:687,(anonymous_68)
FN:690,(anonymous_69)
FN:693,(anonymous_70)
FN:696,(anonymous_71)
FN:699,(anonymous_72)
FN:702,(anonymous_73)
FN:705,(anonymous_74)
FN:710,(anonymous_75)
FN:713,(anonymous_76)
FN:716,(anonymous_77)
FN:721,(anonymous_78)
FN:726,(anonymous_79)
FN:729,(anonymous_80)
FN:734,(anonymous_81)
FN:739,(anonymous_82)
FN:744,(anonymous_83)
FN:747,(anonymous_84)
FN:750,(anonymous_85)
FN:753,(anonymous_86)
FN:756,(anonymous_87)
FN:759,(anonymous_88)
FN:762,(anonymous_89)
FN:765,(anonymous_90)
FN:768,(anonymous_91)
FN:769,(anonymous_92)
FN:772,(anonymous_93)
FN:775,(anonymous_94)
FN:780,(anonymous_95)
FN:787,(anonymous_96)
FN:792,(anonymous_97)
FN:800,(anonymous_98)
FN:805,(anonymous_99)
FN:810,(anonymous_100)
FN:813,(anonymous_101)
FN:818,(anonymous_102)
FN:823,(anonymous_103)
FN:840,(anonymous_104)
FN:851,(anonymous_105)
FN:854,(anonymous_106)
FN:865,(anonymous_107)
FN:886,(anonymous_108)
FN:894,(anonymous_109)
FN:901,(anonymous_110)
FN:905,(anonymous_111)
FN:909,(anonymous_112)
FN:915,(anonymous_113)
FN:925,(anonymous_114)
FN:982,(anonymous_115)
FN:986,(anonymous_116)
FN:989,(anonymous_117)
FN:992,(anonymous_118)
FN:995,(anonymous_119)
FN:998,(anonymous_120)
FN:1001,(anonymous_121)
FN:1004,(anonymous_122)
FN:1007,(anonymous_123)
FN:1010,(anonymous_124)
FN:1011,(anonymous_125)
FN:1012,(anonymous_126)
FN:1013,(anonymous_127)
FN:1014,(anonymous_128)
FN:1017,(anonymous_129)
FN:1020,(anonymous_130)
FN:1023,(anonymous_131)
FN:1026,(anonymous_132)
FN:1029,(anonymous_133)
FN:1034,(anonymous_134)
FN:1037,(anonymous_135)
FN:1040,(anonymous_136)
FN:1043,(anonymous_137)
FN:1046,(anonymous_138)
FN:1047,(anonymous_139)
FN:1050,(anonymous_140)
FN:1053,(anonymous_141)
FN:1056,(anonymous_142)
FN:1059,(anonymous_143)
FN:1062,(anonymous_144)
FN:1065,(anonymous_145)
FN:1068,(anonymous_146)
FN:1071,(anonymous_147)
FN:1074,(anonymous_148)
FN:1091,(anonymous_149)
FN:1092,(anonymous_150)
FN:1094,(anonymous_151)
FN:1103,(anonymous_152)
FN:1121,(anonymous_153)
FN:1124,(anonymous_154)
FN:1132,(anonymous_155)
FN:1134,(anonymous_156)
FN:1139,(anonymous_157)
FN:1146,(anonymous_158)
FN:1157,(anonymous_159)
FN:1164,(anonymous_160)
FN:1169,(anonymous_161)
FN:1179,(anonymous_162)
FN:1183,(anonymous_163)
FN:1192,(anonymous_164)
FN:1196,(anonymous_165)
FN:1200,(anonymous_166)
FN:1207,(anonymous_167)
FN:1210,(anonymous_168)
FN:1214,(anonymous_169)
FN:1222,(anonymous_170)
FN:1228,(anonymous_171)
FN:1232,(anonymous_172)
FN:1234,(anonymous_173)
FN:1237,(anonymous_174)
FN:1247,(anonymous_175)
FN:1263,(anonymous_176)
FN:1287,(anonymous_177)
FN:1291,(anonymous_178)
FN:1307,(anonymous_179)
FN:1322,(anonymous_180)
FN:1346,(anonymous_181)
FN:1364,(anonymous_182)
FN:1379,(anonymous_183)
FN:1384,(anonymous_184)
FN:1389,(anonymous_185)
FN:1393,(anonymous_186)
FN:1397,(anonymous_187)
FN:1401,(anonymous_188)
FN:1405,(anonymous_189)
FN:1408,(anonymous_190)
FN:1417,(anonymous_191)
FN:1429,(anonymous_192)
FN:1444,(anonymous_193)
FN:1451,(anonymous_194)
FN:1467,(anonymous_195)
FN:1502,(anonymous_196)
FN:1503,(anonymous_197)
FN:1516,(anonymous_198)
FN:1524,(anonymous_199)
FN:1525,(anonymous_200)
FN:1527,(anonymous_201)
FN:1539,(anonymous_202)
FN:1548,(anonymous_203)
FN:1561,(anonymous_204)
FN:1582,(anonymous_205)
FN:1598,(anonymous_206)
FN:1602,(anonymous_207)
FN:2245,(anonymous_208)
FN:2316,(anonymous_209)
FN:2324,(anonymous_210)
FN:2327,(anonymous_211)
FN:2338,(anonymous_212)
FN:2340,(anonymous_213)
FN:2343,(anonymous_214)
FN:2353,(anonymous_215)
FN:2355,(anonymous_216)
FN:2358,(anonymous_217)
FN:2369,(anonymous_218)
FN:2371,(anonymous_219)
FN:2374,(anonymous_220)
FN:2384,(anonymous_221)
FN:2386,(anonymous_222)
FN:2389,(anonymous_223)
FN:2399,(anonymous_224)
FN:2407,(anonymous_225)
FN:2410,(anonymous_226)
FN:2421,(anonymous_227)
FN:2423,(anonymous_228)
FN:2426,(anonymous_229)
FN:2436,(anonymous_230)
FN:2452,(anonymous_231)
FN:2508,(anonymous_232)
FN:2519,(anonymous_233)
FN:2535,(anonymous_234)
FN:2541,(anonymous_235)
FN:2581,(anonymous_236)
FN:2622,(anonymous_237)
FN:2627,(anonymous_238)
FN:2666,(anonymous_239)
FN:2689,(anonymous_240)
FN:2716,(anonymous_241)
FN:2719,(anonymous_242)
FN:2728,(anonymous_243)
FN:2745,(anonymous_244)
FN:2747,(anonymous_245)
FN:2751,(anonymous_246)
FN:2762,(anonymous_247)
FN:2766,(anonymous_248)
FN:2770,(anonymous_249)
FN:2776,(anonymous_250)
FN:2780,(anonymous_251)
FN:2784,(anonymous_252)
FN:2788,(anonymous_253)
FN:2792,(anonymous_254)
FN:2796,(anonymous_255)
FN:2809,(anonymous_256)
FN:2812,(anonymous_257)
FN:2828,(anonymous_258)
FN:2833,(anonymous_259)
FN:2859,(anonymous_260)
FN:2863,(anonymous_261)
FN:2867,(anonymous_262)
FN:2871,(anonymous_263)
FN:2875,(anonymous_264)
FN:2879,(anonymous_265)
FN:2883,(anonymous_266)
FN:2887,(anonymous_267)
FN:2891,(anonymous_268)
FN:2895,(anonymous_269)
FN:2899,(anonymous_270)
FN:2903,(anonymous_271)
FN:2907,(anonymous_272)
FN:2911,(anonymous_273)
FN:2915,(anonymous_274)
FN:2919,(anonymous_275)
FN:2923,(anonymous_276)
FN:2927,(anonymous_277)
FN:2931,(anonymous_278)
FN:2935,(anonymous_279)
FN:2939,(anonymous_280)
FN:2943,(anonymous_281)
FN:2947,(anonymous_282)
FN:2951,(anonymous_283)
FN:2955,(anonymous_284)
FN:2959,(anonymous_285)
FN:2966,(anonymous_286)
FN:2969,(anonymous_287)
FN:2988,(anonymous_288)
FN:2990,(anonymous_289)
FN:3000,(anonymous_290)
FN:3012,(anonymous_291)
FN:3014,(anonymous_292)
FN:3025,(anonymous_293)
FN:3038,(anonymous_294)
FN:3040,(anonymous_295)
FN:3046,(anonymous_296)
FN:3057,(anonymous_297)
FN:3061,(anonymous_298)
FN:3063,(anonymous_299)
FN:3069,(anonymous_300)
FN:3080,(anonymous_301)
FN:3086,(anonymous_302)
FN:3090,(anonymous_303)
FN:3092,(anonymous_304)
FN:3095,(anonymous_305)
FN:3105,(anonymous_306)
FN:3107,(anonymous_307)
FN:3110,(anonymous_308)
FN:3120,(anonymous_309)
FN:3122,(anonymous_310)
FN:3125,(anonymous_311)
FN:3136,(anonymous_312)
FN:3160,(anonymous_313)
FN:3184,(anonymous_314)
FN:3186,(anonymous_315)
FN:3189,(anonymous_316)
FN:3199,(anonymous_317)
FN:3201,(anonymous_318)
FN:3204,(anonymous_319)
FN:3214,(anonymous_320)
FN:3216,(anonymous_321)
FN:3219,(anonymous_322)
FN:3225,(anonymous_323)
FN:3227,(anonymous_324)
FN:3230,(anonymous_325)
FN:3236,(anonymous_326)
FN:3238,(anonymous_327)
FN:3242,(anonymous_328)
FN:3251,(anonymous_329)
FN:3300,(anonymous_330)
FN:3357,(anonymous_331)
FN:3482,(anonymous_332)
FN:3549,(anonymous_333)
FN:3613,(anonymous_334)
FN:3615,(anonymous_335)
FN:3618,(anonymous_336)
FN:3628,(anonymous_337)
FN:3645,(anonymous_338)
FN:3649,(anonymous_339)
FN:3660,(anonymous_340)
FN:3670,(anonymous_341)
FN:3672,(anonymous_342)
FN:3674,(anonymous_343)
FN:3684,(anonymous_344)
FN:3691,(anonymous_345)
FN:3699,(anonymous_346)
FN:3711,(anonymous_347)
FN:3720,(anonymous_348)
FN:3736,(anonymous_349)
FN:3744,(anonymous_350)
FN:3752,(anonymous_351)
FN:3756,(anonymous_352)
FN:3758,(anonymous_353)
FN:3764,(anonymous_354)
FN:3774,(anonymous_355)
FN:3776,(anonymous_356)
FN:3779,(anonymous_357)
FN:3789,(anonymous_358)
FN:3801,(anonymous_359)
FN:3805,(anonymous_360)
FN:3809,(anonymous_361)
FN:3813,(anonymous_362)
FN:3817,(anonymous_363)
FN:3821,(anonymous_364)
FNF:355
FNH:0
FNDA:0,(anonymous_10)
FNDA:0,(anonymous_11)
FNDA:0,(anonymous_12)
FNDA:0,(anonymous_13)
FNDA:0,(anonymous_14)
FNDA:0,(anonymous_15)
FNDA:0,(anonymous_16)
FNDA:0,(anonymous_17)
FNDA:0,(anonymous_18)
FNDA:0,(anonymous_19)
FNDA:0,(anonymous_20)
FNDA:0,(anonymous_21)
FNDA:0,(anonymous_22)
FNDA:0,(anonymous_23)
FNDA:0,(anonymous_24)
FNDA:0,(anonymous_25)
FNDA:0,(anonymous_26)
FNDA:0,(anonymous_27)
FNDA:0,(anonymous_28)
FNDA:0,(anonymous_29)
FNDA:0,(anonymous_30)
FNDA:0,(anonymous_31)
FNDA:0,(anonymous_32)
FNDA:0,(anonymous_33)
FNDA:0,(anonymous_34)
FNDA:0,(anonymous_35)
FNDA:0,(anonymous_36)
FNDA:0,(anonymous_37)
FNDA:0,(anonymous_38)
FNDA:0,(anonymous_39)
FNDA:0,(anonymous_40)
FNDA:0,(anonymous_41)
FNDA:0,(anonymous_42)
FNDA:0,(anonymous_43)
FNDA:0,(anonymous_44)
FNDA:0,(anonymous_45)
FNDA:0,(anonymous_46)
FNDA:0,(anonymous_47)
FNDA:0,(anonymous_48)
FNDA:0,(anonymous_49)
FNDA:0,(anonymous_50)
FNDA:0,(anonymous_51)
FNDA:0,(anonymous_52)
FNDA:0,(anonymous_53)
FNDA:0,(anonymous_54)
FNDA:0,(anonymous_55)
FNDA:0,(anonymous_56)
FNDA:0,(anonymous_57)
FNDA:0,(anonymous_58)
FNDA:0,(anonymous_59)
FNDA:0,(anonymous_60)
FNDA:0,(anonymous_61)
FNDA:0,(anonymous_62)
FNDA:0,(anonymous_63)
FNDA:0,(anonymous_64)
FNDA:0,(anonymous_65)
FNDA:0,(anonymous_66)
FNDA:0,(anonymous_67)
FNDA:0,(anonymous_68)
FNDA:0,(anonymous_69)
FNDA:0,(anonymous_70)
FNDA:0,(anonymous_71)
FNDA:0,(anonymous_72)
FNDA:0,(anonymous_73)
FNDA:0,(anonymous_74)
FNDA:0,(anonymous_75)
FNDA:0,(anonymous_76)
FNDA:0,(anonymous_77)
FNDA:0,(anonymous_78)
FNDA:0,(anonymous_79)
FNDA:0,(anonymous_80)
FNDA:0,(anonymous_81)
FNDA:0,(anonymous_82)
FNDA:0,(anonymous_83)
FNDA:0,(anonymous_84)
FNDA:0,(anonymous_85)
FNDA:0,(anonymous_86)
FNDA:0,(anonymous_87)
FNDA:0,(anonymous_88)
FNDA:0,(anonymous_89)
FNDA:0,(anonymous_90)
FNDA:0,(anonymous_91)
FNDA:0,(anonymous_92)
FNDA:0,(anonymous_93)
FNDA:0,(anonymous_94)
FNDA:0,(anonymous_95)
FNDA:0,(anonymous_96)
FNDA:0,(anonymous_97)
FNDA:0,(anonymous_98)
FNDA:0,(anonymous_99)
FNDA:0,(anonymous_100)
FNDA:0,(anonymous_101)
FNDA:0,(anonymous_102)
FNDA:0,(anonymous_103)
FNDA:0,(anonymous_104)
FNDA:0,(anonymous_105)
FNDA:0,(anonymous_106)
FNDA:0,(anonymous_107)
FNDA:0,(anonymous_108)
FNDA:0,(anonymous_109)
FNDA:0,(anonymous_110)
FNDA:0,(anonymous_111)
FNDA:0,(anonymous_112)
FNDA:0,(anonymous_113)
FNDA:0,(anonymous_114)
FNDA:0,(anonymous_115)
FNDA:0,(anonymous_116)
FNDA:0,(anonymous_117)
FNDA:0,(anonymous_118)
FNDA:0,(anonymous_119)
FNDA:0,(anonymous_120)
FNDA:0,(anonymous_121)
FNDA:0,(anonymous_122)
FNDA:0,(anonymous_123)
FNDA:0,(anonymous_124)
FNDA:0,(anonymous_125)
FNDA:0,(anonymous_126)
FNDA:0,(anonymous_127)
FNDA:0,(anonymous_128)
FNDA:0,(anonymous_129)
FNDA:0,(anonymous_130)
FNDA:0,(anonymous_131)
FNDA:0,(anonymous_132)
FNDA:0,(anonymous_133)
FNDA:0,(anonymous_134)
FNDA:0,(anonymous_135)
FNDA:0,(anonymous_136)
FNDA:0,(anonymous_137)
FNDA:0,(anonymous_138)
FNDA:0,(anonymous_139)
FNDA:0,(anonymous_140)
FNDA:0,(anonymous_141)
FNDA:0,(anonymous_142)
FNDA:0,(anonymous_143)
FNDA:0,(anonymous_144)
FNDA:0,(anonymous_145)
FNDA:0,(anonymous_146)
FNDA:0,(anonymous_147)
FNDA:0,(anonymous_148)
FNDA:0,(anonymous_149)
FNDA:0,(anonymous_150)
FNDA:0,(anonymous_151)
FNDA:0,(anonymous_152)
FNDA:0,(anonymous_153)
FNDA:0,(anonymous_154)
FNDA:0,(anonymous_155)
FNDA:0,(anonymous_156)
FNDA:0,(anonymous_157)
FNDA:0,(anonymous_158)
FNDA:0,(anonymous_159)
FNDA:0,(anonymous_160)
FNDA:0,(anonymous_161)
FNDA:0,(anonymous_162)
FNDA:0,(anonymous_163)
FNDA:0,(anonymous_164)
FNDA:0,(anonymous_165)
FNDA:0,(anonymous_166)
FNDA:0,(anonymous_167)
FNDA:0,(anonymous_168)
FNDA:0,(anonymous_169)
FNDA:0,(anonymous_170)
FNDA:0,(anonymous_171)
FNDA:0,(anonymous_172)
FNDA:0,(anonymous_173)
FNDA:0,(anonymous_174)
FNDA:0,(anonymous_175)
FNDA:0,(anonymous_176)
FNDA:0,(anonymous_177)
FNDA:0,(anonymous_178)
FNDA:0,(anonymous_179)
FNDA:0,(anonymous_180)
FNDA:0,(anonymous_181)
FNDA:0,(anonymous_182)
FNDA:0,(anonymous_183)
FNDA:0,(anonymous_184)
FNDA:0,(anonymous_185)
FNDA:0,(anonymous_186)
FNDA:0,(anonymous_187)
FNDA:0,(anonymous_188)
FNDA:0,(anonymous_189)
FNDA:0,(anonymous_190)
FNDA:0,(anonymous_191)
FNDA:0,(anonymous_192)
FNDA:0,(anonymous_193)
FNDA:0,(anonymous_194)
FNDA:0,(anonymous_195)
FNDA:0,(anonymous_196)
FNDA:0,(anonymous_197)
FNDA:0,(anonymous_198)
FNDA:0,(anonymous_199)
FNDA:0,(anonymous_200)
FNDA:0,(anonymous_201)
FNDA:0,(anonymous_202)
FNDA:0,(anonymous_203)
FNDA:0,(anonymous_204)
FNDA:0,(anonymous_205)
FNDA:0,(anonymous_206)
FNDA:0,(anonymous_207)
FNDA:0,(anonymous_208)
FNDA:0,(anonymous_209)
FNDA:0,(anonymous_210)
FNDA:0,(anonymous_211)
FNDA:0,(anonymous_212)
FNDA:0,(anonymous_213)
FNDA:0,(anonymous_214)
FNDA:0,(anonymous_215)
FNDA:0,(anonymous_216)
FNDA:0,(anonymous_217)
FNDA:0,(anonymous_218)
FNDA:0,(anonymous_219)
FNDA:0,(anonymous_220)
FNDA:0,(anonymous_221)
FNDA:0,(anonymous_222)
FNDA:0,(anonymous_223)
FNDA:0,(anonymous_224)
FNDA:0,(anonymous_225)
FNDA:0,(anonymous_226)
FNDA:0,(anonymous_227)
FNDA:0,(anonymous_228)
FNDA:0,(anonymous_229)
FNDA:0,(anonymous_230)
FNDA:0,(anonymous_231)
FNDA:0,(anonymous_232)
FNDA:0,(anonymous_233)
FNDA:0,(anonymous_234)
FNDA:0,(anonymous_235)
FNDA:0,(anonymous_236)
FNDA:0,(anonymous_237)
FNDA:0,(anonymous_238)
FNDA:0,(anonymous_239)
FNDA:0,(anonymous_240)
FNDA:0,(anonymous_241)
FNDA:0,(anonymous_242)
FNDA:0,(anonymous_243)
FNDA:0,(anonymous_244)
FNDA:0,(anonymous_245)
FNDA:0,(anonymous_246)
FNDA:0,(anonymous_247)
FNDA:0,(anonymous_248)
FNDA:0,(anonymous_249)
FNDA:0,(anonymous_250)
FNDA:0,(anonymous_251)
FNDA:0,(anonymous_252)
FNDA:0,(anonymous_253)
FNDA:0,(anonymous_254)
FNDA:0,(anonymous_255)
FNDA:0,(anonymous_256)
FNDA:0,(anonymous_257)
FNDA:0,(anonymous_258)
FNDA:0,(anonymous_259)
FNDA:0,(anonymous_260)
FNDA:0,(anonymous_261)
FNDA:0,(anonymous_262)
FNDA:0,(anonymous_263)
FNDA:0,(anonymous_264)
FNDA:0,(anonymous_265)
FNDA:0,(anonymous_266)
FNDA:0,(anonymous_267)
FNDA:0,(anonymous_268)
FNDA:0,(anonymous_269)
FNDA:0,(anonymous_270)
FNDA:0,(anonymous_271)
FNDA:0,(anonymous_272)
FNDA:0,(anonymous_273)
FNDA:0,(anonymous_274)
FNDA:0,(anonymous_275)
FNDA:0,(anonymous_276)
FNDA:0,(anonymous_277)
FNDA:0,(anonymous_278)
FNDA:0,(anonymous_279)
FNDA:0,(anonymous_280)
FNDA:0,(anonymous_281)
FNDA:0,(anonymous_282)
FNDA:0,(anonymous_283)
FNDA:0,(anonymous_284)
FNDA:0,(anonymous_285)
FNDA:0,(anonymous_286)
FNDA:0,(anonymous_287)
FNDA:0,(anonymous_288)
FNDA:0,(anonymous_289)
FNDA:0,(anonymous_290)
FNDA:0,(anonymous_291)
FNDA:0,(anonymous_292)
FNDA:0,(anonymous_293)
FNDA:0,(anonymous_294)
FNDA:0,(anonymous_295)
FNDA:0,(anonymous_296)
FNDA:0,(anonymous_297)
FNDA:0,(anonymous_298)
FNDA:0,(anonymous_299)
FNDA:0,(anonymous_300)
FNDA:0,(anonymous_301)
FNDA:0,(anonymous_302)
FNDA:0,(anonymous_303)
FNDA:0,(anonymous_304)
FNDA:0,(anonymous_305)
FNDA:0,(anonymous_306)
FNDA:0,(anonymous_307)
FNDA:0,(anonymous_308)
FNDA:0,(anonymous_309)
FNDA:0,(anonymous_310)
FNDA:0,(anonymous_311)
FNDA:0,(anonymous_312)
FNDA:0,(anonymous_313)
FNDA:0,(anonymous_314)
FNDA:0,(anonymous_315)
FNDA:0,(anonymous_316)
FNDA:0,(anonymous_317)
FNDA:0,(anonymous_318)
FNDA:0,(anonymous_319)
FNDA:0,(anonymous_320)
FNDA:0,(anonymous_321)
FNDA:0,(anonymous_322)
FNDA:0,(anonymous_323)
FNDA:0,(anonymous_324)
FNDA:0,(anonymous_325)
FNDA:0,(anonymous_326)
FNDA:0,(anonymous_327)
FNDA:0,(anonymous_328)
FNDA:0,(anonymous_329)
FNDA:0,(anonymous_330)
FNDA:0,(anonymous_331)
FNDA:0,(anonymous_332)
FNDA:0,(anonymous_333)
FNDA:0,(anonymous_334)
FNDA:0,(anonymous_335)
FNDA:0,(anonymous_336)
FNDA:0,(anonymous_337)
FNDA:0,(anonymous_338)
FNDA:0,(anonymous_339)
FNDA:0,(anonymous_340)
FNDA:0,(anonymous_341)
FNDA:0,(anonymous_342)
FNDA:0,(anonymous_343)
FNDA:0,(anonymous_344)
FNDA:0,(anonymous_345)
FNDA:0,(anonymous_346)
FNDA:0,(anonymous_347)
FNDA:0,(anonymous_348)
FNDA:0,(anonymous_349)
FNDA:0,(anonymous_350)
FNDA:0,(anonymous_351)
FNDA:0,(anonymous_352)
FNDA:0,(anonymous_353)
FNDA:0,(anonymous_354)
FNDA:0,(anonymous_355)
FNDA:0,(anonymous_356)
FNDA:0,(anonymous_357)
FNDA:0,(anonymous_358)
FNDA:0,(anonymous_359)
FNDA:0,(anonymous_360)
FNDA:0,(anonymous_361)
FNDA:0,(anonymous_362)
FNDA:0,(anonymous_363)
FNDA:0,(anonymous_364)
DA:1,1
DA:2,1
DA:3,1
DA:5,1
DA:8,1
DA:22,1
DA:24,1
DA:38,1
DA:40,1
DA:61,1
DA:83,1
DA:94,1
DA:106,1
DA:107,1
DA:108,1
DA:109,1
DA:111,1
DA:112,1
DA:113,1
DA:122,1
DA:123,1
DA:125,1
DA:130,0
DA:131,0
DA:132,0
DA:134,0
DA:136,0
DA:137,0
DA:141,0
DA:142,0
DA:144,0
DA:154,0
DA:155,0
DA:160,0
DA:163,0
DA:165,0
DA:166,0
DA:167,0
DA:170,0
DA:172,0
DA:173,0
DA:177,0
DA:178,0
DA:179,0
DA:183,0
DA:184,0
DA:189,0
DA:190,0
DA:191,0
DA:192,0
DA:201,0
DA:207,0
DA:208,0
DA:210,0
DA:212,0
DA:213,0
DA:215,0
DA:216,0
DA:218,0
DA:219,0
DA:220,0
DA:221,0
DA:223,0
DA:224,0
DA:226,0
DA:227,0
DA:229,0
DA:230,0
DA:232,0
DA:233,0
DA:237,0
DA:238,0
DA:239,0
DA:240,0
DA:243,0
DA:244,0
DA:246,0
DA:249,0
DA:250,0
DA:251,0
DA:252,0
DA:255,0
DA:256,0
DA:259,0
DA:260,0
DA:261,0
DA:262,0
DA:264,0
DA:267,0
DA:272,0
DA:273,0
DA:274,0
DA:278,0
DA:279,0
DA:282,0
DA:283,0
DA:284,0
DA:286,0
DA:287,0
DA:288,0
DA:292,0
DA:293,0
DA:294,0
DA:295,0
DA:296,0
DA:297,0
DA:298,0
DA:301,0
DA:302,0
DA:303,0
DA:305,0
DA:310,0
DA:311,0
DA:312,0
DA:313,0
DA:315,0
DA:322,0
DA:325,0
DA:326,0
DA:327,0
DA:330,0
DA:336,0
DA:337,0
DA:339,0
DA:340,0
DA:341,0
DA:342,0
DA:343,0
DA:344,0
DA:345,0
DA:346,0
DA:347,0
DA:349,0
DA:354,0
DA:359,0
DA:360,0
DA:362,0
DA:363,0
DA:364,0
DA:366,0
DA:367,0
DA:368,0
DA:369,0
DA:371,0
DA:373,0
DA:374,0
DA:375,0
DA:376,0
DA:379,0
DA:380,0
DA:381,0
DA:383,0
DA:384,0
DA:387,0
DA:388,0
DA:390,0
DA:391,0
DA:392,0
DA:393,0
DA:396,0
DA:400,0
DA:401,0
DA:402,0
DA:403,0
DA:405,0
DA:406,0
DA:407,0
DA:409,0
DA:410,0
DA:412,0
DA:415,0
DA:416,0
DA:417,0
DA:421,0
DA:427,0
DA:433,0
DA:438,0
DA:442,0
DA:444,0
DA:448,0
DA:452,0
DA:456,0
DA:460,0
DA:461,0
DA:462,0
DA:463,0
DA:465,0
DA:472,0
DA:473,0
DA:474,0
DA:475,0
DA:476,0
DA:477,0
DA:479,0
DA:486,0
DA:487,0
DA:488,0
DA:489,0
DA:494,0
DA:495,0
DA:499,0
DA:502,0
DA:507,0
DA:508,0
DA:509,0
DA:510,0
DA:512,0
DA:514,0
DA:521,0
DA:522,0
DA:523,0
DA:524,0
DA:525,0
DA:527,0
DA:534,0
DA:535,0
DA:537,0
DA:541,0
DA:542,0
DA:543,0
DA:544,0
DA:546,0
DA:550,0
DA:551,0
DA:552,0
DA:553,0
DA:555,0
DA:559,0
DA:560,0
DA:561,0
DA:565,0
DA:566,0
DA:567,0
DA:571,0
DA:574,0
DA:580,0
DA:581,0
DA:582,0
DA:583,0
DA:585,0
DA:589,0
DA:590,0
DA:591,0
DA:595,0
DA:602,0
DA:603,0
DA:604,0
DA:605,0
DA:608,0
DA:613,0
DA:614,0
DA:618,0
DA:619,0
DA:623,0
DA:625,0
DA:629,0
DA:630,0
DA:631,0
DA:632,0
DA:633,0
DA:634,0
DA:635,0
DA:637,0
DA:638,0
DA:640,0
DA:641,0
DA:643,0
DA:650,0
DA:652,0
DA:653,0
DA:654,0
DA:655,0
DA:657,0
DA:658,0
DA:659,0
DA:661,0
DA:669,0
DA:671,0
DA:672,0
DA:674,0
DA:675,0
DA:677,0
DA:685,0
DA:687,0
DA:688,0
DA:690,0
DA:691,0
DA:693,0
DA:694,0
DA:696,0
DA:697,0
DA:699,0
DA:700,0
DA:702,0
DA:703,0
DA:705,0
DA:706,0
DA:708,0
DA:711,0
DA:713,0
DA:714,0
DA:716,0
DA:717,0
DA:719,0
DA:722,0
DA:724,0
DA:727,0
DA:729,0
DA:730,0
DA:732,0
DA:735,0
DA:737,0
DA:740,0
DA:742,0
DA:745,0
DA:747,0
DA:748,0
DA:750,0
DA:751,0
DA:753,0
DA:754,0
DA:756,0
DA:757,0
DA:759,0
DA:760,0
DA:762,0
DA:763,0
DA:765,0
DA:766,0
DA:768,0
DA:769,0
DA:770,0
DA:772,0
DA:773,0
DA:775,0
DA:776,0
DA:778,0
DA:785,0
DA:787,0
DA:788,0
DA:790,0
DA:796,0
DA:798,0
DA:801,0
DA:803,0
DA:806,0
DA:808,0
DA:811,0
DA:813,0
DA:814,0
DA:816,0
DA:819,0
DA:821,0
DA:824,0
DA:826,0
DA:827,0
DA:829,0
DA:830,0
DA:835,0
DA:840,0
DA:841,0
DA:842,0
DA:844,0
DA:845,0
DA:846,0
DA:848,0
DA:849,0
DA:850,0
DA:852,0
DA:855,0
DA:856,0
DA:866,0
DA:871,0
DA:873,0
DA:874,0
DA:875,0
DA:877,0
DA:882,0
DA:887,0
DA:888,0
DA:889,0
DA:890,0
DA:891,0
DA:893,0
DA:895,0
DA:902,0
DA:906,0
DA:907,0
DA:908,0
DA:910,0
DA:911,0
DA:912,0
DA:916,0
DA:917,0
DA:926,0
DA:927,0
DA:928,0
DA:929,0
DA:930,0
DA:932,0
DA:933,0
DA:934,0
DA:936,0
DA:937,0
DA:940,0
DA:941,0
DA:942,0
DA:943,0
DA:944,0
DA:945,0
DA:946,0
DA:947,0
DA:948,0
DA:952,0
DA:953,0
DA:954,0
DA:955,0
DA:956,0
DA:957,0
DA:958,0
DA:959,0
DA:960,0
DA:961,0
DA:962,0
DA:963,0
DA:964,0
DA:965,0
DA:966,0
DA:967,0
DA:968,0
DA:969,0
DA:970,0
DA:971,0
DA:972,0
DA:973,0
DA:974,0
DA:975,0
DA:976,0
DA:978,0
DA:981,0
DA:983,0
DA:984,0
DA:987,0
DA:989,0
DA:990,0
DA:992,0
DA:993,0
DA:995,0
DA:996,0
DA:998,0
DA:999,0
DA:1001,0
DA:1002,0
DA:1004,0
DA:1005,0
DA:1007,0
DA:1008,0
DA:1010,0
DA:1011,0
DA:1012,0
DA:1013,0
DA:1014,0
DA:1015,0
DA:1017,0
DA:1018,0
DA:1020,0
DA:1021,0
DA:1023,0
DA:1024,0
DA:1026,0
DA:1027,0
DA:1029,0
DA:1030,0
DA:1032,0
DA:1035,0
DA:1037,0
DA:1038,0
DA:1040,0
DA:1041,0
DA:1043,0
DA:1044,0
DA:1046,0
DA:1047,0
DA:1048,0
DA:1050,0
DA:1051,0
DA:1053,0
DA:1054,0
DA:1056,0
DA:1057,0
DA:1059,0
DA:1060,0
DA:1062,0
DA:1063,0
DA:1065,0
DA:1066,0
DA:1068,0
DA:1069,0
DA:1071,0
DA:1072,0
DA:1074,0
DA:1075,0
DA:1077,0
DA:1078,0
DA:1080,0
DA:1081,0
DA:1086,0
DA:1091,0
DA:1092,0
DA:1093,0
DA:1095,0
DA:1096,0
DA:1097,0
DA:1100,0
DA:1104,0
DA:1105,0
DA:1111,0
DA:1112,0
DA:1114,0
DA:1115,0
DA:1116,0
DA:1118,0
DA:1119,0
DA:1120,0
DA:1122,0
DA:1125,0
DA:1126,0
DA:1133,0
DA:1134,0
DA:1135,0
DA:1136,0
DA:1139,0
DA:1140,0
DA:1141,0
DA:1143,0
DA:1144,0
DA:1145,0
DA:1147,0
DA:1152,0
DA:1158,0
DA:1159,0
DA:1162,0
DA:1164,0
DA:1165,0
DA:1166,0
DA:1169,0
DA:1170,0
DA:1171,0
DA:1174,0
DA:1176,0
DA:1177,0
DA:1179,0
DA:1180,0
DA:1183,0
DA:1184,0
DA:1187,0
DA:1189,0
DA:1193,0
DA:1197,0
DA:1201,0
DA:1202,0
DA:1204,0
DA:1208,0
DA:1211,0
DA:1212,0
DA:1213,0
DA:1214,0
DA:1215,0
DA:1216,0
DA:1219,0
DA:1223,0
DA:1224,0
DA:1229,0
DA:1233,0
DA:1235,0
DA:1238,0
DA:1239,0
DA:1248,0
DA:1250,0
DA:1251,0
DA:1253,0
DA:1254,0
DA:1255,0
DA:1257,0
DA:1264,0
DA:1265,0
DA:1267,0
DA:1268,0
DA:1270,0
DA:1272,0
DA:1274,0
DA:1275,0
DA:1276,0
DA:1283,0
DA:1288,0
DA:1292,0
DA:1293,0
DA:1295,0
DA:1296,0
DA:1300,0
DA:1301,0
DA:1302,0
DA:1304,0
DA:1305,0
DA:1308,0
DA:1311,0
DA:1316,0
DA:1323,0
DA:1324,0
DA:1326,0
DA:1327,0
DA:1331,0
DA:1332,0
DA:1334,0
DA:1339,0
DA:1340,0
DA:1341,0
DA:1342,0
DA:1347,0
DA:1348,0
DA:1349,0
DA:1350,0
DA:1352,0
DA:1353,0
DA:1354,0
DA:1356,0
DA:1359,0
DA:1360,0
DA:1365,0
DA:1366,0
DA:1368,0
DA:1369,0
DA:1373,0
DA:1374,0
DA:1375,0
DA:1380,0
DA:1381,0
DA:1385,0
DA:1386,0
DA:1390,0
DA:1394,0
DA:1398,0
DA:1402,0
DA:1406,0
DA:1408,0
DA:1409,0
DA:1410,0
DA:1411,0
DA:1413,0
DA:1414,0
DA:1415,0
DA:1416,0
DA:1417,0
DA:1418,0
DA:1420,0
DA:1421,0
DA:1428,0
DA:1429,0
DA:1430,0
DA:1431,0
DA:1435,0
DA:1437,0
DA:1438,0
DA:1439,0
DA:1444,0
DA:1445,0
DA:1446,0
DA:1447,0
DA:1449,0
DA:1450,0
DA:1451,0
DA:1452,0
DA:1453,0
DA:1454,0
DA:1456,0
DA:1457,0
DA:1460,0
DA:1464,0
DA:1468,0
DA:1470,0
DA:1471,0
DA:1472,0
DA:1473,0
DA:1477,0
DA:1480,0
DA:1481,0
DA:1486,0
DA:1487,0
DA:1492,0
DA:1495,0
DA:1496,0
DA:1501,0
DA:1503,0
DA:1504,0
DA:1505,0
DA:1507,0
DA:1508,0
DA:1517,0
DA:1518,0
DA:1523,0
DA:1525,0
DA:1526,0
DA:1528,0
DA:1529,0
DA:1531,0
DA:1532,0
DA:1540,0
DA:1541,0
DA:1549,0
DA:1550,0
DA:1556,0
DA:1557,0
DA:1562,0
DA:1563,0
DA:1565,0
DA:1566,0
DA:1575,0
DA:1576,0
DA:1578,0
DA:1583,0
DA:1584,0
DA:1586,0
DA:1587,0
DA:1591,0
DA:1592,0
DA:1594,0
DA:1599,0
DA:1603,0
DA:1604,0
DA:1605,0
DA:1607,0
DA:1609,0
DA:1611,0
DA:1612,0
DA:1614,0
DA:1615,0
DA:1617,0
DA:1618,0
DA:1620,0
DA:1621,0
DA:1623,0
DA:1624,0
DA:1626,0
DA:1627,0
DA:1629,0
DA:1630,0
DA:1632,0
DA:1633,0
DA:1635,0
DA:1636,0
DA:1638,0
DA:1639,0
DA:1641,0
DA:1642,0
DA:1644,0
DA:1645,0
DA:1647,0
DA:1648,0
DA:1650,0
DA:1651,0
DA:1653,0
DA:1654,0
DA:1656,0
DA:1657,0
DA:1659,0
DA:1660,0
DA:1662,0
DA:1663,0
DA:1665,0
DA:1666,0
DA:1668,0
DA:1669,0
DA:1671,0
DA:1672,0
DA:1674,0
DA:1675,0
DA:1677,0
DA:1678,0
DA:1680,0
DA:1681,0
DA:1683,0
DA:1684,0
DA:1686,0
DA:1687,0
DA:1689,0
DA:1690,0
DA:1692,0
DA:1693,0
DA:1695,0
DA:1696,0
DA:1698,0
DA:1699,0
DA:1701,0
DA:1702,0
DA:1704,0
DA:1705,0
DA:1707,0
DA:1708,0
DA:1710,0
DA:1711,0
DA:1713,0
DA:1714,0
DA:1716,0
DA:1717,0
DA:1719,0
DA:1720,0
DA:1722,0
DA:1723,0
DA:1725,0
DA:1726,0
DA:1728,0
DA:1729,0
DA:1731,0
DA:1732,0
DA:1733,0
DA:1734,0
DA:1740,0
DA:1742,0
DA:1744,0
DA:1745,0
DA:1746,0
DA:1747,0
DA:1753,0
DA:1755,0
DA:1757,0
DA:1758,0
DA:1763,0
DA:1764,0
DA:1770,0
DA:1772,0
DA:1774,0
DA:1775,0
DA:1777,0
DA:1779,0
DA:1781,0
DA:1782,0
DA:1784,0
DA:1786,0
DA:1788,0
DA:1789,0
DA:1795,0
DA:1799,0
DA:1801,0
DA:1802,0
DA:1804,0
DA:1805,0
DA:1807,0
DA:1808,0
DA:1810,0
DA:1811,0
DA:1813,0
DA:1814,0
DA:1816,0
DA:1817,0
DA:1819,0
DA:1820,0
DA:1822,0
DA:1823,0
DA:1825,0
DA:1826,0
DA:1828,0
DA:1829,0
DA:1831,0
DA:1832,0
DA:1834,0
DA:1835,0
DA:1837,0
DA:1838,0
DA:1840,0
DA:1841,0
DA:1843,0
DA:1844,0
DA:1846,0
DA:1847,0
DA:1849,0
DA:1850,0
DA:1852,0
DA:1853,0
DA:1855,0
DA:1856,0
DA:1858,0
DA:1859,0
DA:1861,0
DA:1862,0
DA:1864,0
DA:1865,0
DA:1867,0
DA:1868,0
DA:1870,0
DA:1871,0
DA:1873,0
DA:1874,0
DA:1876,0
DA:1877,0
DA:1879,0
DA:1880,0
DA:1882,0
DA:1883,0
DA:1885,0
DA:1886,0
DA:1888,0
DA:1889,0
DA:1891,0
DA:1892,0
DA:1894,0
DA:1895,0
DA:1897,0
DA:1898,0
DA:1900,0
DA:1901,0
DA:1903,0
DA:1904,0
DA:1906,0
DA:1907,0
DA:1909,0
DA:1910,0
DA:1912,0
DA:1913,0
DA:1915,0
DA:1916,0
DA:1918,0
DA:1919,0
DA:1921,0
DA:1922,0
DA:1924,0
DA:1925,0
DA:1927,0
DA:1928,0
DA:1930,0
DA:1931,0
DA:1933,0
DA:1934,0
DA:1936,0
DA:1937,0
DA:1939,0
DA:1940,0
DA:1942,0
DA:1943,0
DA:1945,0
DA:1946,0
DA:1948,0
DA:1949,0
DA:1951,0
DA:1952,0
DA:1954,0
DA:1955,0
DA:1957,0
DA:1958,0
DA:1960,0
DA:1961,0
DA:1963,0
DA:1964,0
DA:1966,0
DA:1967,0
DA:1969,0
DA:1970,0
DA:1972,0
DA:1973,0
DA:1975,0
DA:1976,0
DA:1978,0
DA:1979,0
DA:1981,0
DA:1982,0
DA:1984,0
DA:1985,0
DA:1987,0
DA:1988,0
DA:1990,0
DA:1991,0
DA:1993,0
DA:1994,0
DA:1996,0
DA:1997,0
DA:1999,0
DA:2000,0
DA:2002,0
DA:2003,0
DA:2005,0
DA:2006,0
DA:2008,0
DA:2009,0
DA:2011,0
DA:2012,0
DA:2014,0
DA:2015,0
DA:2017,0
DA:2018,0
DA:2020,0
DA:2021,0
DA:2023,0
DA:2024,0
DA:2026,0
DA:2027,0
DA:2029,0
DA:2030,0
DA:2032,0
DA:2033,0
DA:2035,0
DA:2036,0
DA:2038,0
DA:2039,0
DA:2059,0
DA:2060,0
DA:2062,0
DA:2063,0
DA:2065,0
DA:2066,0
DA:2068,0
DA:2069,0
DA:2070,0
DA:2071,0
DA:2072,0
DA:2073,0
DA:2078,0
DA:2079,0
DA:2085,0
DA:2087,0
DA:2089,0
DA:2090,0
DA:2092,0
DA:2094,0
DA:2096,0
DA:2097,0
DA:2099,0
DA:2101,0
DA:2103,0
DA:2104,0
DA:2105,0
DA:2106,0
DA:2107,0
DA:2108,0
DA:2113,0
DA:2114,0
DA:2120,0
DA:2122,0
DA:2124,0
DA:2125,0
DA:2127,0
DA:2128,0
DA:2130,0
DA:2131,0
DA:2133,0
DA:2134,0
DA:2136,0
DA:2137,0
DA:2139,0
DA:2140,0
DA:2142,0
DA:2143,0
DA:2145,0
DA:2146,0
DA:2148,0
DA:2149,0
DA:2151,0
DA:2152,0
DA:2154,0
DA:2155,0
DA:2157,0
DA:2158,0
DA:2160,0
DA:2161,0
DA:2163,0
DA:2164,0
DA:2166,0
DA:2167,0
DA:2169,0
DA:2170,0
DA:2172,0
DA:2173,0
DA:2175,0
DA:2176,0
DA:2177,0
DA:2178,0
DA:2180,0
DA:2183,0
DA:2184,0
DA:2185,0
DA:2186,0
DA:2188,0
DA:2191,0
DA:2192,0
DA:2193,0
DA:2194,0
DA:2196,0
DA:2199,0
DA:2200,0
DA:2202,0
DA:2203,0
DA:2205,0
DA:2206,0
DA:2208,0
DA:2209,0
DA:2211,0
DA:2212,0
DA:2214,0
DA:2215,0
DA:2217,0
DA:2218,0
DA:2220,0
DA:2221,0
DA:2223,0
DA:2224,0
DA:2226,0
DA:2227,0
DA:2229,0
DA:2230,0
DA:2232,0
DA:2233,0
DA:2235,0
DA:2236,0
DA:2239,0
DA:2246,0
DA:2247,0
DA:2248,0
DA:2250,0
DA:2252,0
DA:2253,0
DA:2255,0
DA:2256,0
DA:2258,0
DA:2259,0
DA:2261,0
DA:2262,0
DA:2264,0
DA:2265,0
DA:2267,0
DA:2268,0
DA:2270,0
DA:2271,0
DA:2273,0
DA:2274,0
DA:2276,0
DA:2277,0
DA:2279,0
DA:2280,0
DA:2282,0
DA:2283,0
DA:2285,0
DA:2286,0
DA:2288,0
DA:2289,0
DA:2291,0
DA:2292,0
DA:2294,0
DA:2295,0
DA:2297,0
DA:2298,0
DA:2300,0
DA:2301,0
DA:2303,0
DA:2304,0
DA:2306,0
DA:2307,0
DA:2310,0
DA:2323,0
DA:2325,0
DA:2328,0
DA:2329,0
DA:2339,0
DA:2341,0
DA:2344,0
DA:2345,0
DA:2354,0
DA:2356,0
DA:2359,0
DA:2360,0
DA:2370,0
DA:2372,0
DA:2375,0
DA:2376,0
DA:2385,0
DA:2387,0
DA:2390,0
DA:2391,0
DA:2406,0
DA:2408,0
DA:2411,0
DA:2412,0
DA:2422,0
DA:2424,0
DA:2427,0
DA:2428,0
DA:2437,0
DA:2438,0
DA:2439,0
DA:2440,0
DA:2441,0
DA:2443,0
DA:2444,0
DA:2451,0
DA:2453,0
DA:2475,0
DA:2476,0
DA:2477,0
DA:2478,0
DA:2483,0
DA:2484,0
DA:2485,0
DA:2486,0
DA:2492,0
DA:2498,0
DA:2502,0
DA:2503,0
DA:2504,0
DA:2506,0
DA:2509,0
DA:2512,0
DA:2514,0
DA:2515,0
DA:2517,0
DA:2519,0
DA:2520,0
DA:2521,0
DA:2522,0
DA:2523,0
DA:2524,0
DA:2526,0
DA:2527,0
DA:2529,0
DA:2530,0
DA:2532,0
DA:2536,0
DA:2537,0
DA:2542,0
DA:2543,0
DA:2544,0
DA:2545,0
DA:2548,0
DA:2555,0
DA:2561,0
DA:2564,0
DA:2565,0
DA:2566,0
DA:2568,0
DA:2569,0
DA:2577,0
DA:2578,0
DA:2579,0
DA:2581,0
DA:2582,0
DA:2584,0
DA:2585,0
DA:2587,0
DA:2602,0
DA:2604,0
DA:2617,0
DA:2620,0
DA:2622,0
DA:2623,0
DA:2625,0
DA:2628,0
DA:2629,0
DA:2631,0
DA:2646,0
DA:2648,0
DA:2661,0
DA:2664,0
DA:2666,0
DA:2667,0
DA:2669,0
DA:2670,0
DA:2672,0
DA:2684,0
DA:2687,0
DA:2689,0
DA:2690,0
DA:2692,0
DA:2693,0
DA:2695,0
DA:2708,0
DA:2711,0
DA:2717,0
DA:2718,0
DA:2720,0
DA:2721,0
DA:2722,0
DA:2723,0
DA:2724,0
DA:2729,0
DA:2730,0
DA:2731,0
DA:2732,0
DA:2735,0
DA:2746,0
DA:2748,0
DA:2749,0
DA:2752,0
DA:2753,0
DA:2763,0
DA:2767,0
DA:2771,0
DA:2772,0
DA:2777,0
DA:2781,0
DA:2785,0
DA:2789,0
DA:2793,0
DA:2797,0
DA:2798,0
DA:2799,0
DA:2801,0
DA:2808,0
DA:2810,0
DA:2813,0
DA:2814,0
DA:2823,0
DA:2824,0
DA:2825,0
DA:2826,0
DA:2827,0
DA:2829,0
DA:2830,0
DA:2834,0
DA:2835,0
DA:2847,0
DA:2848,0
DA:2860,0
DA:2864,0
DA:2868,0
DA:2872,0
DA:2876,0
DA:2880,0
DA:2884,0
DA:2888,0
DA:2892,0
DA:2896,0
DA:2900,0
DA:2904,0
DA:2908,0
DA:2912,0
DA:2916,0
DA:2920,0
DA:2924,0
DA:2928,0
DA:2932,0
DA:2936,0
DA:2940,0
DA:2944,0
DA:2948,0
DA:2952,0
DA:2956,0
DA:2960,0
DA:2961,0
DA:2965,0
DA:2967,0
DA:2970,0
DA:2971,0
DA:2979,0
DA:2980,0
DA:2989,0
DA:2991,0
DA:2992,0
DA:2993,0
DA:2995,0
DA:2996,0
DA:2997,0
DA:3001,0
DA:3002,0
DA:3013,0
DA:3015,0
DA:3016,0
DA:3017,0
DA:3018,0
DA:3020,0
DA:3021,0
DA:3022,0
DA:3026,0
DA:3027,0
DA:3039,0
DA:3041,0
DA:3042,0
DA:3043,0
DA:3047,0
DA:3048,0
DA:3058,0
DA:3062,0
DA:3064,0
DA:3065,0
DA:3066,0
DA:3070,0
DA:3071,0
DA:3081,0
DA:3082,0
DA:3083,0
DA:3087,0
DA:3091,0
DA:3093,0
DA:3096,0
DA:3097,0
DA:3106,0
DA:3108,0
DA:3111,0
DA:3112,0
DA:3121,0
DA:3123,0
DA:3126,0
DA:3127,0
DA:3137,0
DA:3138,0
DA:3140,0
DA:3141,0
DA:3145,0
DA:3146,0
DA:3147,0
DA:3149,0
DA:3154,0
DA:3161,0
DA:3162,0
DA:3164,0
DA:3165,0
DA:3169,0
DA:3170,0
DA:3171,0
DA:3173,0
DA:3178,0
DA:3185,0
DA:3187,0
DA:3190,0
DA:3191,0
DA:3200,0
DA:3202,0
DA:3205,0
DA:3206,0
DA:3215,0
DA:3217,0
DA:3220,0
DA:3221,0
DA:3226,0
DA:3228,0
DA:3231,0
DA:3232,0
DA:3237,0
DA:3239,0
DA:3240,0
DA:3243,0
DA:3244,0
DA:3252,0
DA:3253,0
DA:3255,0
DA:3256,0
DA:3257,0
DA:3267,0
DA:3268,0
DA:3269,0
DA:3271,0
DA:3281,0
DA:3282,0
DA:3288,0
DA:3301,0
DA:3302,0
DA:3304,0
DA:3305,0
DA:3309,0
DA:3310,0
DA:3311,0
DA:3312,0
DA:3313,0
DA:3314,0
DA:3315,0
DA:3316,0
DA:3317,0
DA:3320,0
DA:3321,0
DA:3329,0
DA:3339,0
DA:3340,0
DA:3345,0
DA:3358,0
DA:3359,0
DA:3361,0
DA:3362,0
DA:3371,0
DA:3372,0
DA:3373,0
DA:3374,0
DA:3375,0
DA:3376,0
DA:3377,0
DA:3384,0
DA:3385,0
DA:3386,0
DA:3387,0
DA:3388,0
DA:3390,0
DA:3398,0
DA:3413,0
DA:3414,0
DA:3415,0
DA:3416,0
DA:3420,0
DA:3426,0
DA:3427,0
DA:3429,0
DA:3438,0
DA:3439,0
DA:3442,0
DA:3443,0
DA:3453,0
DA:3463,0
DA:3464,0
DA:3470,0
DA:3483,0
DA:3484,0
DA:3486,0
DA:3487,0
DA:3496,0
DA:3497,0
DA:3498,0
DA:3499,0
DA:3500,0
DA:3501,0
DA:3502,0
DA:3503,0
DA:3504,0
DA:3505,0
DA:3510,0
DA:3511,0
DA:3521,0
DA:3531,0
DA:3532,0
DA:3537,0
DA:3550,0
DA:3551,0
DA:3553,0
DA:3554,0
DA:3563,0
DA:3564,0
DA:3565,0
DA:3566,0
DA:3567,0
DA:3568,0
DA:3569,0
DA:3570,0
DA:3573,0
DA:3574,0
DA:3584,0
DA:3594,0
DA:3595,0
DA:3601,0
DA:3614,0
DA:3616,0
DA:3619,0
DA:3620,0
DA:3634,0
DA:3635,0
DA:3637,0
DA:3638,0
DA:3640,0
DA:3641,0
DA:3646,0
DA:3648,0
DA:3650,0
DA:3651,0
DA:3652,0
DA:3655,0
DA:3656,0
DA:3661,0
DA:3662,0
DA:3671,0
DA:3673,0
DA:3675,0
DA:3682,0
DA:3685,0
DA:3692,0
DA:3704,0
DA:3705,0
DA:3706,0
DA:3710,0
DA:3712,0
DA:3713,0
DA:3714,0
DA:3715,0
DA:3716,0
DA:3718,0
DA:3721,0
DA:3722,0
DA:3723,0
DA:3733,0
DA:3741,0
DA:3749,0
DA:3753,0
DA:3757,0
DA:3759,0
DA:3760,0
DA:3761,0
DA:3765,0
DA:3766,0
DA:3775,0
DA:3777,0
DA:3780,0
DA:3781,0
DA:3790,0
DA:3791,0
DA:3793,0
DA:3794,0
DA:3796,0
DA:3797,0
DA:3802,0
DA:3806,0
DA:3810,0
DA:3814,0
DA:3818,0
DA:3822,0
LF:1604
LH:22
BRDA:169,0,0,0
BRDA:176,1,0,0
BRDA:183,2,0,0
BRDA:184,3,0,0
BRDA:185,4,0,0
BRDA:185,4,1,0
BRDA:185,4,2,0
BRDA:190,5,0,0
BRDA:190,6,0,0
BRDA:190,6,1,0
BRDA:192,7,0,0
BRDA:193,8,0,0
BRDA:193,8,1,0
BRDA:193,8,2,0
BRDA:193,8,3,0
BRDA:193,8,4,0
BRDA:193,8,5,0
BRDA:193,8,6,0
BRDA:207,9,0,0
BRDA:207,9,1,0
BRDA:212,10,0,0
BRDA:215,11,0,0
BRDA:218,12,0,0
BRDA:218,12,1,0
BRDA:220,13,0,0
BRDA:223,14,0,0
BRDA:226,15,0,0
BRDA:229,16,0,0
BRDA:232,17,0,0
BRDA:237,18,0,0
BRDA:237,18,1,0
BRDA:239,19,0,0
BRDA:243,20,0,0
BRDA:243,20,1,0
BRDA:250,21,0,0
BRDA:250,22,0,0
BRDA:250,22,1,0
BRDA:261,23,0,0
BRDA:264,24,0,0
BRDA:264,24,1,0
BRDA:264,25,0,0
BRDA:264,25,1,0
BRDA:272,26,0,0
BRDA:282,27,0,0
BRDA:282,28,0,0
BRDA:282,28,1,0
BRDA:283,29,0,0
BRDA:283,29,1,0
BRDA:292,30,0,0
BRDA:292,30,1,0
BRDA:292,31,0,0
BRDA:292,31,1,0
BRDA:294,32,0,0
BRDA:305,33,0,0
BRDA:306,34,0,0
BRDA:306,34,1,0
BRDA:306,34,2,0
BRDA:315,35,0,0
BRDA:316,36,0,0
BRDA:316,36,1,0
BRDA:316,36,2,0
BRDA:316,36,3,0
BRDA:316,36,4,0
BRDA:349,37,0,0
BRDA:350,38,0,0
BRDA:350,38,1,0
BRDA:350,38,2,0
BRDA:362,39,0,0
BRDA:362,40,0,0
BRDA:362,40,1,0
BRDA:367,41,0,0
BRDA:367,42,0,0
BRDA:367,42,1,0
BRDA:379,43,0,0
BRDA:379,43,1,0
BRDA:379,44,0,0
BRDA:379,44,1,0
BRDA:416,45,0,0
BRDA:427,46,0,0
BRDA:428,47,0,0
BRDA:428,47,1,0
BRDA:428,47,2,0
BRDA:428,47,3,0
BRDA:438,48,0,0
BRDA:439,49,0,0
BRDA:439,49,1,0
BRDA:461,50,0,0
BRDA:461,50,1,0
BRDA:461,51,0,0
BRDA:461,51,1,0
BRDA:473,52,0,0
BRDA:473,52,1,0
BRDA:473,53,0,0
BRDA:473,53,1,0
BRDA:476,54,0,0
BRDA:486,55,0,0
BRDA:487,56,0,0
BRDA:487,56,1,0
BRDA:489,57,0,0
BRDA:490,58,0,0
BRDA:490,58,1,0
BRDA:490,58,2,0
BRDA:508,59,0,0
BRDA:508,59,1,0
BRDA:508,60,0,0
BRDA:508,60,1,0
BRDA:512,61,0,0
BRDA:522,62,0,0
BRDA:522,62,1,0
BRDA:522,63,0,0
BRDA:522,63,1,0
BRDA:534,64,0,0
BRDA:535,65,0,0
BRDA:535,65,1,0
BRDA:541,66,0,0
BRDA:550,67,0,0
BRDA:553,68,0,0
BRDA:559,69,0,0
BRDA:560,70,0,0
BRDA:565,71,0,0
BRDA:567,72,0,0
BRDA:568,73,0,0
BRDA:568,73,1,0
BRDA:568,73,2,0
BRDA:568,73,3,0
BRDA:580,74,0,0
BRDA:589,75,0,0
BRDA:590,76,0,0
BRDA:600,77,0,0
BRDA:603,78,0,0
BRDA:634,79,0,0
BRDA:634,79,1,0
BRDA:637,80,0,0
BRDA:640,81,0,0
BRDA:844,82,0,0
BRDA:849,83,0,0
BRDA:866,84,0,0
BRDA:867,85,0,0
BRDA:867,85,1,0
BRDA:867,85,2,0
BRDA:867,85,3,0
BRDA:873,86,0,0
BRDA:877,87,0,0
BRDA:878,88,0,0
BRDA:878,88,1,0
BRDA:878,88,2,0
BRDA:889,89,0,0
BRDA:910,90,0,0
BRDA:910,91,0,0
BRDA:910,91,1,0
BRDA:933,92,0,0
BRDA:933,92,1,0
BRDA:936,93,0,0
BRDA:940,94,0,0
BRDA:940,94,1,0
BRDA:942,95,0,0
BRDA:942,95,1,0
BRDA:944,96,0,0
BRDA:944,96,1,0
BRDA:946,97,0,0
BRDA:946,97,1,0
BRDA:948,98,0,0
BRDA:948,98,1,0
BRDA:949,99,0,0
BRDA:949,99,1,0
BRDA:953,100,0,0
BRDA:953,100,1,0
BRDA:955,101,0,0
BRDA:955,101,1,0
BRDA:957,102,0,0
BRDA:957,102,1,0
BRDA:959,103,0,0
BRDA:959,103,1,0
BRDA:961,104,0,0
BRDA:961,104,1,0
BRDA:963,105,0,0
BRDA:963,105,1,0
BRDA:965,106,0,0
BRDA:965,106,1,0
BRDA:967,107,0,0
BRDA:967,107,1,0
BRDA:969,108,0,0
BRDA:969,108,1,0
BRDA:971,109,0,0
BRDA:971,109,1,0
BRDA:973,110,0,0
BRDA:973,110,1,0
BRDA:975,111,0,0
BRDA:975,111,1,0
BRDA:1095,112,0,0
BRDA:1095,113,0,0
BRDA:1095,113,1,0
BRDA:1114,114,0,0
BRDA:1119,115,0,0
BRDA:1133,116,0,0
BRDA:1143,117,0,0
BRDA:1144,118,0,0
BRDA:1144,118,1,0
BRDA:1162,119,0,0
BRDA:1187,120,0,0
BRDA:1201,121,0,0
BRDA:1202,122,0,0
BRDA:1211,123,0,0
BRDA:1215,124,0,0
BRDA:1219,125,0,0
BRDA:1248,126,0,0
BRDA:1253,127,0,0
BRDA:1253,127,1,0
BRDA:1275,128,0,0
BRDA:1275,128,1,0
BRDA:1295,129,0,0
BRDA:1301,130,0,0
BRDA:1301,130,1,0
BRDA:1304,131,0,0
BRDA:1326,132,0,0
BRDA:1331,133,0,0
BRDA:1331,133,1,0
BRDA:1331,134,0,0
BRDA:1331,134,1,0
BRDA:1340,135,0,0
BRDA:1348,136,0,0
BRDA:1353,137,0,0
BRDA:1353,137,1,0
BRDA:1368,138,0,0
BRDA:1368,139,0,0
BRDA:1368,139,1,0
BRDA:1413,140,0,0
BRDA:1420,141,0,0
BRDA:1428,142,0,0
BRDA:1437,143,0,0
BRDA:1449,144,0,0
BRDA:1456,145,0,0
BRDA:1464,146,0,0
BRDA:1473,147,0,0
BRDA:1474,148,0,0
BRDA:1474,148,1,0
BRDA:1474,148,2,0
BRDA:1477,149,0,0
BRDA:1487,150,0,0
BRDA:1488,151,0,0
BRDA:1488,151,1,0
BRDA:1488,151,2,0
BRDA:1492,152,0,0
BRDA:1565,153,0,0
BRDA:1575,154,0,0
BRDA:1575,154,1,0
BRDA:1586,155,0,0
BRDA:1591,156,0,0
BRDA:1591,156,1,0
BRDA:1591,157,0,0
BRDA:1591,157,1,0
BRDA:1609,158,0,0
BRDA:1609,158,1,0
BRDA:1609,158,2,0
BRDA:1609,158,3,0
BRDA:1609,158,4,0
BRDA:1609,158,5,0
BRDA:1609,158,6,0
BRDA:1609,158,7,0
BRDA:1609,158,8,0
BRDA:1609,158,9,0
BRDA:1609,158,10,0
BRDA:1609,158,11,0
BRDA:1609,158,12,0
BRDA:1609,158,13,0
BRDA:1609,158,14,0
BRDA:1609,158,15,0
BRDA:1609,158,16,0
BRDA:1609,158,17,0
BRDA:1609,158,18,0
BRDA:1609,158,19,0
BRDA:1609,158,20,0
BRDA:1609,158,21,0
BRDA:1609,158,22,0
BRDA:1609,158,23,0
BRDA:1609,158,24,0
BRDA:1609,158,25,0
BRDA:1609,158,26,0
BRDA:1609,158,27,0
BRDA:1609,158,28,0
BRDA:1609,158,29,0
BRDA:1609,158,30,0
BRDA:1609,158,31,0
BRDA:1609,158,32,0
BRDA:1609,158,33,0
BRDA:1609,158,34,0
BRDA:1609,158,35,0
BRDA:1609,158,36,0
BRDA:1609,158,37,0
BRDA:1609,158,38,0
BRDA:1609,158,39,0
BRDA:1609,158,40,0
BRDA:1609,158,41,0
BRDA:1609,158,42,0
BRDA:1609,158,43,0
BRDA:1609,158,44,0
BRDA:1609,158,45,0
BRDA:1609,158,46,0
BRDA:1609,158,47,0
BRDA:1609,158,48,0
BRDA:1609,158,49,0
BRDA:1609,158,50,0
BRDA:1609,158,51,0
BRDA:1609,158,52,0
BRDA:1609,158,53,0
BRDA:1609,158,54,0
BRDA:1609,158,55,0
BRDA:1609,158,56,0
BRDA:1609,158,57,0
BRDA:1609,158,58,0
BRDA:1609,158,59,0
BRDA:1609,158,60,0
BRDA:1609,158,61,0
BRDA:1609,158,62,0
BRDA:1609,158,63,0
BRDA:1609,158,64,0
BRDA:1609,158,65,0
BRDA:1609,158,66,0
BRDA:1609,158,67,0
BRDA:1609,158,68,0
BRDA:1609,158,69,0
BRDA:1609,158,70,0
BRDA:1609,158,71,0
BRDA:1609,158,72,0
BRDA:1609,158,73,0
BRDA:1609,158,74,0
BRDA:1609,158,75,0
BRDA:1609,158,76,0
BRDA:1609,158,77,0
BRDA:1609,158,78,0
BRDA:1609,158,79,0
BRDA:1609,158,80,0
BRDA:1609,158,81,0
BRDA:1609,158,82,0
BRDA:1609,158,83,0
BRDA:1609,158,84,0
BRDA:1609,158,85,0
BRDA:1609,158,86,0
BRDA:1609,158,87,0
BRDA:1609,158,88,0
BRDA:1609,158,89,0
BRDA:1609,158,90,0
BRDA:1609,158,91,0
BRDA:1609,158,92,0
BRDA:1609,158,93,0
BRDA:1609,158,94,0
BRDA:1609,158,95,0
BRDA:1609,158,96,0
BRDA:1609,158,97,0
BRDA:1609,158,98,0
BRDA:1609,158,99,0
BRDA:1609,158,100,0
BRDA:1609,158,101,0
BRDA:1609,158,102,0
BRDA:1609,158,103,0
BRDA:1609,158,104,0
BRDA:1609,158,105,0
BRDA:1609,158,106,0
BRDA:1609,158,107,0
BRDA:1609,158,108,0
BRDA:1609,158,109,0
BRDA:1609,158,110,0
BRDA:1609,158,111,0
BRDA:1609,158,112,0
BRDA:1609,158,113,0
BRDA:1609,158,114,0
BRDA:1609,158,115,0
BRDA:1609,158,116,0
BRDA:1609,158,117,0
BRDA:1609,158,118,0
BRDA:1609,158,119,0
BRDA:1609,158,120,0
BRDA:1609,158,121,0
BRDA:1609,158,122,0
BRDA:1609,158,123,0
BRDA:1609,158,124,0
BRDA:1609,158,125,0
BRDA:1609,158,126,0
BRDA:1609,158,127,0
BRDA:1609,158,128,0
BRDA:1609,158,129,0
BRDA:1609,158,130,0
BRDA:1609,158,131,0
BRDA:1609,158,132,0
BRDA:1609,158,133,0
BRDA:1609,158,134,0
BRDA:1609,158,135,0
BRDA:1609,158,136,0
BRDA:1609,158,137,0
BRDA:1609,158,138,0
BRDA:1609,158,139,0
BRDA:1609,158,140,0
BRDA:1609,158,141,0
BRDA:1609,158,142,0
BRDA:1609,158,143,0
BRDA:1609,158,144,0
BRDA:1609,158,145,0
BRDA:1609,158,146,0
BRDA:1609,158,147,0
BRDA:1609,158,148,0
BRDA:1609,158,149,0
BRDA:1609,158,150,0
BRDA:1609,158,151,0
BRDA:1609,158,152,0
BRDA:1609,158,153,0
BRDA:1609,158,154,0
BRDA:1609,158,155,0
BRDA:1609,158,156,0
BRDA:1609,158,157,0
BRDA:1609,158,158,0
BRDA:1609,158,159,0
BRDA:1609,158,160,0
BRDA:1609,158,161,0
BRDA:1609,158,162,0
BRDA:1609,158,163,0
BRDA:1609,158,164,0
BRDA:1609,158,165,0
BRDA:1609,158,166,0
BRDA:1609,158,167,0
BRDA:1609,158,168,0
BRDA:1609,158,169,0
BRDA:1609,158,170,0
BRDA:1609,158,171,0
BRDA:1609,158,172,0
BRDA:1609,158,173,0
BRDA:1609,158,174,0
BRDA:1609,158,175,0
BRDA:1609,158,176,0
BRDA:1609,158,177,0
BRDA:1609,158,178,0
BRDA:1609,158,179,0
BRDA:1609,158,180,0
BRDA:1609,158,181,0
BRDA:1609,158,182,0
BRDA:1609,158,183,0
BRDA:1731,159,0,0
BRDA:1731,159,1,0
BRDA:1733,160,0,0
BRDA:1733,160,1,0
BRDA:1744,161,0,0
BRDA:1744,161,1,0
BRDA:1746,162,0,0
BRDA:1746,162,1,0
BRDA:1757,163,0,0
BRDA:1757,163,1,0
BRDA:1763,164,0,0
BRDA:1763,164,1,0
BRDA:1774,165,0,0
BRDA:1774,165,1,0
BRDA:1781,166,0,0
BRDA:1781,166,1,0
BRDA:1788,167,0,0
BRDA:1788,167,1,0
BRDA:2068,168,0,0
BRDA:2068,168,1,0
BRDA:2070,169,0,0
BRDA:2070,169,1,0
BRDA:2072,170,0,0
BRDA:2072,170,1,0
BRDA:2078,171,0,0
BRDA:2078,171,1,0
BRDA:2089,172,0,0
BRDA:2089,172,1,0
BRDA:2096,173,0,0
BRDA:2096,173,1,0
BRDA:2103,174,0,0
BRDA:2103,174,1,0
BRDA:2105,175,0,0
BRDA:2105,175,1,0
BRDA:2107,176,0,0
BRDA:2107,176,1,0
BRDA:2113,177,0,0
BRDA:2113,177,1,0
BRDA:2177,178,0,0
BRDA:2185,179,0,0
BRDA:2193,180,0,0
BRDA:2235,181,0,0
BRDA:2250,182,0,0
BRDA:2250,182,1,0
BRDA:2250,182,2,0
BRDA:2250,182,3,0
BRDA:2250,182,4,0
BRDA:2250,182,5,0
BRDA:2250,182,6,0
BRDA:2250,182,7,0
BRDA:2250,182,8,0
BRDA:2250,182,9,0
BRDA:2250,182,10,0
BRDA:2250,182,11,0
BRDA:2250,182,12,0
BRDA:2250,182,13,0
BRDA:2250,182,14,0
BRDA:2250,182,15,0
BRDA:2250,182,16,0
BRDA:2250,182,17,0
BRDA:2250,182,18,0
BRDA:2306,183,0,0
BRDA:2438,184,0,0
BRDA:2438,184,1,0
BRDA:2439,185,0,0
BRDA:2439,186,0,0
BRDA:2439,186,1,0
BRDA:2453,187,0,0
BRDA:2453,187,1,0
BRDA:2454,188,0,0
BRDA:2454,188,1,0
BRDA:2454,188,2,0
BRDA:2454,188,3,0
BRDA:2454,188,4,0
BRDA:2454,188,5,0
BRDA:2454,188,6,0
BRDA:2454,188,7,0
BRDA:2454,188,8,0
BRDA:2454,188,9,0
BRDA:2454,188,10,0
BRDA:2454,188,11,0
BRDA:2454,188,12,0
BRDA:2454,188,13,0
BRDA:2454,188,14,0
BRDA:2454,188,15,0
BRDA:2454,188,16,0
BRDA:2454,188,17,0
BRDA:2454,188,18,0
BRDA:2454,188,19,0
BRDA:2475,189,0,0
BRDA:2475,189,1,0
BRDA:2477,190,0,0
BRDA:2477,191,0,0
BRDA:2477,191,1,0
BRDA:2483,192,0,0
BRDA:2485,193,0,0
BRDA:2485,194,0,0
BRDA:2485,194,1,0
BRDA:2492,195,0,0
BRDA:2493,196,0,0
BRDA:2493,196,1,0
BRDA:2493,196,2,0
BRDA:2498,197,0,0
BRDA:2498,197,1,0
BRDA:2498,198,0,0
BRDA:2498,198,1,0
BRDA:2502,199,0,0
BRDA:2514,200,0,0
BRDA:2514,200,1,0
BRDA:2514,201,0,0
BRDA:2514,201,1,0
BRDA:2523,202,0,0
BRDA:2526,203,0,0
BRDA:2529,204,0,0
BRDA:2543,205,0,0
BRDA:2543,205,1,0
BRDA:2544,206,0,0
BRDA:2544,207,0,0
BRDA:2544,207,1,0
BRDA:2555,208,0,0
BRDA:2556,209,0,0
BRDA:2556,209,1,0
BRDA:2556,209,2,0
BRDA:2556,209,3,0
BRDA:2564,210,0,0
BRDA:2564,211,0,0
BRDA:2564,211,1,0
BRDA:2577,212,0,0
BRDA:2577,213,0,0
BRDA:2577,213,1,0
BRDA:2579,214,0,0
BRDA:2579,214,1,0
BRDA:2579,214,2,0
BRDA:2579,214,3,0
BRDA:2582,215,0,0
BRDA:2582,215,1,0
BRDA:2582,215,2,0
BRDA:2623,216,0,0
BRDA:2623,216,1,0
BRDA:2628,217,0,0
BRDA:2628,217,1,0
BRDA:2667,218,0,0
BRDA:2667,218,1,0
BRDA:2690,219,0,0
BRDA:2690,219,1,0
BRDA:2717,220,0,0
BRDA:2720,221,0,0
BRDA:2720,222,0,0
BRDA:2720,222,1,0
BRDA:2721,223,0,0
BRDA:2721,223,1,0
BRDA:2723,224,0,0
BRDA:2730,225,0,0
BRDA:2730,225,1,0
BRDA:2731,226,0,0
BRDA:2731,227,0,0
BRDA:2731,227,1,0
BRDA:2771,228,0,0
BRDA:2771,229,0,0
BRDA:2771,229,1,0
BRDA:2798,230,0,0
BRDA:2798,231,0,0
BRDA:2798,231,1,0
BRDA:2801,232,0,0
BRDA:2801,232,1,0
BRDA:2802,233,0,0
BRDA:2802,233,1,0
BRDA:2802,233,2,0
BRDA:2802,233,3,0
BRDA:2802,233,4,0
BRDA:2823,234,0,0
BRDA:2823,234,1,0
BRDA:2823,235,0,0
BRDA:2823,235,1,0
BRDA:2825,236,0,0
BRDA:2825,237,0,0
BRDA:2825,237,1,0
BRDA:2826,238,0,0
BRDA:2829,239,0,0
BRDA:2961,240,0,0
BRDA:2962,241,0,0
BRDA:2962,241,1,0
BRDA:2991,242,0,0
BRDA:2995,243,0,0
BRDA:3015,244,0,0
BRDA:3017,245,0,0
BRDA:3017,246,0,0
BRDA:3017,246,1,0
BRDA:3020,247,0,0
BRDA:3041,248,0,0
BRDA:3064,249,0,0
BRDA:3066,250,0,0
BRDA:3066,250,1,0
BRDA:3140,251,0,0
BRDA:3145,252,0,0
BRDA:3145,252,1,0
BRDA:3146,253,0,0
BRDA:3146,253,1,0
BRDA:3164,254,0,0
BRDA:3169,255,0,0
BRDA:3169,255,1,0
BRDA:3170,256,0,0
BRDA:3170,256,1,0
BRDA:3187,257,0,0
BRDA:3202,258,0,0
BRDA:3217,259,0,0
BRDA:3228,260,0,0
BRDA:3239,261,0,0
BRDA:3256,262,0,0
BRDA:3268,263,0,0
BRDA:3268,263,1,0
BRDA:3304,264,0,0
BRDA:3311,265,0,0
BRDA:3311,265,1,0
BRDA:3314,266,0,0
BRDA:3320,267,0,0
BRDA:3361,268,0,0
BRDA:3373,269,0,0
BRDA:3373,269,1,0
BRDA:3376,270,0,0
BRDA:3377,271,0,0
BRDA:3377,271,1,0
BRDA:3378,272,0,0
BRDA:3378,272,1,0
BRDA:3378,272,2,0
BRDA:3378,272,3,0
BRDA:3378,272,4,0
BRDA:3385,273,0,0
BRDA:3387,274,0,0
BRDA:3387,275,0,0
BRDA:3387,275,1,0
BRDA:3390,276,0,0
BRDA:3391,277,0,0
BRDA:3391,277,1,0
BRDA:3391,277,2,0
BRDA:3391,277,3,0
BRDA:3391,277,4,0
BRDA:3391,277,5,0
BRDA:3413,278,0,0
BRDA:3413,279,0,0
BRDA:3413,279,1,0
BRDA:3415,280,0,0
BRDA:3426,281,0,0
BRDA:3426,281,1,0
BRDA:3442,282,0,0
BRDA:3486,283,0,0
BRDA:3498,284,0,0
BRDA:3498,284,1,0
BRDA:3501,285,0,0
BRDA:3503,286,0,0
BRDA:3510,287,0,0
BRDA:3553,288,0,0
BRDA:3565,289,0,0
BRDA:3565,289,1,0
BRDA:3568,290,0,0
BRDA:3573,291,0,0
BRDA:3634,292,0,0
BRDA:3637,293,0,0
BRDA:3640,294,0,0
BRDA:3651,295,0,0
BRDA:3678,296,0,0
BRDA:3678,296,1,0
BRDA:3678,297,0,0
BRDA:3678,297,1,0
BRDA:3704,298,0,0
BRDA:3706,299,0,0
BRDA:3707,300,0,0
BRDA:3707,300,1,0
BRDA:3707,300,2,0
BRDA:3707,300,3,0
BRDA:3713,301,0,0
BRDA:3713,301,1,0
BRDA:3715,302,0,0
BRDA:3722,303,0,0
BRDA:3759,304,0,0
BRDA:3790,305,0,0
BRDA:3793,306,0,0
BRDA:3796,307,0,0
BRDA:3796,308,0,0
BRDA:3796,308,1,0
BRF:715
BRH:0
end_of_record
TN:
SF:src/index.ts
FN:7,(anonymous_4)
FN:7,(anonymous_5)
FN:7,(anonymous_6)
FN:7,(anonymous_7)
FNF:4
FNH:0
FNDA:0,(anonymous_4)
FNDA:0,(anonymous_5)
FNDA:0,(anonymous_6)
FNDA:0,(anonymous_7)
DA:1,1
DA:2,1
DA:3,1
DA:4,1
DA:5,1
DA:6,1
DA:7,1
DA:9,1
DA:10,1
LF:9
LH:9
BRF:0
BRH:0
end_of_record
TN:
SF:src/logging.ts
FN:10,(anonymous_0)
FN:33,(anonymous_1)
FN:45,(anonymous_2)
FN:87,(anonymous_3)
FN:127,(anonymous_4)
FNF:5
FNH:2
FNDA:0,(anonymous_0)
FNDA:0,(anonymous_1)
FNDA:0,(anonymous_2)
FNDA:3,(anonymous_3)
FNDA:3,(anonymous_4)
DA:5,3
DA:6,3
DA:10,3
DA:23,3
DA:33,3
DA:34,0
DA:35,0
DA:36,0
DA:38,0
DA:41,3
DA:46,0
DA:47,0
DA:48,0
DA:50,0
DA:52,0
DA:53,0
DA:55,0
DA:56,0
DA:58,0
DA:59,0
DA:61,0
DA:62,0
DA:64,0
DA:65,0
DA:67,0
DA:68,0
DA:69,0
DA:75,3
DA:76,3
DA:77,3
DA:78,3
DA:79,3
DA:87,3
DA:88,3
DA:90,2
DA:93,2
DA:95,0
DA:98,0
DA:100,0
DA:103,0
DA:105,1
DA:108,1
DA:110,0
DA:113,0
DA:115,0
DA:118,0
DA:127,3
DA:128,3
DA:130,2
DA:132,1
LF:50
LH:21
BRDA:35,0,0,0
BRDA:35,1,0,0
BRDA:35,1,1,0
BRDA:35,1,2,0
BRDA:35,1,3,0
BRDA:47,2,0,0
BRDA:47,2,1,0
BRDA:50,3,0,0
BRDA:50,3,1,0
BRDA:50,3,2,0
BRDA:50,3,3,0
BRDA:50,3,4,0
BRDA:50,3,5,0
BRDA:52,4,0,0
BRDA:52,4,1,0
BRDA:55,5,0,0
BRDA:55,5,1,0
BRDA:58,6,0,0
BRDA:58,6,1,0
BRDA:61,7,0,0
BRDA:61,7,1,0
BRDA:64,8,0,0
BRDA:64,8,1,0
BRDA:67,9,0,0
BRDA:67,10,0,0
BRDA:67,10,1,0
BRDA:68,11,0,0
BRDA:68,11,1,0
BRDA:87,12,0,0
BRDA:87,13,0,0
BRDA:88,14,0,2
BRDA:88,14,1,0
BRDA:88,14,2,0
BRDA:88,14,3,1
BRDA:88,14,4,0
BRDA:88,14,5,0
BRDA:127,15,0,0
BRDA:128,16,0,2
BRDA:128,16,1,1
BRF:39
BRH:4
end_of_record
TN:
SF:src/utils.ts
FN:13,(anonymous_9)
FN:28,(anonymous_10)
FN:37,(anonymous_11)
FN:45,(anonymous_12)
FN:54,(anonymous_13)
FN:56,(anonymous_14)
FN:74,(anonymous_15)
FN:88,(anonymous_16)
FN:130,(anonymous_17)
FN:171,(anonymous_18)
FN:210,(anonymous_19)
FN:228,(anonymous_20)
FN:267,(anonymous_21)
FN:283,(anonymous_22)
FN:335,(anonymous_23)
FN:361,waitForEvent
FN:362,(anonymous_25)
FN:363,(anonymous_26)
FN:367,(anonymous_27)
FN:382,getShortUrl
FN:401,isValidUrl
FN:406,(anonymous_30)
FNF:22
FNH:18
FNDA:2,(anonymous_9)
FNDA:1,(anonymous_10)
FNDA:1,(anonymous_11)
FNDA:1,(anonymous_12)
FNDA:1,(anonymous_13)
FNDA:2,(anonymous_14)
FNDA:2,(anonymous_15)
FNDA:5,(anonymous_16)
FNDA:4,(anonymous_17)
FNDA:5,(anonymous_18)
FNDA:3,(anonymous_19)
FNDA:4,(anonymous_20)
FNDA:2,(anonymous_21)
FNDA:8,(anonymous_22)
FNDA:1,(anonymous_23)
FNDA:0,waitForEvent
FNDA:0,(anonymous_25)
FNDA:0,(anonymous_26)
FNDA:0,(anonymous_27)
FNDA:2,getShortUrl
FNDA:2,isValidUrl
FNDA:2,(anonymous_30)
DA:1,2
DA:6,2
DA:13,2
DA:14,2
DA:28,2
DA:29,1
DA:30,1
DA:31,1
DA:37,2
DA:38,1
DA:45,2
DA:46,1
DA:54,2
DA:56,2
DA:60,2
DA:61,1
DA:62,1
DA:64,2
DA:74,2
DA:75,2
DA:76,1
DA:77,0
DA:79,1
DA:88,2
DA:89,5
DA:90,5
DA:91,5
DA:93,1
DA:94,1
DA:95,1
DA:97,1
DA:98,1
DA:99,1
DA:101,1
DA:103,3
DA:104,2
DA:105,2
DA:107,3
DA:109,0
DA:112,5
DA:113,1
DA:121,4
DA:130,2
DA:131,4
DA:132,4
DA:133,4
DA:134,4
DA:136,1
DA:137,1
DA:138,1
DA:140,3
DA:141,3
DA:143,3
DA:145,0
DA:147,3
DA:149,0
DA:152,4
DA:153,1
DA:162,3
DA:171,2
DA:172,5
DA:173,5
DA:175,5
DA:177,2
DA:178,2
DA:179,2
DA:181,1
DA:182,1
DA:183,1
DA:185,1
DA:186,1
DA:187,1
DA:189,1
DA:192,5
DA:193,1
DA:201,4
DA:210,2
DA:211,3
DA:212,1
DA:220,2
DA:228,2
DA:231,4
DA:232,0
DA:241,4
DA:242,1
DA:243,3
DA:244,1
DA:245,2
DA:246,1
DA:247,1
DA:248,1
DA:250,0
DA:258,4
DA:267,2
DA:268,2
DA:269,2
DA:271,1
DA:272,1
DA:274,1
DA:283,2
DA:284,8
DA:286,8
DA:287,2
DA:288,2
DA:289,2
DA:295,1
DA:296,6
DA:297,2
DA:298,2
DA:299,2
DA:304,1
DA:305,4
DA:306,2
DA:307,2
DA:308,2
DA:309,2
DA:310,2
DA:311,2
DA:313,0
DA:316,6
DA:317,3
DA:335,2
DA:339,1
DA:340,1
DA:341,0
DA:342,0
DA:344,0
DA:346,0
DA:347,0
DA:349,0
DA:353,1
DA:361,2
DA:362,0
DA:363,0
DA:364,0
DA:365,0
DA:367,0
DA:368,0
DA:369,0
DA:371,0
DA:372,0
DA:382,2
DA:383,2
DA:384,1
DA:385,1
DA:387,2
DA:388,2
DA:389,2
DA:392,2
DA:401,2
DA:402,2
DA:403,2
DA:404,2
DA:406,2
DA:410,0
LF:155
LH:132
BRDA:60,0,0,1
BRDA:75,1,0,1
BRDA:76,2,0,1
BRDA:91,3,0,1
BRDA:91,3,1,1
BRDA:91,3,2,3
BRDA:91,3,3,0
BRDA:97,4,0,1
BRDA:97,5,0,1
BRDA:97,5,1,0
BRDA:103,6,0,2
BRDA:103,7,0,3
BRDA:103,7,1,1
BRDA:112,8,0,1
BRDA:134,9,0,1
BRDA:134,9,1,3
BRDA:134,9,2,0
BRDA:143,10,0,2
BRDA:152,11,0,1
BRDA:175,12,0,2
BRDA:175,12,1,1
BRDA:175,12,2,1
BRDA:175,12,3,1
BRDA:186,13,0,1
BRDA:186,13,1,0
BRDA:192,14,0,1
BRDA:211,15,0,1
BRDA:231,16,0,0
BRDA:241,17,0,1
BRDA:241,17,1,3
BRDA:243,18,0,1
BRDA:243,18,1,2
BRDA:245,19,0,1
BRDA:245,19,1,1
BRDA:247,20,0,1
BRDA:247,20,1,0
BRDA:286,21,0,2
BRDA:286,21,1,6
BRDA:289,22,0,1
BRDA:290,23,0,2
BRDA:290,23,1,2
BRDA:290,23,2,1
BRDA:290,23,3,0
BRDA:290,23,4,1
BRDA:290,23,5,0
BRDA:290,23,6,1
BRDA:296,24,0,2
BRDA:296,24,1,4
BRDA:299,25,0,1
BRDA:300,26,0,2
BRDA:300,26,1,0
BRDA:300,26,2,2
BRDA:300,26,3,2
BRDA:300,26,4,1
BRDA:300,26,5,0
BRDA:305,27,0,2
BRDA:305,27,1,2
BRDA:307,28,0,1
BRDA:307,29,0,2
BRDA:307,29,1,1
BRDA:307,29,2,1
BRDA:307,29,3,1
BRDA:308,30,0,2
BRDA:308,30,1,0
BRDA:310,31,0,2
BRDA:310,32,0,2
BRDA:310,32,1,2
BRDA:310,32,2,2
BRDA:316,33,0,3
BRDA:339,34,0,1
BRDA:339,34,1,0
BRDA:341,35,0,0
BRDA:341,35,1,0
BRDA:344,36,0,0
BRDA:344,36,1,0
BRDA:347,37,0,0
BRDA:383,38,0,1
BRDA:388,39,0,2
BRDA:388,40,0,2
BRDA:388,40,1,2
BRDA:401,41,0,0
BRDA:404,42,0,2
BRDA:404,42,1,0
BRDA:405,43,0,2
BRDA:405,43,1,0
BRF:85
BRH:65
end_of_record
TN:
SF:src/http/api.ts
FN:132,(anonymous_9)
FN:188,(anonymous_10)
FN:209,(anonymous_11)
FN:225,(anonymous_12)
FN:231,(anonymous_13)
FN:266,(anonymous_14)
FN:282,(anonymous_15)
FN:299,(anonymous_16)
FN:300,(anonymous_17)
FN:310,(anonymous_18)
FN:327,(anonymous_19)
FN:333,(anonymous_20)
FN:338,(anonymous_21)
FN:348,(anonymous_22)
FN:362,(anonymous_23)
FN:369,(anonymous_24)
FN:373,(anonymous_25)
FN:377,(anonymous_26)
FN:389,(anonymous_27)
FN:393,(anonymous_28)
FN:555,(anonymous_29)
FN:593,(anonymous_30)
FN:628,(anonymous_31)
FN:649,(anonymous_32)
FN:688,(anonymous_33)
FN:735,(anonymous_34)
FN:782,(anonymous_35)
FN:786,(anonymous_36)
FN:795,(anonymous_37)
FN:799,(anonymous_38)
FN:808,(anonymous_39)
FN:812,(anonymous_40)
FN:821,(anonymous_41)
FN:834,(anonymous_42)
FN:908,(anonymous_43)
FN:947,(anonymous_44)
FN:989,(anonymous_45)
FN:996,(anonymous_46)
FN:1063,(anonymous_47)
FN:1084,(anonymous_48)
FN:1120,(anonymous_49)
FN:1132,(anonymous_50)
FN:1161,(anonymous_51)
FN:1165,(anonymous_52)
FN:1169,(anonymous_53)
FN:1173,(anonymous_54)
FN:1177,(anonymous_55)
FN:1181,(anonymous_56)
FN:1190,(anonymous_57)
FN:1194,(anonymous_58)
FN:1200,(anonymous_59)
FN:1207,(anonymous_60)
FN:1214,(anonymous_61)
FN:1257,(anonymous_62)
FN:1313,(anonymous_63)
FN:1329,(anonymous_64)
FN:1345,(anonymous_65)
FN:1361,(anonymous_66)
FN:1371,(anonymous_67)
FN:1381,(anonymous_68)
FN:1394,(anonymous_69)
FN:1398,(anonymous_70)
FN:1420,(anonymous_71)
FN:1454,(anonymous_72)
FN:1496,(anonymous_73)
FN:1546,(anonymous_74)
FN:1574,(anonymous_75)
FN:1626,(anonymous_76)
FN:1671,(anonymous_77)
FN:1710,(anonymous_78)
FN:1759,(anonymous_79)
FN:1807,(anonymous_80)
FN:1811,(anonymous_81)
FN:1851,(anonymous_82)
FN:1901,(anonymous_83)
FN:1951,(anonymous_84)
FN:1993,(anonymous_85)
FN:2015,(anonymous_86)
FN:2079,(anonymous_87)
FN:2119,(anonymous_88)
FNF:80
FNH:0
FNDA:0,(anonymous_9)
FNDA:0,(anonymous_10)
FNDA:0,(anonymous_11)
FNDA:0,(anonymous_12)
FNDA:0,(anonymous_13)
FNDA:0,(anonymous_14)
FNDA:0,(anonymous_15)
FNDA:0,(anonymous_16)
FNDA:0,(anonymous_17)
FNDA:0,(anonymous_18)
FNDA:0,(anonymous_19)
FNDA:0,(anonymous_20)
FNDA:0,(anonymous_21)
FNDA:0,(anonymous_22)
FNDA:0,(anonymous_23)
FNDA:0,(anonymous_24)
FNDA:0,(anonymous_25)
FNDA:0,(anonymous_26)
FNDA:0,(anonymous_27)
FNDA:0,(anonymous_28)
FNDA:0,(anonymous_29)
FNDA:0,(anonymous_30)
FNDA:0,(anonymous_31)
FNDA:0,(anonymous_32)
FNDA:0,(anonymous_33)
FNDA:0,(anonymous_34)
FNDA:0,(anonymous_35)
FNDA:0,(anonymous_36)
FNDA:0,(anonymous_37)
FNDA:0,(anonymous_38)
FNDA:0,(anonymous_39)
FNDA:0,(anonymous_40)
FNDA:0,(anonymous_41)
FNDA:0,(anonymous_42)
FNDA:0,(anonymous_43)
FNDA:0,(anonymous_44)
FNDA:0,(anonymous_45)
FNDA:0,(anonymous_46)
FNDA:0,(anonymous_47)
FNDA:0,(anonymous_48)
FNDA:0,(anonymous_49)
FNDA:0,(anonymous_50)
FNDA:0,(anonymous_51)
FNDA:0,(anonymous_52)
FNDA:0,(anonymous_53)
FNDA:0,(anonymous_54)
FNDA:0,(anonymous_55)
FNDA:0,(anonymous_56)
FNDA:0,(anonymous_57)
FNDA:0,(anonymous_58)
FNDA:0,(anonymous_59)
FNDA:0,(anonymous_60)
FNDA:0,(anonymous_61)
FNDA:0,(anonymous_62)
FNDA:0,(anonymous_63)
FNDA:0,(anonymous_64)
FNDA:0,(anonymous_65)
FNDA:0,(anonymous_66)
FNDA:0,(anonymous_67)
FNDA:0,(anonymous_68)
FNDA:0,(anonymous_69)
FNDA:0,(anonymous_70)
FNDA:0,(anonymous_71)
FNDA:0,(anonymous_72)
FNDA:0,(anonymous_73)
FNDA:0,(anonymous_74)
FNDA:0,(anonymous_75)
FNDA:0,(anonymous_76)
FNDA:0,(anonymous_77)
FNDA:0,(anonymous_78)
FNDA:0,(anonymous_79)
FNDA:0,(anonymous_80)
FNDA:0,(anonymous_81)
FNDA:0,(anonymous_82)
FNDA:0,(anonymous_83)
FNDA:0,(anonymous_84)
FNDA:0,(anonymous_85)
FNDA:0,(anonymous_86)
FNDA:0,(anonymous_87)
FNDA:0,(anonymous_88)
DA:13,2
DA:14,2
DA:15,2
DA:16,2
DA:17,2
DA:55,2
DA:63,2
DA:64,2
DA:65,2
DA:66,2
DA:67,2
DA:75,2
DA:76,2
DA:80,2
DA:81,2
DA:84,0
DA:89,0
DA:91,0
DA:92,0
DA:95,0
DA:100,0
DA:101,0
DA:102,0
DA:104,0
DA:113,0
DA:139,0
DA:141,0
DA:142,0
DA:143,0
DA:145,0
DA:152,0
DA:153,0
DA:155,0
DA:156,0
DA:158,0
DA:159,0
DA:160,0
DA:162,0
DA:163,0
DA:165,0
DA:166,0
DA:169,0
DA:170,0
DA:173,0
DA:174,0
DA:176,0
DA:177,0
DA:179,0
DA:180,0
DA:183,0
DA:189,0
DA:190,0
DA:200,0
DA:201,0
DA:202,0
DA:204,0
DA:210,0
DA:211,0
DA:212,0
DA:216,0
DA:226,0
DA:233,0
DA:234,0
DA:236,0
DA:242,0
DA:243,0
DA:245,0
DA:247,0
DA:254,0
DA:257,0
DA:262,0
DA:268,0
DA:269,0
DA:270,0
DA:274,0
DA:275,0
DA:283,0
DA:284,0
DA:285,0
DA:286,0
DA:290,0
DA:291,0
DA:292,0
DA:293,0
DA:295,0
DA:300,0
DA:301,0
DA:316,0
DA:317,0
DA:318,0
DA:319,0
DA:320,0
DA:322,0
DA:328,0
DA:329,0
DA:334,0
DA:335,0
DA:336,0
DA:337,0
DA:338,0
DA:339,0
DA:340,0
DA:343,0
DA:349,0
DA:350,0
DA:351,0
DA:356,0
DA:357,0
DA:358,0
DA:359,0
DA:363,0
DA:364,0
DA:370,0
DA:374,0
DA:378,0
DA:379,0
DA:380,0
DA:384,0
DA:390,0
DA:394,0
DA:397,0
DA:402,0
DA:409,0
DA:410,0
DA:424,0
DA:425,0
DA:426,0
DA:427,0
DA:428,0
DA:430,0
DA:435,0
DA:436,0
DA:437,0
DA:438,0
DA:439,0
DA:441,0
DA:442,0
DA:444,0
DA:445,0
DA:446,0
DA:448,0
DA:449,0
DA:450,0
DA:454,0
DA:459,0
DA:460,0
DA:461,0
DA:463,0
DA:464,0
DA:465,0
DA:466,0
DA:468,0
DA:469,0
DA:471,0
DA:475,0
DA:476,0
DA:479,0
DA:480,0
DA:484,0
DA:485,0
DA:489,0
DA:490,0
DA:492,0
DA:497,0
DA:505,0
DA:510,0
DA:518,0
DA:523,0
DA:531,0
DA:532,0
DA:533,0
DA:535,0
DA:536,0
DA:537,0
DA:538,0
DA:539,0
DA:540,0
DA:541,0
DA:542,0
DA:545,0
DA:548,0
DA:549,0
DA:550,0
DA:556,0
DA:557,0
DA:559,0
DA:567,0
DA:568,0
DA:569,0
DA:570,0
DA:571,0
DA:573,0
DA:580,0
DA:587,0
DA:588,0
DA:590,0
DA:594,0
DA:595,0
DA:596,0
DA:600,0
DA:601,0
DA:602,0
DA:603,0
DA:604,0
DA:607,0
DA:614,0
DA:621,0
DA:622,0
DA:625,0
DA:629,0
DA:630,0
DA:631,0
DA:639,0
DA:644,0
DA:645,0
DA:646,0
DA:647,0
DA:648,0
DA:649,0
DA:650,0
DA:651,0
DA:663,0
DA:665,0
DA:673,0
DA:681,0
DA:682,0
DA:685,0
DA:689,0
DA:690,0
DA:691,0
DA:705,0
DA:706,0
DA:707,0
DA:708,0
DA:709,0
DA:710,0
DA:711,0
DA:714,0
DA:721,0
DA:728,0
DA:729,0
DA:732,0
DA:736,0
DA:737,0
DA:738,0
DA:752,0
DA:753,0
DA:754,0
DA:755,0
DA:756,0
DA:757,0
DA:758,0
DA:761,0
DA:768,0
DA:775,0
DA:776,0
DA:779,0
DA:784,0
DA:785,0
DA:786,0
DA:787,0
DA:790,0
DA:792,0
DA:797,0
DA:798,0
DA:799,0
DA:800,0
DA:803,0
DA:805,0
DA:810,0
DA:811,0
DA:812,0
DA:813,0
DA:816,0
DA:818,0
DA:825,0
DA:828,0
DA:831,0
DA:835,0
DA:842,0
DA:844,0
DA:847,0
DA:852,0
DA:854,0
DA:859,0
DA:861,0
DA:866,0
DA:868,0
DA:869,0
DA:870,0
DA:876,0
DA:882,0
DA:884,0
DA:885,0
DA:886,0
DA:887,0
DA:888,0
DA:892,0
DA:895,0
DA:910,0
DA:911,0
DA:912,0
DA:920,0
DA:921,0
DA:922,0
DA:923,0
DA:924,0
DA:926,0
DA:933,0
DA:940,0
DA:941,0
DA:944,0
DA:949,0
DA:950,0
DA:951,0
DA:960,0
DA:961,0
DA:962,0
DA:963,0
DA:964,0
DA:966,0
DA:974,0
DA:982,0
DA:983,0
DA:986,0
DA:994,0
DA:995,0
DA:996,0
DA:997,0
DA:1003,0
DA:1004,0
DA:1014,0
DA:1021,0
DA:1022,0
DA:1023,0
DA:1024,0
DA:1025,0
DA:1029,0
DA:1031,0
DA:1041,0
DA:1051,0
DA:1052,0
DA:1060,0
DA:1064,0
DA:1065,0
DA:1066,0
DA:1076,0
DA:1077,0
DA:1078,0
DA:1079,0
DA:1080,0
DA:1081,0
DA:1082,0
DA:1083,0
DA:1084,0
DA:1085,0
DA:1088,0
DA:1091,0
DA:1100,0
DA:1109,0
DA:1110,0
DA:1117,0
DA:1121,0
DA:1122,0
DA:1123,0
DA:1127,0
DA:1128,0
DA:1129,0
DA:1130,0
DA:1131,0
DA:1132,0
DA:1133,0
DA:1135,0
DA:1138,0
DA:1146,0
DA:1154,0
DA:1155,0
DA:1158,0
DA:1162,0
DA:1166,0
DA:1170,0
DA:1174,0
DA:1178,0
DA:1182,0
DA:1183,0
DA:1191,0
DA:1195,0
DA:1201,0
DA:1202,0
DA:1208,0
DA:1209,0
DA:1222,0
DA:1223,0
DA:1224,0
DA:1225,0
DA:1226,0
DA:1228,0
DA:1248,0
DA:1250,0
DA:1251,0
DA:1252,0
DA:1253,0
DA:1254,0
DA:1255,0
DA:1256,0
DA:1257,0
DA:1258,0
DA:1259,0
DA:1263,0
DA:1275,0
DA:1287,0
DA:1299,0
DA:1300,0
DA:1310,0
DA:1319,0
DA:1335,0
DA:1351,0
DA:1362,0
DA:1363,0
DA:1372,0
DA:1373,0
DA:1385,0
DA:1386,0
DA:1395,0
DA:1399,0
DA:1400,0
DA:1401,0
DA:1412,0
DA:1413,0
DA:1414,0
DA:1415,0
DA:1416,0
DA:1417,0
DA:1418,0
DA:1419,0
DA:1420,0
DA:1421,0
DA:1422,0
DA:1426,0
DA:1427,0
DA:1430,0
DA:1433,0
DA:1440,0
DA:1447,0
DA:1448,0
DA:1451,0
DA:1455,0
DA:1456,0
DA:1457,0
DA:1465,0
DA:1466,0
DA:1467,0
DA:1468,0
DA:1470,0
DA:1478,0
DA:1486,0
DA:1487,0
DA:1493,0
DA:1497,0
DA:1498,0
DA:1499,0
DA:1500,0
DA:1501,0
DA:1503,0
DA:1507,0
DA:1508,0
DA:1509,0
DA:1510,0
DA:1511,0
DA:1512,0
DA:1513,0
DA:1516,0
DA:1525,0
DA:1535,0
DA:1536,0
DA:1543,0
DA:1547,0
DA:1549,0
DA:1550,0
DA:1555,0
DA:1556,0
DA:1560,0
DA:1561,0
DA:1562,0
DA:1564,0
DA:1565,0
DA:1566,0
DA:1567,0
DA:1569,0
DA:1571,0
DA:1575,0
DA:1576,0
DA:1577,0
DA:1589,0
DA:1590,0
DA:1591,0
DA:1592,0
DA:1593,0
DA:1594,0
DA:1597,0
DA:1606,0
DA:1615,0
DA:1616,0
DA:1623,0
DA:1627,0
DA:1628,0
DA:1629,0
DA:1637,0
DA:1638,0
DA:1639,0
DA:1640,0
DA:1641,0
DA:1642,0
DA:1645,0
DA:1648,0
DA:1656,0
DA:1664,0
DA:1665,0
DA:1668,0
DA:1672,0
DA:1673,0
DA:1674,0
DA:1681,0
DA:1682,0
DA:1683,0
DA:1684,0
DA:1685,0
DA:1686,0
DA:1689,0
DA:1696,0
DA:1703,0
DA:1704,0
DA:1707,0
DA:1712,0
DA:1713,0
DA:1714,0
DA:1722,0
DA:1723,0
DA:1724,0
DA:1725,0
DA:1728,0
DA:1729,0
DA:1730,0
DA:1733,0
DA:1741,0
DA:1749,0
DA:1750,0
DA:1756,0
DA:1760,0
DA:1761,0
DA:1762,0
DA:1773,0
DA:1774,0
DA:1775,0
DA:1776,0
DA:1778,0
DA:1787,0
DA:1796,0
DA:1797,0
DA:1804,0
DA:1808,0
DA:1812,0
DA:1813,0
DA:1817,0
DA:1818,0
DA:1819,0
DA:1820,0
DA:1821,0
DA:1822,0
DA:1825,0
DA:1826,0
DA:1827,0
DA:1828,0
DA:1831,0
DA:1838,0
DA:1845,0
DA:1846,0
DA:1848,0
DA:1852,0
DA:1853,0
DA:1854,0
DA:1864,0
DA:1865,0
DA:1866,0
DA:1867,0
DA:1869,0
DA:1879,0
DA:1889,0
DA:1890,0
DA:1898,0
DA:1902,0
DA:1903,0
DA:1904,0
DA:1914,0
DA:1915,0
DA:1916,0
DA:1917,0
DA:1919,0
DA:1929,0
DA:1939,0
DA:1940,0
DA:1948,0
DA:1952,0
DA:1953,0
DA:1957,0
DA:1958,0
DA:1959,0
DA:1960,0
DA:1961,0
DA:1962,0
DA:1965,0
DA:1974,0
DA:1983,0
DA:1984,0
DA:1990,0
DA:1994,0
DA:1995,0
DA:1996,0
DA:1997,0
DA:1998,0
DA:1999,0
DA:2004,0
DA:2005,0
DA:2012,0
DA:2021,0
DA:2022,0
DA:2023,0
DA:2024,0
DA:2025,0
DA:2038,0
DA:2039,0
DA:2040,0
DA:2041,0
DA:2043,0
DA:2054,0
DA:2066,0
DA:2067,0
DA:2076,0
DA:2080,0
DA:2081,0
DA:2082,0
DA:2083,0
DA:2084,0
DA:2085,0
DA:2086,0
DA:2094,0
DA:2095,0
DA:2097,0
DA:2108,0
DA:2109,0
DA:2116,0
DA:2126,0
DA:2127,0
DA:2128,0
DA:2166,0
DA:2167,0
DA:2168,0
DA:2169,0
DA:2171,0
DA:2182,0
DA:2193,0
DA:2194,0
DA:2203,0
LF:663
LH:15
BRDA:155,0,0,0
BRDA:158,1,0,0
BRDA:158,1,1,0
BRDA:158,2,0,0
BRDA:158,2,1,0
BRDA:173,3,0,0
BRDA:173,3,1,0
BRDA:173,4,0,0
BRDA:173,4,1,0
BRDA:201,5,0,0
BRDA:233,6,0,0
BRDA:245,7,0,0
BRDA:245,8,0,0
BRDA:245,8,1,0
BRDA:268,9,0,0
BRDA:268,9,1,0
BRDA:271,10,0,0
BRDA:271,10,1,0
BRDA:271,11,0,0
BRDA:271,11,1,0
BRDA:272,12,0,0
BRDA:272,12,1,0
BRDA:274,13,0,0
BRDA:274,13,1,0
BRDA:276,14,0,0
BRDA:276,14,1,0
BRDA:284,15,0,0
BRDA:284,15,1,0
BRDA:287,16,0,0
BRDA:287,16,1,0
BRDA:287,17,0,0
BRDA:287,17,1,0
BRDA:288,18,0,0
BRDA:288,18,1,0
BRDA:290,19,0,0
BRDA:290,19,1,0
BRDA:291,20,0,0
BRDA:316,21,0,0
BRDA:316,22,0,0
BRDA:316,22,1,0
BRDA:328,23,0,0
BRDA:335,24,0,0
BRDA:337,25,0,0
BRDA:337,25,1,0
BRDA:378,26,0,0
BRDA:378,26,1,0
BRDA:378,27,0,0
BRDA:378,27,1,0
BRDA:402,28,0,0
BRDA:402,28,1,0
BRDA:403,29,0,0
BRDA:403,29,1,0
BRDA:403,29,2,0
BRDA:403,29,3,0
BRDA:403,29,4,0
BRDA:403,29,5,0
BRDA:421,30,0,0
BRDA:421,30,1,0
BRDA:424,31,0,0
BRDA:424,31,1,0
BRDA:426,32,0,0
BRDA:435,33,0,0
BRDA:435,33,1,0
BRDA:437,34,0,0
BRDA:437,34,1,0
BRDA:438,35,0,0
BRDA:438,35,1,0
BRDA:441,36,0,0
BRDA:459,37,0,0
BRDA:464,38,0,0
BRDA:464,38,1,0
BRDA:480,39,0,0
BRDA:480,39,1,0
BRDA:481,40,0,0
BRDA:481,40,1,0
BRDA:535,41,0,0
BRDA:538,42,0,0
BRDA:538,42,1,0
BRDA:539,43,0,0
BRDA:557,44,0,0
BRDA:567,45,0,0
BRDA:567,45,1,0
BRDA:569,46,0,0
BRDA:569,46,1,0
BRDA:594,47,0,0
BRDA:600,48,0,0
BRDA:600,48,1,0
BRDA:602,49,0,0
BRDA:602,49,1,0
BRDA:603,50,0,0
BRDA:603,51,0,0
BRDA:603,51,1,0
BRDA:629,52,0,0
BRDA:644,53,0,0
BRDA:644,53,1,0
BRDA:646,54,0,0
BRDA:646,54,1,0
BRDA:650,55,0,0
BRDA:689,56,0,0
BRDA:701,57,0,0
BRDA:701,57,1,0
BRDA:705,58,0,0
BRDA:705,58,1,0
BRDA:707,59,0,0
BRDA:707,59,1,0
BRDA:708,60,0,0
BRDA:736,61,0,0
BRDA:748,62,0,0
BRDA:748,62,1,0
BRDA:752,63,0,0
BRDA:752,63,1,0
BRDA:754,64,0,0
BRDA:754,64,1,0
BRDA:755,65,0,0
BRDA:785,66,0,0
BRDA:785,66,1,0
BRDA:785,67,0,0
BRDA:785,67,1,0
BRDA:798,68,0,0
BRDA:798,68,1,0
BRDA:798,69,0,0
BRDA:798,69,1,0
BRDA:811,70,0,0
BRDA:811,70,1,0
BRDA:811,71,0,0
BRDA:811,71,1,0
BRDA:834,72,0,0
BRDA:844,73,0,0
BRDA:844,73,1,0
BRDA:844,73,2,0
BRDA:844,73,3,0
BRDA:868,74,0,0
BRDA:872,75,0,0
BRDA:872,75,1,0
BRDA:885,76,0,0
BRDA:886,77,0,0
BRDA:910,78,0,0
BRDA:920,79,0,0
BRDA:920,79,1,0
BRDA:922,80,0,0
BRDA:922,80,1,0
BRDA:949,81,0,0
BRDA:960,82,0,0
BRDA:960,82,1,0
BRDA:962,83,0,0
BRDA:962,83,1,0
BRDA:994,84,0,0
BRDA:1021,85,0,0
BRDA:1021,85,1,0
BRDA:1023,86,0,0
BRDA:1023,86,1,0
BRDA:1064,87,0,0
BRDA:1076,88,0,0
BRDA:1076,88,1,0
BRDA:1078,89,0,0
BRDA:1078,89,1,0
BRDA:1079,90,0,0
BRDA:1083,91,0,0
BRDA:1121,92,0,0
BRDA:1127,93,0,0
BRDA:1127,93,1,0
BRDA:1129,94,0,0
BRDA:1129,94,1,0
BRDA:1130,95,0,0
BRDA:1195,96,0,0
BRDA:1195,96,1,0
BRDA:1223,97,0,0
BRDA:1225,98,0,0
BRDA:1226,99,0,0
BRDA:1232,100,0,0
BRDA:1232,100,1,0
BRDA:1243,101,0,0
BRDA:1243,101,1,0
BRDA:1244,102,0,0
BRDA:1244,102,1,0
BRDA:1250,103,0,0
BRDA:1250,103,1,0
BRDA:1252,104,0,0
BRDA:1252,104,1,0
BRDA:1253,105,0,0
BRDA:1253,105,1,0
BRDA:1256,106,0,0
BRDA:1399,107,0,0
BRDA:1412,108,0,0
BRDA:1412,108,1,0
BRDA:1414,109,0,0
BRDA:1414,109,1,0
BRDA:1415,110,0,0
BRDA:1419,111,0,0
BRDA:1426,112,0,0
BRDA:1455,113,0,0
BRDA:1465,114,0,0
BRDA:1465,114,1,0
BRDA:1467,115,0,0
BRDA:1467,115,1,0
BRDA:1497,116,0,0
BRDA:1499,117,0,0
BRDA:1499,117,1,0
BRDA:1499,118,0,0
BRDA:1499,118,1,0
BRDA:1507,119,0,0
BRDA:1507,119,1,0
BRDA:1509,120,0,0
BRDA:1509,120,1,0
BRDA:1510,121,0,0
BRDA:1511,122,0,0
BRDA:1546,123,0,0
BRDA:1547,124,0,0
BRDA:1564,125,0,0
BRDA:1566,126,0,0
BRDA:1569,127,0,0
BRDA:1575,128,0,0
BRDA:1589,129,0,0
BRDA:1589,129,1,0
BRDA:1591,130,0,0
BRDA:1591,130,1,0
BRDA:1592,131,0,0
BRDA:1627,132,0,0
BRDA:1637,133,0,0
BRDA:1637,133,1,0
BRDA:1639,134,0,0
BRDA:1639,134,1,0
BRDA:1640,135,0,0
BRDA:1672,136,0,0
BRDA:1681,137,0,0
BRDA:1681,137,1,0
BRDA:1683,138,0,0
BRDA:1683,138,1,0
BRDA:1684,139,0,0
BRDA:1710,140,0,0
BRDA:1712,141,0,0
BRDA:1722,142,0,0
BRDA:1722,142,1,0
BRDA:1724,143,0,0
BRDA:1724,143,1,0
BRDA:1725,144,0,0
BRDA:1760,145,0,0
BRDA:1773,146,0,0
BRDA:1773,146,1,0
BRDA:1775,147,0,0
BRDA:1775,147,1,0
BRDA:1817,148,0,0
BRDA:1817,148,1,0
BRDA:1819,149,0,0
BRDA:1819,149,1,0
BRDA:1820,150,0,0
BRDA:1851,151,0,0
BRDA:1852,152,0,0
BRDA:1860,153,0,0
BRDA:1860,153,1,0
BRDA:1864,154,0,0
BRDA:1864,154,1,0
BRDA:1866,155,0,0
BRDA:1866,155,1,0
BRDA:1867,156,0,0
BRDA:1901,157,0,0
BRDA:1902,158,0,0
BRDA:1910,159,0,0
BRDA:1910,159,1,0
BRDA:1914,160,0,0
BRDA:1914,160,1,0
BRDA:1916,161,0,0
BRDA:1916,161,1,0
BRDA:1957,162,0,0
BRDA:1957,162,1,0
BRDA:1959,163,0,0
BRDA:1959,163,1,0
BRDA:1960,164,0,0
BRDA:1996,165,0,0
BRDA:1998,166,0,0
BRDA:2021,167,0,0
BRDA:2024,168,0,0
BRDA:2033,169,0,0
BRDA:2033,169,1,0
BRDA:2038,170,0,0
BRDA:2038,170,1,0
BRDA:2040,171,0,0
BRDA:2040,171,1,0
BRDA:2080,172,0,0
BRDA:2083,173,0,0
BRDA:2085,174,0,0
BRDA:2094,175,0,0
BRDA:2094,175,1,0
BRDA:2124,176,0,0
BRDA:2126,177,0,0
BRDA:2139,178,0,0
BRDA:2139,178,1,0
BRDA:2139,179,0,0
BRDA:2139,179,1,0
BRDA:2143,180,0,0
BRDA:2143,180,1,0
BRDA:2143,181,0,0
BRDA:2143,181,1,0
BRDA:2147,182,0,0
BRDA:2147,182,1,0
BRDA:2147,183,0,0
BRDA:2147,183,1,0
BRDA:2151,184,0,0
BRDA:2151,184,1,0
BRDA:2151,185,0,0
BRDA:2151,185,1,0
BRDA:2155,186,0,0
BRDA:2155,186,1,0
BRDA:2155,187,0,0
BRDA:2155,187,1,0
BRDA:2162,188,0,0
BRDA:2162,188,1,0
BRDA:2166,189,0,0
BRDA:2166,189,1,0
BRDA:2168,190,0,0
BRDA:2168,190,1,0
BRF:311
BRH:0
end_of_record
TN:
SF:src/http/cache.ts
FN:5,(anonymous_0)
FN:10,(anonymous_1)
FN:17,(anonymous_2)
FN:23,(anonymous_3)
FN:30,(anonymous_4)
FNF:5
FNH:0
FNDA:0,(anonymous_0)
FNDA:0,(anonymous_1)
FNDA:0,(anonymous_2)
FNDA:0,(anonymous_3)
FNDA:0,(anonymous_4)
DA:1,2
DA:2,0
DA:3,0
DA:6,0
DA:7,0
DA:11,0
DA:12,0
DA:13,0
DA:14,0
DA:18,0
DA:19,0
DA:20,0
DA:23,0
DA:24,0
DA:26,0
DA:27,0
DA:31,0
LF:17
LH:1
BRDA:7,0,0,0
BRDA:17,1,0,0
BRDA:19,2,0,0
BRF:3
BRH:0
end_of_record
TN:
SF:src/http/const.ts
FNF:0
FNH:0
DA:3,2
DA:5526,2
LF:2
LH:2
BRF:0
BRH:0
end_of_record
TN:
SF:src/http/device.ts
FN:140,(anonymous_0)
FN:147,(anonymous_1)
FN:150,(anonymous_2)
FN:155,(anonymous_3)
FN:159,(anonymous_4)
FN:163,(anonymous_5)
FN:189,(anonymous_6)
FN:199,(anonymous_7)
FN:235,(anonymous_8)
FN:236,(anonymous_9)
FN:242,(anonymous_10)
FN:305,(anonymous_11)
FN:356,(anonymous_12)
FN:1440,(anonymous_13)
FN:1441,(anonymous_14)
FN:1454,(anonymous_15)
FN:1455,(anonymous_16)
FN:1468,(anonymous_17)
FN:1469,(anonymous_18)
FN:1639,(anonymous_19)
FN:1645,(anonymous_20)
FN:1649,(anonymous_21)
FN:1653,(anonymous_22)
FN:1657,(anonymous_23)
FN:1661,(anonymous_24)
FN:1669,(anonymous_25)
FN:1778,(anonymous_26)
FN:1782,(anonymous_27)
FN:1788,(anonymous_28)
FN:1792,(anonymous_29)
FN:1796,(anonymous_30)
FN:1803,(anonymous_31)
FN:1804,(anonymous_32)
FN:1808,(anonymous_33)
FN:1814,(anonymous_34)
FN:1822,(anonymous_35)
FN:1826,(anonymous_36)
FN:1885,(anonymous_37)
FN:1931,(anonymous_38)
FN:1936,(anonymous_39)
FN:1940,(anonymous_40)
FN:1944,(anonymous_41)
FN:1949,(anonymous_42)
FN:1953,(anonymous_43)
FN:1968,(anonymous_44)
FN:1973,(anonymous_45)
FN:1984,(anonymous_46)
FN:1989,(anonymous_47)
FN:2009,(anonymous_48)
FN:2028,(anonymous_49)
FN:2033,(anonymous_50)
FN:2046,(anonymous_51)
FN:2059,(anonymous_52)
FN:2070,(anonymous_53)
FN:2075,(anonymous_54)
FN:2080,(anonymous_55)
FN:2084,(anonymous_56)
FN:2089,(anonymous_57)
FN:2103,(anonymous_58)
FN:2107,(anonymous_59)
FN:2111,(anonymous_60)
FN:2115,(anonymous_61)
FN:2123,(anonymous_62)
FN:2127,(anonymous_63)
FN:2131,(anonymous_64)
FN:2135,(anonymous_65)
FN:2139,(anonymous_66)
FN:2143,(anonymous_67)
FN:2147,(anonymous_68)
FN:2151,(anonymous_69)
FN:2155,(anonymous_70)
FN:2166,(anonymous_71)
FN:2177,(anonymous_72)
FN:2181,(anonymous_73)
FN:2185,(anonymous_74)
FN:2189,(anonymous_75)
FN:2193,(anonymous_76)
FN:2197,(anonymous_77)
FN:2201,(anonymous_78)
FN:2205,(anonymous_79)
FN:2218,(anonymous_80)
FN:2222,(anonymous_81)
FN:2226,(anonymous_82)
FN:2230,(anonymous_83)
FN:2234,(anonymous_84)
FN:2238,(anonymous_85)
FN:2242,(anonymous_86)
FN:2246,(anonymous_87)
FN:2250,(anonymous_88)
FN:2254,(anonymous_89)
FN:2268,(anonymous_90)
FN:2272,(anonymous_91)
FN:2276,(anonymous_92)
FN:2280,(anonymous_93)
FN:2284,(anonymous_94)
FN:2288,(anonymous_95)
FN:2292,(anonymous_96)
FN:2297,(anonymous_97)
FN:2302,(anonymous_98)
FN:2307,(anonymous_99)
FN:2312,(anonymous_100)
FN:2318,(anonymous_101)
FN:2322,(anonymous_102)
FN:2326,(anonymous_103)
FN:2330,(anonymous_104)
FN:2335,(anonymous_105)
FN:2344,(anonymous_106)
FN:2349,(anonymous_107)
FN:2353,(anonymous_108)
FN:2357,(anonymous_109)
FN:2368,(anonymous_110)
FN:2378,(anonymous_111)
FN:2401,(anonymous_112)
FN:2413,(anonymous_113)
FN:2417,(anonymous_114)
FN:2431,(anonymous_115)
FN:2435,(anonymous_116)
FN:2446,(anonymous_117)
FN:2459,(anonymous_118)
FN:2463,(anonymous_119)
FN:2467,(anonymous_120)
FN:2472,(anonymous_121)
FN:2477,(anonymous_122)
FN:2482,(anonymous_123)
FN:2486,(anonymous_124)
FN:2490,(anonymous_125)
FN:2494,(anonymous_126)
FN:2498,(anonymous_127)
FN:2502,(anonymous_128)
FN:2506,(anonymous_129)
FN:2510,(anonymous_130)
FN:2514,(anonymous_131)
FN:2518,(anonymous_132)
FN:2522,(anonymous_133)
FN:2526,(anonymous_134)
FN:2530,(anonymous_135)
FN:2534,(anonymous_136)
FN:2538,(anonymous_137)
FN:2542,(anonymous_138)
FN:2546,(anonymous_139)
FN:2550,(anonymous_140)
FN:2554,(anonymous_141)
FN:2558,(anonymous_142)
FN:2562,(anonymous_143)
FN:2566,(anonymous_144)
FN:2570,(anonymous_145)
FN:2574,(anonymous_146)
FN:2578,(anonymous_147)
FN:2582,(anonymous_148)
FN:2586,(anonymous_149)
FN:2590,(anonymous_150)
FN:2594,(anonymous_151)
FN:2598,(anonymous_152)
FN:2602,(anonymous_153)
FN:2606,(anonymous_154)
FN:2610,(anonymous_155)
FN:2614,(anonymous_156)
FN:2618,(anonymous_157)
FN:2622,(anonymous_158)
FN:2626,(anonymous_159)
FN:2630,(anonymous_160)
FN:2634,(anonymous_161)
FN:2638,(anonymous_162)
FN:2642,(anonymous_163)
FN:2646,(anonymous_164)
FN:2650,(anonymous_165)
FN:2654,(anonymous_166)
FN:2658,(anonymous_167)
FN:2662,(anonymous_168)
FN:2666,(anonymous_169)
FN:2670,(anonymous_170)
FN:2674,(anonymous_171)
FN:2678,(anonymous_172)
FN:2682,(anonymous_173)
FN:2686,(anonymous_174)
FN:2690,(anonymous_175)
FN:2694,(anonymous_176)
FN:2698,(anonymous_177)
FN:2702,(anonymous_178)
FN:2706,(anonymous_179)
FN:2710,(anonymous_180)
FN:2714,(anonymous_181)
FN:2718,(anonymous_182)
FN:2722,(anonymous_183)
FN:2726,(anonymous_184)
FN:2730,(anonymous_185)
FN:2734,(anonymous_186)
FN:2738,(anonymous_187)
FN:2742,(anonymous_188)
FN:2746,(anonymous_189)
FN:2750,(anonymous_190)
FN:2754,(anonymous_191)
FN:2768,(anonymous_192)
FN:2772,(anonymous_193)
FN:2776,(anonymous_194)
FN:2780,(anonymous_195)
FN:2784,(anonymous_196)
FN:2788,(anonymous_197)
FN:2792,(anonymous_198)
FN:2796,(anonymous_199)
FN:2800,(anonymous_200)
FN:2804,(anonymous_201)
FN:2808,(anonymous_202)
FN:2812,(anonymous_203)
FN:2816,(anonymous_204)
FN:2820,(anonymous_205)
FN:2825,(anonymous_206)
FN:2837,(anonymous_207)
FN:2841,(anonymous_208)
FN:2845,(anonymous_209)
FN:2849,(anonymous_210)
FN:2855,(anonymous_211)
FN:2863,(anonymous_212)
FN:2867,(anonymous_213)
FN:2871,(anonymous_214)
FN:2889,(anonymous_215)
FN:2893,(anonymous_216)
FN:2897,(anonymous_217)
FN:2900,(anonymous_218)
FN:2909,(anonymous_219)
FN:2914,(anonymous_220)
FN:2918,(anonymous_221)
FN:2922,(anonymous_222)
FN:2926,(anonymous_223)
FN:2930,(anonymous_224)
FN:2934,(anonymous_225)
FN:2938,(anonymous_226)
FN:2942,(anonymous_227)
FN:2946,(anonymous_228)
FN:2950,(anonymous_229)
FN:2954,(anonymous_230)
FN:2958,(anonymous_231)
FN:2962,(anonymous_232)
FN:2966,(anonymous_233)
FN:2970,(anonymous_234)
FN:2974,(anonymous_235)
FN:2978,(anonymous_236)
FN:2982,(anonymous_237)
FN:3020,(anonymous_238)
FN:3036,(anonymous_239)
FN:3048,(anonymous_240)
FN:3072,(anonymous_241)
FN:3083,(anonymous_242)
FN:3098,(anonymous_243)
FN:3110,(anonymous_244)
FN:3122,(anonymous_245)
FN:3133,(anonymous_246)
FN:3144,(anonymous_247)
FN:3155,(anonymous_248)
FN:3166,(anonymous_249)
FN:3177,(anonymous_250)
FN:3189,(anonymous_251)
FN:3200,(anonymous_252)
FN:3211,(anonymous_253)
FN:3227,(anonymous_254)
FN:3239,(anonymous_255)
FN:3248,(anonymous_256)
FN:3264,(anonymous_257)
FN:3276,(anonymous_258)
FN:3285,(anonymous_259)
FN:3315,(anonymous_260)
FN:3323,(anonymous_261)
FN:3327,(anonymous_262)
FN:3331,(anonymous_263)
FN:3349,(anonymous_264)
FN:3361,(anonymous_265)
FN:3376,(anonymous_266)
FN:3388,(anonymous_267)
FN:3417,(anonymous_268)
FN:3425,(anonymous_269)
FN:3433,(anonymous_270)
FN:3437,(anonymous_271)
FN:3441,(anonymous_272)
FN:3445,(anonymous_273)
FN:3449,(anonymous_274)
FN:3453,(anonymous_275)
FN:3457,(anonymous_276)
FN:3461,(anonymous_277)
FN:3473,(anonymous_278)
FN:3488,(anonymous_279)
FN:3500,(anonymous_280)
FN:3513,(anonymous_281)
FN:3522,(anonymous_282)
FN:3533,(anonymous_283)
FN:3544,(anonymous_284)
FN:3555,(anonymous_285)
FN:3582,(anonymous_286)
FN:3590,(anonymous_287)
FN:3597,(anonymous_288)
FN:3606,(anonymous_289)
FN:3617,(anonymous_290)
FN:3622,(anonymous_291)
FN:3626,(anonymous_292)
FN:3640,(anonymous_293)
FN:3644,(anonymous_294)
FN:3665,(anonymous_295)
FN:3677,(anonymous_296)
FN:3693,(anonymous_297)
FN:3705,(anonymous_298)
FN:3717,(anonymous_299)
FN:3728,(anonymous_300)
FN:3739,(anonymous_301)
FN:3750,(anonymous_302)
FN:3761,(anonymous_303)
FN:3769,(anonymous_304)
FN:3780,(anonymous_305)
FN:3792,(anonymous_306)
FN:3803,(anonymous_307)
FN:3811,(anonymous_308)
FN:3822,(anonymous_309)
FN:3851,(anonymous_310)
FN:3860,(anonymous_311)
FN:3864,(anonymous_312)
FN:3868,(anonymous_313)
FN:3874,(anonymous_314)
FN:3883,(anonymous_315)
FN:3889,(anonymous_316)
FN:3897,(anonymous_317)
FN:3901,(anonymous_318)
FN:3905,(anonymous_319)
FN:3954,(anonymous_320)
FN:3966,(anonymous_321)
FN:3981,(anonymous_322)
FN:3993,(anonymous_323)
FN:4022,(anonymous_324)
FN:4030,(anonymous_325)
FN:4034,(anonymous_326)
FN:4038,(anonymous_327)
FN:4071,(anonymous_328)
FN:4092,(anonymous_329)
FN:4112,(anonymous_330)
FN:4124,(anonymous_331)
FN:4139,(anonymous_332)
FN:4151,(anonymous_333)
FN:4180,(anonymous_334)
FN:4188,(anonymous_335)
FN:4192,(anonymous_336)
FN:4196,(anonymous_337)
FN:4294,(anonymous_338)
FN:4350,(anonymous_339)
FN:4354,(anonymous_340)
FN:4358,(anonymous_341)
FN:4364,(anonymous_342)
FN:4372,(anonymous_343)
FN:4376,(anonymous_344)
FN:4380,(anonymous_345)
FN:4384,(anonymous_346)
FN:4409,(anonymous_347)
FN:4443,(anonymous_348)
FN:4449,(anonymous_349)
FN:4457,(anonymous_350)
FN:4461,(anonymous_351)
FN:4466,(anonymous_352)
FN:4470,(anonymous_353)
FN:4481,(anonymous_354)
FN:4490,(anonymous_355)
FN:4513,(anonymous_356)
FN:4517,(anonymous_357)
FN:4521,(anonymous_358)
FN:4541,(anonymous_359)
FN:4545,(anonymous_360)
FN:4549,(anonymous_361)
FN:4553,(anonymous_362)
FN:4558,(anonymous_363)
FN:4566,(anonymous_364)
FN:4577,(anonymous_365)
FN:4585,(anonymous_366)
FN:4599,(anonymous_367)
FN:4621,(anonymous_368)
FN:4651,(anonymous_369)
FN:4678,(anonymous_370)
FN:4704,(anonymous_371)
FN:4757,(anonymous_372)
FN:4763,(anonymous_373)
FN:4769,(anonymous_374)
FN:4775,(anonymous_375)
FN:4781,(anonymous_376)
FN:4788,(anonymous_377)
FN:4797,(anonymous_378)
FN:4801,(anonymous_379)
FN:4851,(anonymous_380)
FN:4888,(anonymous_381)
FN:4892,(anonymous_382)
FN:4896,(anonymous_383)
FN:4900,(anonymous_384)
FN:4907,(anonymous_385)
FN:4915,(anonymous_386)
FN:4922,(anonymous_387)
FN:4930,(anonymous_388)
FN:4970,(anonymous_389)
FN:4978,(anonymous_390)
FN:4982,(anonymous_391)
FN:4991,(anonymous_392)
FN:4998,(anonymous_393)
FN:5012,(anonymous_394)
FN:5020,(anonymous_395)
FN:5034,(anonymous_396)
FN:5042,(anonymous_397)
FN:5050,(anonymous_398)
FN:5081,(anonymous_399)
FN:5096,(anonymous_400)
FN:5103,(anonymous_401)
FN:5119,(anonymous_402)
FN:5126,(anonymous_403)
FN:5146,(anonymous_404)
FN:5155,(anonymous_405)
FN:5164,(anonymous_406)
FN:5173,(anonymous_407)
FN:5226,(anonymous_408)
FN:5234,(anonymous_409)
FN:5284,(anonymous_410)
FN:5293,(anonymous_411)
FN:5301,(anonymous_412)
FN:5308,(anonymous_413)
FN:5314,(anonymous_414)
FN:5322,(anonymous_415)
FN:5336,(anonymous_416)
FN:5340,(anonymous_417)
FN:5344,(anonymous_418)
FN:5348,(anonymous_419)
FN:5352,(anonymous_420)
FN:5356,(anonymous_421)
FN:5392,(anonymous_422)
FN:5396,(anonymous_423)
FN:5400,(anonymous_424)
FN:5409,(anonymous_425)
FN:5415,(anonymous_426)
FN:5421,(anonymous_427)
FN:5429,(anonymous_428)
FN:5444,(anonymous_429)
FN:5453,(anonymous_430)
FN:5457,(anonymous_431)
FN:5461,(anonymous_432)
FN:5465,(anonymous_433)
FN:5486,(anonymous_434)
FN:5490,(anonymous_435)
FN:5494,(anonymous_436)
FN:5498,(anonymous_437)
FN:5502,(anonymous_438)
FN:5510,(anonymous_439)
FN:5514,(anonymous_440)
FN:5524,(anonymous_441)
FN:5569,(anonymous_442)
FN:5575,(anonymous_443)
FN:5582,(anonymous_444)
FN:5588,(anonymous_445)
FN:5595,(anonymous_446)
FN:5600,(anonymous_447)
FN:5607,(anonymous_448)
FN:5612,(anonymous_449)
FN:5619,(anonymous_450)
FN:5624,(anonymous_451)
FN:5631,(anonymous_452)
FN:5677,(anonymous_453)
FN:5715,(anonymous_454)
FN:5748,(anonymous_455)
FN:5752,(anonymous_456)
FN:5756,(anonymous_457)
FN:5760,(anonymous_458)
FN:5766,(anonymous_459)
FN:5770,(anonymous_460)
FN:5774,(anonymous_461)
FN:5806,(anonymous_462)
FN:5827,(anonymous_463)
FN:5848,(anonymous_464)
FN:5871,(anonymous_465)
FN:5880,(anonymous_466)
FN:5884,(anonymous_467)
FN:5904,(anonymous_468)
FN:5922,(anonymous_469)
FN:5926,(anonymous_470)
FN:5930,(anonymous_471)
FN:5934,(anonymous_472)
FN:5939,(anonymous_473)
FN:5943,(anonymous_474)
FN:5970,(anonymous_475)
FN:6000,(anonymous_476)
FN:6026,(anonymous_477)
FN:6059,(anonymous_478)
FN:6063,(anonymous_479)
FN:6067,(anonymous_480)
FN:6128,(anonymous_481)
FN:6140,(anonymous_482)
FN:6152,(anonymous_483)
FN:6164,(anonymous_484)
FN:6185,(anonymous_485)
FN:6197,(anonymous_486)
FN:6210,(anonymous_487)
FN:6223,(anonymous_488)
FN:6239,(anonymous_489)
FN:6271,(anonymous_490)
FN:6309,(anonymous_491)
FN:6317,(anonymous_492)
FNF:493
FNH:0
FNDA:0,(anonymous_0)
FNDA:0,(anonymous_1)
FNDA:0,(anonymous_2)
FNDA:0,(anonymous_3)
FNDA:0,(anonymous_4)
FNDA:0,(anonymous_5)
FNDA:0,(anonymous_6)
FNDA:0,(anonymous_7)
FNDA:0,(anonymous_8)
FNDA:0,(anonymous_9)
FNDA:0,(anonymous_10)
FNDA:0,(anonymous_11)
FNDA:0,(anonymous_12)
FNDA:0,(anonymous_13)
FNDA:0,(anonymous_14)
FNDA:0,(anonymous_15)
FNDA:0,(anonymous_16)
FNDA:0,(anonymous_17)
FNDA:0,(anonymous_18)
[...]
DA:214,0
DA:216,0
DA:217,0
DA:219,0
DA:220,0
DA:222,0
DA:225,0
DA:227,0
DA:230,0
DA:231,0
DA:233,0
DA:235,0
DA:236,0
DA:238,0
DA:240,0
DA:241,0
DA:243,0
DA:244,0
DA:246,0
DA:247,0
DA:249,0
DA:253,0
DA:254,0
DA:255,0
DA:256,0
DA:257,0
DA:259,0
DA:260,0
DA:262,0
DA:266,0
DA:270,0
DA:271,0
DA:272,0
DA:273,0
DA:274,0
DA:278,0
DA:280,0
DA:284,0
DA:291,0
DA:292,0
DA:296,0
DA:300,0
DA:301,0
DA:302,0
DA:305,0
DA:310,0
DA:311,0
DA:312,0
DA:315,0
DA:316,0
DA:317,0
DA:318,0
DA:320,0
DA:321,0
DA:323,0
DA:327,0
DA:331,0
DA:335,0
DA:337,0
DA:339,0
DA:341,0
DA:345,0
DA:349,0
DA:350,0
DA:351,0
DA:352,0
DA:353,0
DA:358,0
DA:359,0
DA:360,0
LF:169
LH:14
BRDA:58,0,0,0
BRDA:65,1,0,0
BRDA:122,2,0,0
BRDA:133,3,0,0
BRDA:143,4,0,0
BRDA:156,5,0,0
BRDA:156,5,1,0
BRDA:156,6,0,0
BRDA:156,6,1,0
BRDA:158,7,0,0
BRDA:158,7,1,0
BRDA:158,8,0,0
BRDA:158,8,1,0
BRDA:172,9,0,0
BRDA:192,10,0,0
BRDA:208,11,0,0
BRDA:208,11,1,0
BRDA:208,11,2,0
BRDA:208,11,3,0
BRDA:208,11,4,0
BRDA:208,11,5,0
BRDA:208,11,6,0
BRDA:208,11,7,0
BRDA:211,12,0,0
BRDA:211,13,0,0
BRDA:211,13,1,0
BRDA:256,14,0,0
BRDA:259,15,0,0
BRDA:259,16,0,0
BRDA:259,16,1,0
BRDA:262,17,0,0
BRDA:273,18,0,0
BRDA:273,18,1,0
BRDA:300,19,0,0
BRDA:300,19,1,0
BRDA:311,20,0,0
BRDA:315,21,0,0
BRDA:315,21,1,0
BRDA:315,22,0,0
BRDA:315,22,1,0
BRDA:335,23,0,0
BRDA:335,23,1,0
BRDA:337,24,0,0
BRDA:339,25,0,0
BRDA:339,26,0,0
BRDA:339,26,1,0
BRDA:351,27,0,0
BRDA:360,28,0,0
BRF:48
BRH:0
end_of_record
TN:
SF:src/push/error.ts
FN:4,(anonymous_0)
FN:12,(anonymous_1)
FN:20,(anonymous_2)
FN:28,(anonymous_3)
FN:36,(anonymous_4)
FN:44,(anonymous_5)
FN:52,(anonymous_6)
FN:60,(anonymous_7)
FN:68,(anonymous_8)
FN:76,(anonymous_9)
FN:84,(anonymous_10)
FN:92,(anonymous_11)
FNF:12
FNH:0
FNDA:0,(anonymous_0)
FNDA:0,(anonymous_1)
FNDA:0,(anonymous_2)
FNDA:0,(anonymous_3)
FNDA:0,(anonymous_4)
FNDA:0,(anonymous_5)
FNDA:0,(anonymous_6)
FNDA:0,(anonymous_7)
FNDA:0,(anonymous_8)
FNDA:0,(anonymous_9)
FNDA:0,(anonymous_10)
FNDA:0,(anonymous_11)
DA:1,1
DA:3,1
DA:5,0
DA:6,0
DA:7,0
DA:11,1
DA:13,0
DA:14,0
DA:15,0
DA:19,1
DA:21,0
DA:22,0
DA:23,0
DA:27,1
DA:29,0
DA:30,0
DA:31,0
DA:35,1
DA:37,0
DA:38,0
DA:39,0
DA:43,1
DA:45,0
DA:46,0
DA:47,0
DA:51,1
DA:53,0
DA:54,0
DA:55,0
DA:59,1
DA:61,0
DA:62,0
DA:63,0
DA:67,1
DA:69,0
DA:70,0
DA:71,0
DA:75,1
DA:77,0
DA:78,0
DA:79,0
DA:83,1
DA:85,0
DA:86,0
DA:87,0
DA:91,1
DA:93,0
DA:94,0
DA:95,0
LF:49
LH:13
BRDA:4,0,0,0
BRDA:12,1,0,0
BRDA:20,2,0,0
BRDA:28,3,0,0
BRDA:36,4,0,0
BRDA:44,5,0,0
BRDA:52,6,0,0
BRDA:60,7,0,0
BRDA:68,8,0,0
BRDA:76,9,0,0
BRDA:84,10,0,0
BRDA:92,11,0,0
BRF:12
BRH:0
end_of_record
TN:
SF:src/push/index.ts
FN:6,(anonymous_4)
FN:6,(anonymous_5)
FNF:2
FNH:0
FNDA:0,(anonymous_4)
FNDA:0,(anonymous_5)
DA:1,1
DA:2,1
DA:3,1
DA:4,1
DA:5,1
DA:6,1
LF:6
LH:6
BRF:0
BRH:0
end_of_record
TN:
SF:src/push/models.ts
FN:175,(anonymous_0)
FN:189,(anonymous_1)
FNF:2
FNH:2
FNDA:1,(anonymous_0)
FNDA:1,(anonymous_1)
DA:175,1
DA:178,1
DA:181,1
DA:183,1
DA:186,1
DA:189,1
DA:190,1
DA:191,1
DA:192,1
DA:193,1
DA:194,1
DA:195,1
DA:196,1
DA:197,1
DA:198,1
DA:199,1
DA:200,1
DA:201,1
DA:202,1
DA:203,1
DA:204,1
DA:205,1
DA:206,1
LF:23
LH:23
BRDA:175,0,0,1
BRDA:175,0,1,1
BRDA:189,1,0,1
BRDA:189,1,1,1
BRF:4
BRH:4
end_of_record
TN:
SF:src/push/parser.ts
FN:21,(anonymous_9)
FN:25,(anonymous_10)
FN:36,(anonymous_11)
FN:41,(anonymous_12)
FN:49,(anonymous_13)
FN:61,(anonymous_14)
FN:81,(anonymous_15)
FN:92,(anonymous_16)
FN:98,(anonymous_17)
FN:131,(anonymous_18)
FN:168,(anonymous_19)
FN:175,(anonymous_20)
FN:192,(anonymous_21)
FNF:13
FNH:0
FNDA:0,(anonymous_9)
FNDA:0,(anonymous_10)
FNDA:0,(anonymous_11)
FNDA:0,(anonymous_12)
FNDA:0,(anonymous_13)
FNDA:0,(anonymous_14)
FNDA:0,(anonymous_15)
FNDA:0,(anonymous_16)
FNDA:0,(anonymous_17)
FNDA:0,(anonymous_18)
FNDA:0,(anonymous_19)
FNDA:0,(anonymous_20)
FNDA:0,(anonymous_21)
DA:1,1
DA:2,1
DA:3,1
DA:5,1
DA:7,1
DA:8,1
DA:9,1
DA:11,1
DA:12,1
DA:13,0
DA:14,0
DA:15,0
DA:16,0
DA:17,0
DA:18,0
DA:19,0
DA:22,0
DA:26,0
DA:27,0
DA:28,0
DA:29,0
DA:30,0
DA:31,0
DA:32,0
DA:33,0
DA:37,0
DA:38,0
DA:42,0
DA:43,0
DA:44,0
DA:45,0
DA:50,0
DA:53,0
DA:54,0
DA:55,0
DA:57,0
DA:62,0
DA:64,0
DA:65,0
DA:67,0
DA:68,0
DA:70,0
DA:71,0
DA:73,0
DA:74,0
DA:76,0
DA:77,0
DA:82,0
DA:83,0
DA:84,0
DA:85,0
DA:89,0
DA:93,0
DA:94,0
DA:95,0
DA:99,0
DA:100,0
DA:102,0
DA:103,0
DA:105,0
DA:106,0
DA:107,0
DA:109,0
DA:113,0
DA:114,0
DA:115,0
DA:116,0
DA:117,0
DA:120,0
DA:121,0
DA:123,0
DA:124,0
DA:125,0
DA:127,0
DA:132,0
DA:134,0
DA:135,0
DA:136,0
DA:137,0
DA:140,0
DA:141,0
DA:142,0
DA:143,0
DA:146,0
DA:147,0
DA:148,0
DA:149,0
DA:155,0
DA:157,0
DA:158,0
DA:159,0
DA:161,0
DA:165,0
DA:169,0
DA:170,0
DA:171,0
DA:172,0
DA:176,0
DA:178,0
DA:180,0
DA:182,0
DA:184,0
DA:186,0
DA:193,0
DA:195,0
DA:197,0
DA:199,0
DA:201,0
DA:203,0
DA:205,0
DA:207,0
DA:209,0
DA:211,0
LF:113
LH:9
BRDA:43,0,0,0
BRDA:53,1,0,0
BRDA:53,1,1,0
BRDA:62,2,0,0
BRDA:62,2,1,0
BRDA:62,2,2,0
BRDA:62,2,3,0
BRDA:62,2,4,0
BRDA:84,3,0,0
BRDA:84,4,0,0
BRDA:84,4,1,0
BRDA:106,5,0,0
BRDA:106,5,1,0
BRDA:106,6,0,0
BRDA:106,6,1,0
BRDA:113,7,0,0
BRDA:123,8,0,0
BRDA:123,8,1,0
BRDA:134,9,0,0
BRDA:140,10,0,0
BRDA:157,11,0,0
BRDA:158,12,0,0
BRDA:158,12,1,0
BRDA:176,13,0,0
BRDA:176,13,1,0
BRDA:176,13,2,0
BRDA:176,13,3,0
BRDA:176,13,4,0
BRDA:193,14,0,0
BRDA:193,14,1,0
BRDA:193,14,2,0
BRDA:193,14,3,0
BRDA:193,14,4,0
BRDA:193,14,5,0
BRDA:193,14,6,0
BRDA:193,14,7,0
BRDA:193,14,8,0
BRF:37
BRH:0
end_of_record
TN:
SF:src/push/service.ts
FN:66,(anonymous_9)
FN:70,(anonymous_10)
FN:75,(anonymous_11)
FN:81,(anonymous_12)
FN:90,(anonymous_13)
FN:116,(anonymous_14)
FN:161,(anonymous_15)
FN:188,(anonymous_16)
FN:233,(anonymous_17)
FN:237,(anonymous_18)
FN:244,(anonymous_19)
FN:251,(anonymous_20)
FN:257,(anonymous_21)
FN:259,(anonymous_22)
FN:263,(anonymous_23)
FN:271,(anonymous_24)
FN:276,(anonymous_25)
FN:279,(anonymous_26)
FN:287,(anonymous_27)
FN:292,(anonymous_28)
FN:312,(anonymous_29)
FN:350,(anonymous_30)
FN:412,(anonymous_31)
FN:475,(anonymous_32)
FN:875,(anonymous_33)
FN:884,(anonymous_34)
FN:894,(anonymous_35)
FN:898,(anonymous_36)
FN:902,(anonymous_37)
FN:906,(anonymous_38)
FN:910,(anonymous_39)
FN:920,(anonymous_40)
FN:931,(anonymous_41)
FN:942,(anonymous_42)
FN:962,(anonymous_43)
FN:982,(anonymous_44)
FN:987,(anonymous_45)
FN:992,(anonymous_46)
FN:1005,(anonymous_47)
FN:1008,(anonymous_48)
FN:1021,(anonymous_49)
FN:1033,(anonymous_50)
FN:1039,(anonymous_51)
FN:1046,(anonymous_52)
FN:1053,(anonymous_53)
FN:1058,(anonymous_54)
FNF:46
FNH:0
FNDA:0,(anonymous_9)
FNDA:0,(anonymous_10)
FNDA:0,(anonymous_11)
FNDA:0,(anonymous_12)
FNDA:0,(anonymous_13)
FNDA:0,(anonymous_14)
FNDA:0,(anonymous_15)
FNDA:0,(anonymous_16)
FNDA:0,(anonymous_17)
FNDA:0,(anonymous_18)
FNDA:0,(anonymous_19)
FNDA:0,(anonymous_20)
FNDA:0,(anonymous_21)
FNDA:0,(anonymous_22)
FNDA:0,(anonymous_23)
FNDA:0,(anonymous_24)
FNDA:0,(anonymous_25)
FNDA:0,(anonymous_26)
FNDA:0,(anonymous_27)
FNDA:0,(anonymous_28)
FNDA:0,(anonymous_29)
FNDA:0,(anonymous_30)
FNDA:0,(anonymous_31)
FNDA:0,(anonymous_32)
FNDA:0,(anonymous_33)
FNDA:0,(anonymous_34)
FNDA:0,(anonymous_35)
FNDA:0,(anonymous_36)
FNDA:0,(anonymous_37)
FNDA:0,(anonymous_38)
FNDA:0,(anonymous_39)
FNDA:0,(anonymous_40)
FNDA:0,(anonymous_41)
FNDA:0,(anonymous_42)
FNDA:0,(anonymous_43)
FNDA:0,(anonymous_44)
FNDA:0,(anonymous_45)
FNDA:0,(anonymous_46)
FNDA:0,(anonymous_47)
FNDA:0,(anonymous_48)
FNDA:0,(anonymous_49)
FNDA:0,(anonymous_50)
FNDA:0,(anonymous_51)
FNDA:0,(anonymous_52)
FNDA:0,(anonymous_53)
FNDA:0,(anonymous_54)
DA:4,1
DA:5,1
DA:7,1
DA:27,1
DA:29,1
DA:30,1
DA:31,1
DA:32,1
DA:33,1
DA:40,1
DA:41,1
DA:42,1
DA:43,1
DA:45,1
DA:46,0
DA:47,0
DA:48,0
DA:49,0
DA:50,0
DA:51,0
DA:52,0
DA:57,0
DA:59,0
DA:61,0
DA:62,0
DA:67,0
DA:71,0
DA:72,0
DA:76,0
DA:77,0
DA:78,0
DA:82,0
DA:83,0
DA:84,0
DA:85,0
DA:87,0
DA:91,0
DA:93,0
DA:94,0
DA:117,0
DA:118,0
DA:119,0
DA:120,0
DA:124,0
DA:125,0
DA:126,0
DA:127,0
DA:129,0
DA:135,0
DA:136,0
DA:137,0
DA:145,0
DA:150,0
DA:155,0
DA:156,0
DA:157,0
DA:162,0
DA:164,0
DA:165,0
DA:189,0
DA:190,0
DA:191,0
DA:192,0
DA:196,0
DA:197,0
DA:198,0
DA:199,0
DA:201,0
DA:207,0
DA:208,0
DA:209,0
DA:214,0
DA:219,0
DA:224,0
DA:225,0
DA:226,0
DA:234,0
DA:236,0
DA:238,0
DA:239,0
DA:245,0
DA:246,0
DA:252,0
DA:253,0
DA:258,0
DA:260,0
DA:261,0
DA:264,0
DA:265,0
DA:272,0
DA:277,0
DA:278,0
DA:280,0
DA:281,0
DA:288,0
DA:293,0
DA:295,0
DA:296,0
DA:297,0
DA:313,0
DA:314,0
DA:315,0
DA:316,0
DA:320,0
DA:321,0
DA:322,0
DA:323,0
DA:325,0
DA:331,0
DA:332,0
DA:334,0
DA:339,0
DA:344,0
DA:345,0
DA:346,0
DA:354,0
DA:356,0
DA:357,0
DA:358,0
DA:360,0
DA:362,0
DA:363,0
DA:364,0
DA:370,0
DA:413,0
DA:414,0
DA:415,0
DA:416,0
DA:420,0
DA:421,0
DA:422,0
DA:423,0
DA:425,0
DA:431,0
DA:432,0
DA:433,0
DA:434,0
DA:439,0
DA:440,0
DA:444,0
DA:449,0
DA:454,0
DA:462,0
DA:464,0
DA:466,0
DA:467,0
DA:468,0
DA:476,0
DA:483,0
DA:484,0
DA:486,0
DA:487,0
DA:489,0
DA:490,0
DA:496,0
DA:498,0
DA:499,0
DA:500,0
DA:501,0
DA:503,0
DA:506,0
DA:507,0
DA:508,0
DA:509,0
DA:510,0
DA:511,0
DA:512,0
DA:514,0
DA:515,0
DA:520,0
DA:521,0
DA:526,0
DA:527,0
DA:532,0
DA:535,0
DA:536,0
DA:541,0
DA:542,0
DA:547,0
DA:548,0
DA:553,0
DA:554,0
DA:559,0
DA:560,0
DA:561,0
DA:562,0
DA:563,0
DA:564,0
DA:565,0
DA:568,0
DA:572,0
DA:573,0
DA:574,0
DA:575,0
DA:576,0
DA:578,0
DA:580,0
DA:582,0
DA:583,0
DA:585,0
DA:586,0
DA:588,0
DA:589,0
DA:590,0
DA:591,0
DA:592,0
DA:593,0
DA:594,0
DA:595,0
DA:596,0
DA:597,0
DA:603,0
DA:607,0
DA:608,0
DA:611,0
DA:612,0
DA:618,0
DA:619,0
DA:622,0
DA:624,0
DA:626,0
DA:628,0
DA:629,0
DA:639,0
DA:641,0
DA:643,0
DA:644,0
DA:652,0
DA:653,0
DA:654,0
DA:655,0
DA:656,0
DA:657,0
DA:659,0
DA:660,0
DA:661,0
DA:663,0
DA:664,0
DA:665,0
DA:666,0
DA:667,0
DA:669,0
DA:670,0
DA:671,0
DA:672,0
DA:673,0
DA:682,0
DA:685,0
DA:686,0
DA:687,0
DA:688,0
DA:690,0
DA:691,0
DA:692,0
DA:693,0
DA:694,0
DA:695,0
DA:696,0
DA:698,0
DA:700,0
DA:702,0
DA:704,0
DA:706,0
DA:708,0
DA:711,0
DA:712,0
DA:720,0
DA:721,0
DA:722,0
DA:723,0
DA:724,0
DA:730,0
DA:731,0
DA:732,0
DA:733,0
DA:734,0
DA:735,0
DA:736,0
DA:737,0
DA:739,0
DA:740,0
DA:741,0
DA:742,0
DA:743,0
DA:744,0
DA:745,0
DA:751,0
DA:753,0
DA:755,0
DA:756,0
DA:759,0
DA:760,0
DA:765,0
DA:766,0
DA:772,0
DA:773,0
DA:776,0
DA:777,0
DA:782,0
DA:784,0
DA:785,0
DA:786,0
DA:787,0
DA:788,0
DA:790,0
DA:791,0
DA:792,0
DA:794,0
DA:795,0
DA:797,0
DA:802,0
DA:804,0
DA:809,0
DA:811,0
DA:812,0
DA:813,0
DA:814,0
DA:816,0
DA:817,0
DA:822,0
DA:823,0
DA:826,0
DA:827,0
DA:832,0
DA:833,0
DA:834,0
DA:835,0
DA:836,0
DA:838,0
DA:842,0
DA:843,0
DA:844,0
DA:845,0
DA:846,0
DA:847,0
DA:851,0
DA:852,0
DA:853,0
DA:854,0
DA:855,0
DA:859,0
DA:860,0
DA:861,0
DA:862,0
DA:863,0
DA:864,0
DA:865,0
DA:867,0
DA:868,0
DA:869,0
DA:872,0
DA:876,0
DA:877,0
DA:879,0
DA:880,0
DA:881,0
DA:885,0
DA:887,0
DA:889,0
DA:891,0
DA:895,0
DA:899,0
DA:903,0
DA:907,0
DA:911,0
DA:919,0
DA:920,0
DA:921,0
DA:922,0
DA:927,0
DA:929,0
DA:930,0
DA:931,0
DA:932,0
DA:933,0
DA:938,0
DA:941,0
DA:942,0
DA:943,0
DA:944,0
DA:949,0
DA:953,0
DA:954,0
DA:955,0
DA:959,0
DA:961,0
DA:963,0
DA:964,0
DA:969,0
DA:970,0
DA:972,0
DA:974,0
DA:979,0
DA:981,0
DA:982,0
DA:983,0
DA:984,0
DA:985,0
DA:987,0
DA:988,0
DA:989,0
DA:990,0
DA:992,0
DA:993,0
DA:995,0
DA:996,0
DA:997,0
DA:998,0
DA:1006,0
DA:1007,0
DA:1008,0
DA:1009,0
DA:1010,0
DA:1016,0
DA:1017,0
DA:1019,0
DA:1020,0
DA:1021,0
DA:1022,0
DA:1023,0
DA:1026,0
DA:1027,0
DA:1030,0
DA:1034,0
DA:1035,0
DA:1036,0
DA:1040,0
DA:1041,0
DA:1042,0
DA:1047,0
DA:1048,0
DA:1049,0
DA:1054,0
DA:1055,0
DA:1059,0
LF:435
LH:14
BRDA:82,0,0,0
BRDA:82,0,1,0
BRDA:84,1,0,0
BRDA:118,2,0,0
BRDA:118,2,1,0
BRDA:121,3,0,0
BRDA:121,3,1,0
BRDA:121,4,0,0
BRDA:121,4,1,0
BRDA:122,5,0,0
BRDA:122,5,1,0
BRDA:124,6,0,0
BRDA:124,6,1,0
BRDA:125,7,0,0
BRDA:135,8,0,0
BRDA:135,8,1,0
BRDA:190,9,0,0
BRDA:190,9,1,0
BRDA:193,10,0,0
BRDA:193,10,1,0
BRDA:193,11,0,0
BRDA:193,11,1,0
BRDA:194,12,0,0
BRDA:194,12,1,0
BRDA:196,13,0,0
BRDA:196,13,1,0
BRDA:197,14,0,0
BRDA:207,15,0,0
BRDA:207,15,1,0
BRDA:314,16,0,0
BRDA:314,16,1,0
BRDA:317,17,0,0
BRDA:317,17,1,0
BRDA:317,18,0,0
BRDA:317,18,1,0
BRDA:318,19,0,0
BRDA:318,19,1,0
BRDA:320,20,0,0
BRDA:320,20,1,0
BRDA:321,21,0,0
BRDA:331,22,0,0
BRDA:331,22,1,0
BRDA:414,23,0,0
BRDA:414,23,1,0
BRDA:417,24,0,0
BRDA:417,24,1,0
BRDA:417,25,0,0
BRDA:417,25,1,0
BRDA:418,26,0,0
BRDA:418,26,1,0
BRDA:420,27,0,0
BRDA:420,27,1,0
BRDA:421,28,0,0
BRDA:431,29,0,0
BRDA:431,29,1,0
BRDA:433,30,0,0
BRDA:433,30,1,0
BRDA:439,31,0,0
BRDA:483,32,0,0
BRDA:483,32,1,0
BRDA:496,33,0,0
BRDA:496,33,1,0
BRDA:503,34,0,0
BRDA:503,34,1,0
BRDA:522,35,0,0
BRDA:522,35,1,0
BRDA:537,36,0,0
BRDA:537,36,1,0
BRDA:549,37,0,0
BRDA:549,37,1,0
BRDA:562,38,0,0
BRDA:562,38,1,0
BRDA:564,39,0,0
BRDA:564,40,0,0
BRDA:564,40,1,0
BRDA:568,41,0,0
BRDA:568,41,1,0
BRDA:569,42,0,0
BRDA:569,42,1,0
BRDA:569,42,2,0
BRDA:573,43,0,0
BRDA:573,43,1,0
BRDA:574,44,0,0
BRDA:574,44,1,0
BRDA:575,45,0,0
BRDA:575,45,1,0
BRDA:577,46,0,0
BRDA:577,46,1,0
BRDA:579,47,0,0
BRDA:579,47,1,0
BRDA:581,48,0,0
BRDA:581,48,1,0
BRDA:582,49,0,0
BRDA:582,49,1,0
BRDA:584,50,0,0
BRDA:584,50,1,0
BRDA:587,51,0,0
BRDA:587,51,1,0
BRDA:598,52,0,0
BRDA:598,52,1,0
BRDA:599,53,0,0
BRDA:599,53,1,0
BRDA:603,54,0,0
BRDA:603,54,1,0
BRDA:604,55,0,0
BRDA:604,55,1,0
BRDA:608,56,0,0
BRDA:608,56,1,0
BRDA:611,57,0,0
BRDA:613,58,0,0
BRDA:613,58,1,0
BRDA:618,59,0,0
BRDA:623,60,0,0
BRDA:623,60,1,0
BRDA:625,61,0,0
BRDA:625,61,1,0
BRDA:627,62,0,0
BRDA:627,62,1,0
BRDA:630,63,0,0
BRDA:630,63,1,0
BRDA:630,64,0,0
BRDA:630,64,1,0
BRDA:630,64,2,0
BRDA:640,65,0,0
BRDA:640,65,1,0
BRDA:642,66,0,0
BRDA:642,66,1,0
BRDA:644,67,0,0
BRDA:644,67,1,0
BRDA:645,68,0,0
BRDA:645,68,1,0
BRDA:645,68,2,0
BRDA:645,68,3,0
BRDA:645,68,4,0
BRDA:645,68,5,0
BRDA:645,68,6,0
BRDA:653,69,0,0
BRDA:653,69,1,0
BRDA:660,70,0,0
BRDA:660,70,1,0
BRDA:662,71,0,0
BRDA:662,71,1,0
BRDA:668,72,0,0
BRDA:668,72,1,0
BRDA:670,73,0,0
BRDA:670,73,1,0
BRDA:682,74,0,0
BRDA:682,74,1,0
BRDA:685,75,0,0
BRDA:685,75,1,0
BRDA:685,76,0,0
BRDA:685,76,1,0
BRDA:689,77,0,0
BRDA:689,77,1,0
BRDA:690,78,0,0
BRDA:690,78,1,0
BRDA:691,79,0,0
BRDA:691,79,1,0
BRDA:692,80,0,0
BRDA:692,80,1,0
BRDA:693,81,0,0
BRDA:693,81,1,0
BRDA:697,82,0,0
BRDA:697,82,1,0
BRDA:699,83,0,0
BRDA:699,83,1,0
BRDA:701,84,0,0
BRDA:701,84,1,0
BRDA:703,85,0,0
BRDA:703,85,1,0
BRDA:705,86,0,0
BRDA:705,86,1,0
BRDA:707,87,0,0
BRDA:707,87,1,0
BRDA:709,88,0,0
BRDA:709,88,1,0
BRDA:713,89,0,0
BRDA:713,89,1,0
BRDA:713,90,0,0
BRDA:713,90,1,0
BRDA:713,90,2,0
BRDA:715,91,0,0
BRDA:715,91,1,0
BRDA:717,92,0,0
BRDA:717,92,1,0
BRDA:720,93,0,0
BRDA:720,93,1,0
BRDA:721,94,0,0
BRDA:721,94,1,0
BRDA:723,95,0,0
BRDA:723,95,1,0
BRDA:725,96,0,0
BRDA:725,96,1,0
BRDA:725,97,0,0
BRDA:725,97,1,0
BRDA:725,97,2,0
BRDA:727,98,0,0
BRDA:727,98,1,0
BRDA:730,99,0,0
BRDA:730,99,1,0
BRDA:731,100,0,0
BRDA:731,100,1,0
BRDA:738,101,0,0
BRDA:738,101,1,0
BRDA:738,102,0,0
BRDA:738,102,1,0
BRDA:746,103,0,0
BRDA:746,103,1,0
BRDA:746,104,0,0
BRDA:746,104,1,0
BRDA:748,105,0,0
BRDA:748,105,1,0
BRDA:748,106,0,0
BRDA:748,106,1,0
BRDA:752,107,0,0
BRDA:752,107,1,0
BRDA:752,108,0,0
BRDA:752,108,1,0
BRDA:754,109,0,0
BRDA:754,109,1,0
BRDA:754,110,0,0
BRDA:754,110,1,0
BRDA:757,111,0,0
BRDA:757,111,1,0
BRDA:767,112,0,0
BRDA:767,112,1,0
BRDA:768,113,0,0
BRDA:768,113,1,0
BRDA:774,114,0,0
BRDA:774,114,1,0
BRDA:783,115,0,0
BRDA:783,115,1,0
BRDA:790,116,0,0
BRDA:790,116,1,0
BRDA:791,117,0,0
BRDA:791,118,0,0
BRDA:791,118,1,0
BRDA:791,118,2,0
BRDA:794,119,0,0
BRDA:794,120,0,0
BRDA:794,120,1,0
BRDA:794,120,2,0
BRDA:797,121,0,0
BRDA:798,122,0,0
BRDA:798,122,1,0
BRDA:798,122,2,0
BRDA:804,123,0,0
BRDA:805,124,0,0
BRDA:805,124,1,0
BRDA:805,124,2,0
BRDA:812,125,0,0
BRDA:814,126,0,0
BRDA:814,126,1,0
BRDA:824,127,0,0
BRDA:824,127,1,0
BRDA:834,128,0,0
BRDA:834,128,1,0
BRDA:835,129,0,0
BRDA:835,129,1,0
BRDA:837,130,0,0
BRDA:837,130,1,0
BRDA:838,131,0,0
BRDA:838,131,1,0
BRDA:842,132,0,0
BRDA:844,133,0,0
BRDA:848,134,0,0
BRDA:848,134,1,0
BRDA:856,135,0,0
BRDA:856,135,1,0
BRDA:866,136,0,0
BRDA:866,136,1,0
BRDA:885,137,0,0
BRDA:885,137,1,0
BRDA:887,138,0,0
BRDA:889,139,0,0
BRDA:889,140,0,0
BRDA:889,140,1,0
BRDA:910,141,0,0
BRDA:910,142,0,0
BRDA:911,143,0,0
BRDA:911,143,1,0
BRDA:912,144,0,0
BRDA:912,144,1,0
BRDA:912,144,2,0
BRDA:912,144,3,0
BRDA:912,144,4,0
BRDA:912,144,5,0
BRDA:929,145,0,0
BRDA:929,145,1,0
BRDA:929,146,0,0
BRDA:929,146,1,0
BRDA:953,147,0,0
BRDA:953,147,1,0
BRDA:969,148,0,0
BRDA:979,149,0,0
BRDA:1006,150,0,0
BRDA:1006,151,0,0
BRDA:1006,151,1,0
BRDA:1016,152,0,0
BRDA:1016,152,1,0
BRDA:1040,153,0,0
BRDA:1047,154,0,0
BRF:302
BRH:0
end_of_record
TN:
SF:src/push/types.ts
FN:1,(anonymous_0)
FN:22,(anonymous_1)
FN:44,(anonymous_2)
FN:50,(anonymous_3)
FN:63,(anonymous_4)
FN:82,(anonymous_5)
FN:113,(anonymous_6)
FN:122,(anonymous_7)
FN:133,(anonymous_8)
FN:145,(anonymous_9)
FN:160,(anonymous_10)
FN:186,(anonymous_11)
FN:200,(anonymous_12)
FN:205,(anonymous_13)
FN:211,(anonymous_14)
FN:216,(anonymous_15)
FN:224,(anonymous_16)
FN:233,(anonymous_17)
FNF:18
FNH:18
FNDA:2,(anonymous_0)
FNDA:2,(anonymous_1)
FNDA:2,(anonymous_2)
FNDA:2,(anonymous_3)
FNDA:2,(anonymous_4)
FNDA:2,(anonymous_5)
FNDA:2,(anonymous_6)
FNDA:2,(anonymous_7)
FNDA:2,(anonymous_8)
FNDA:2,(anonymous_9)
FNDA:2,(anonymous_10)
FNDA:2,(anonymous_11)
FNDA:2,(anonymous_12)
FNDA:2,(anonymous_13)
FNDA:2,(anonymous_14)
FNDA:2,(anonymous_15)
FNDA:2,(anonymous_16)
FNDA:2,(anonymous_17)
DA:1,2
DA:2,2
DA:3,2
DA:4,2
DA:5,2
DA:6,2
DA:7,2
DA:8,2
DA:9,2
DA:10,2
DA:11,2
DA:12,2
DA:13,2
DA:14,2
DA:15,2
DA:16,2
DA:17,2
DA:18,2
DA:19,2
DA:22,2
DA:23,2
DA:24,2
DA:25,2
DA:26,2
DA:27,2
DA:28,2
DA:29,2
DA:30,2
DA:31,2
DA:32,2
DA:33,2
DA:34,2
DA:35,2
DA:36,2
DA:37,2
DA:38,2
DA:39,2
DA:40,2
DA:41,2
DA:44,2
DA:45,2
DA:46,2
DA:47,2
DA:50,2
DA:51,2
DA:52,2
DA:53,2
DA:54,2
DA:55,2
DA:56,2
DA:57,2
DA:58,2
DA:59,2
DA:60,2
DA:63,2
DA:64,2
DA:65,2
DA:66,2
DA:67,2
DA:69,2
DA:71,2
DA:72,2
DA:73,2
DA:74,2
DA:75,2
DA:76,2
DA:77,2
DA:78,2
DA:79,2
DA:82,2
DA:83,2
DA:84,2
DA:85,2
DA:86,2
DA:87,2
DA:88,2
DA:89,2
DA:90,2
DA:91,2
DA:92,2
DA:93,2
DA:94,2
DA:95,2
DA:97,2
DA:98,2
DA:99,2
DA:100,2
DA:101,2
DA:102,2
DA:103,2
DA:104,2
DA:105,2
DA:106,2
DA:108,2
DA:109,2
DA:110,2
DA:113,2
DA:114,2
DA:115,2
DA:116,2
DA:117,2
DA:118,2
DA:119,2
DA:122,2
DA:123,2
DA:124,2
DA:125,2
DA:126,2
DA:127,2
DA:128,2
DA:129,2
DA:130,2
DA:133,2
DA:134,2
DA:135,2
DA:136,2
DA:137,2
DA:138,2
DA:139,2
DA:140,2
DA:141,2
DA:142,2
DA:145,2
DA:146,2
DA:147,2
DA:148,2
DA:149,2
DA:150,2
DA:151,2
DA:152,2
DA:153,2
DA:154,2
DA:155,2
DA:156,2
DA:157,2
DA:160,2
DA:161,2
DA:162,2
DA:163,2
DA:164,2
DA:165,2
DA:166,2
DA:167,2
DA:168,2
DA:169,2
DA:170,2
DA:171,2
DA:172,2
DA:173,2
DA:174,2
DA:175,2
DA:176,2
DA:177,2
DA:178,2
DA:179,2
DA:180,2
DA:181,2
DA:182,2
DA:183,2
DA:186,2
DA:187,2
DA:188,2
DA:189,2
DA:190,2
DA:191,2
DA:192,2
DA:193,2
DA:194,2
DA:195,2
DA:196,2
DA:197,2
DA:200,2
DA:201,2
DA:202,2
DA:205,2
DA:206,2
DA:207,2
DA:208,2
DA:211,2
DA:212,2
DA:213,2
DA:216,2
DA:217,2
DA:218,2
DA:219,2
DA:220,2
DA:221,2
DA:224,2
DA:225,2
DA:226,2
DA:227,2
DA:228,2
DA:229,2
DA:230,2
DA:233,2
DA:234,2
DA:235,2
DA:236,2
DA:237,2
DA:238,2
LF:200
LH:200
BRDA:1,0,0,2
BRDA:1,0,1,2
BRDA:22,1,0,2
BRDA:22,1,1,2
BRDA:44,2,0,2
BRDA:44,2,1,2
BRDA:50,3,0,2
BRDA:50,3,1,2
BRDA:63,4,0,2
BRDA:63,4,1,2
BRDA:82,5,0,2
BRDA:82,5,1,2
BRDA:113,6,0,2
BRDA:113,6,1,2
BRDA:122,7,0,2
BRDA:122,7,1,2
BRDA:133,8,0,2
BRDA:133,8,1,2
BRDA:145,9,0,2
BRDA:145,9,1,2
BRDA:160,10,0,2
BRDA:160,10,1,2
BRDA:186,11,0,2
BRDA:186,11,1,2
BRDA:200,12,0,2
BRDA:200,12,1,2
BRDA:205,13,0,2
BRDA:205,13,1,2
BRDA:211,14,0,2
BRDA:211,14,1,2
BRDA:216,15,0,2
BRDA:216,15,1,2
BRDA:224,16,0,2
BRDA:224,16,1,2
BRDA:233,17,0,2
BRDA:233,17,1,2
BRF:36
BRH:36
end_of_record
TN:
SF:src/push/utils.ts
FN:11,generateFid
FN:29,(anonymous_10)
FN:64,(anonymous_11)
FN:76,(anonymous_12)
FN:77,(anonymous_13)
FN:82,convertTimestampMs
FNF:6
FNH:0
FNDA:0,generateFid
FNDA:0,(anonymous_10)
FNDA:0,(anonymous_11)
FNDA:0,(anonymous_12)
FNDA:0,(anonymous_13)
FNDA:0,convertTimestampMs
DA:1,1
DA:2,1
DA:3,1
DA:6,1
DA:7,1
DA:9,1
DA:11,1
DA:12,0
DA:13,0
DA:16,0
DA:18,0
DA:19,0
DA:20,0
DA:22,0
DA:23,0
DA:24,0
DA:26,0
DA:29,1
DA:30,0
DA:31,0
DA:33,0
DA:60,0
DA:61,0
DA:64,1
DA:65,0
DA:66,0
DA:67,0
DA:68,0
DA:73,0
DA:76,1
DA:77,0
DA:78,0
DA:82,1
DA:83,0
DA:84,0
DA:86,0
LF:36
LH:11
BRDA:22,0,0,0
BRDA:83,1,0,0
BRF:2
BRH:0
end_of_record
